#
# There is insufficient memory for the Java Runtime Environment to continue.
# Native memory allocation (malloc) failed to allocate 288080 bytes for Chunk::new
# Possible reasons:
#   The system is out of physical RAM or swap space
#   The process is running with CompressedOops enabled, and the Java Heap may be blocking the growth of the native heap
# Possible solutions:
#   Reduce memory load on the system
#   Increase physical memory or swap space
#   Check if swap backing store is full
#   Decrease Java heap size (-Xmx/-Xms)
#   Decrease number of Java threads
#   Decrease Java thread stack sizes (-Xss)
#   Set larger code cache with -XX:ReservedCodeCacheSize=
#   JVM is running with Unscaled Compressed Oops mode in which the Java heap is
#     placed in the first 4GB address space. The Java Heap base address is the
#     maximum limit for the native heap growth. Please use -XX:HeapBaseMinAddress
#     to set the Java Heap base and to place the Java Heap above 4GB virtual address.
# This output file may be truncated or incomplete.
#
#  Out of Memory Error (t:/workspace/open/src/hotspot/share/memory/arena.cpp:197), pid=45148, tid=45552
#
# JRE version: OpenJDK Runtime Environment (11.0.2+9) (build 11.0.2+9)
# Java VM: OpenJDK 64-Bit Server VM (11.0.2+9, mixed mode, tiered, compressed oops, g1 gc, windows-amd64)
# No core dump will be written. Minidumps are not enabled by default on client versions of Windows
#

---------------  S U M M A R Y ------------

Command Line: -XX:MaxMetaspaceSize=512m --add-opens=java.base/java.util=ALL-UNNAMED --add-opens=java.base/java.lang=ALL-UNNAMED --add-opens=java.base/java.lang.invoke=ALL-UNNAMED --add-opens=java.prefs/java.util.prefs=ALL-UNNAMED --add-opens=java.base/java.nio.charset=ALL-UNNAMED --add-opens=java.base/java.net=ALL-UNNAMED --add-opens=java.base/java.util.concurrent.atomic=ALL-UNNAMED -Xmx2048m -Dfile.encoding=windows-1252 -Duser.country=IN -Duser.language=en -Duser.variant org.gradle.launcher.daemon.bootstrap.GradleDaemon 8.0.1

Host: 12th Gen Intel(R) Core(TM) i5-12500H, 16 cores, 15G,  Windows 10 , 64 bit Build 22621 (10.0.22621.3672)
Time: Fri Jul  5 11:38:23 2024 India Standard Time elapsed time: 55 seconds (0d 0h 0m 55s)

---------------  T H R E A D  ---------------

Current thread (0x00000258732eb800):  JavaThread "C2 CompilerThread0" daemon [_thread_in_native, id=45552, stack(0x000000baeeb00000,0x000000baeec00000)]


Current CompileTask:
C2:  55475 4207       4       groovy.lang.MetaClassImpl$1MOPIter::methodNameAction (325 bytes)

Stack: [0x000000baeeb00000,0x000000baeec00000]
Native frames: (J=compiled Java code, j=interpreted, Vv=VM code, C=native code)
V  [jvm.dll+0x63489a]
V  [jvm.dll+0x771f9f]
V  [jvm.dll+0x773648]
V  [jvm.dll+0x773d03]
V  [jvm.dll+0x25eba8]
V  [jvm.dll+0xc2191]
V  [jvm.dll+0xc271c]
V  [jvm.dll+0x5c406b]
V  [jvm.dll+0x5c721c]
V  [jvm.dll+0x21886d]
V  [jvm.dll+0x217b6a]
V  [jvm.dll+0x194370]
V  [jvm.dll+0x226b3f]
V  [jvm.dll+0x225148]
V  [jvm.dll+0x73774d]
V  [jvm.dll+0x633942]
C  [ucrtbase.dll+0x29333]
C  [KERNEL32.DLL+0x1257d]
C  [ntdll.dll+0x5af28]


---------------  P R O C E S S  ---------------

Threads class SMR info:
_java_thread_list=0x00000258771cfa30, length=36, elements={
0x0000025853221000, 0x000002587329b000, 0x000002587329c000, 0x0000025873297000,
0x00000258732ea800, 0x00000258732eb800, 0x00000258732ef800, 0x00000258732f2800,
0x000002587348d000, 0x0000025873492800, 0x0000025875af8000, 0x00000258747fd800,
0x0000025874f0f000, 0x0000025875b16800, 0x00000258757d6000, 0x00000258757d7000,
0x00000258746c8800, 0x00000258746c9000, 0x0000025874823800, 0x0000025873821800,
0x0000025873822800, 0x0000025873823000, 0x0000025873824000, 0x0000025873820000,
0x000002587381e000, 0x0000025873824800, 0x000002587381f000, 0x0000025873820800,
0x0000025875d1d800, 0x0000025875d18800, 0x0000025875d1c800, 0x0000025875d1a000,
0x0000025875d1b000, 0x0000025875d19000, 0x0000025875d21800, 0x0000025875d1b800
}

Java Threads: ( => current thread )
  0x0000025853221000 JavaThread "main" [_thread_blocked, id=24580, stack(0x000000baee000000,0x000000baee100000)]
  0x000002587329b000 JavaThread "Reference Handler" daemon [_thread_blocked, id=45640, stack(0x000000baee700000,0x000000baee800000)]
  0x000002587329c000 JavaThread "Finalizer" daemon [_thread_blocked, id=44820, stack(0x000000baee800000,0x000000baee900000)]
  0x0000025873297000 JavaThread "Signal Dispatcher" daemon [_thread_blocked, id=46040, stack(0x000000baee900000,0x000000baeea00000)]
  0x00000258732ea800 JavaThread "Attach Listener" daemon [_thread_blocked, id=38740, stack(0x000000baeea00000,0x000000baeeb00000)]
=>0x00000258732eb800 JavaThread "C2 CompilerThread0" daemon [_thread_in_native, id=45552, stack(0x000000baeeb00000,0x000000baeec00000)]
  0x00000258732ef800 JavaThread "C1 CompilerThread0" daemon [_thread_blocked, id=35024, stack(0x000000baeec00000,0x000000baeed00000)]
  0x00000258732f2800 JavaThread "Sweeper thread" daemon [_thread_blocked, id=41844, stack(0x000000baeed00000,0x000000baeee00000)]
  0x000002587348d000 JavaThread "Common-Cleaner" daemon [_thread_blocked, id=42996, stack(0x000000baef100000,0x000000baef200000)]
  0x0000025873492800 JavaThread "Service Thread" daemon [_thread_blocked, id=12552, stack(0x000000baef200000,0x000000baef300000)]
  0x0000025875af8000 JavaThread "Daemon health stats" [_thread_blocked, id=26852, stack(0x000000baefb00000,0x000000baefc00000)]
  0x00000258747fd800 JavaThread "Incoming local TCP Connector on port 61322" [_thread_in_native, id=45716, stack(0x000000baef400000,0x000000baef500000)]
  0x0000025874f0f000 JavaThread "Daemon periodic checks" [_thread_blocked, id=35556, stack(0x000000baef500000,0x000000baef600000)]
  0x0000025875b16800 JavaThread "Daemon" [_thread_blocked, id=15676, stack(0x000000baefc00000,0x000000baefd00000)]
  0x00000258757d6000 JavaThread "Handler for socket connection from /127.0.0.1:61322 to /127.0.0.1:61323" [_thread_in_native, id=9868, stack(0x000000baefd00000,0x000000baefe00000)]
  0x00000258757d7000 JavaThread "Cancel handler" [_thread_blocked, id=44184, stack(0x000000baefe00000,0x000000baeff00000)]
  0x00000258746c8800 JavaThread "Daemon worker" [_thread_in_native_trans, id=32064, stack(0x000000baeff00000,0x000000baf0000000)]
  0x00000258746c9000 JavaThread "Asynchronous log dispatcher for DefaultDaemonConnection: socket connection from /127.0.0.1:61322 to /127.0.0.1:61323" [_thread_blocked, id=45700, stack(0x000000baf0000000,0x000000baf0100000)]
  0x0000025874823800 JavaThread "Stdin handler" [_thread_blocked, id=34760, stack(0x000000baf0100000,0x000000baf0200000)]
  0x0000025873821800 JavaThread "Daemon client event forwarder" [_thread_blocked, id=38244, stack(0x000000baf0200000,0x000000baf0300000)]
  0x0000025873822800 JavaThread "Cache worker for journal cache (C:\Users\Asus\.gradle\caches\journal-1)" [_thread_blocked, id=41124, stack(0x000000baf0300000,0x000000baf0400000)]
  0x0000025873823000 JavaThread "File lock request listener" [_thread_in_native, id=27292, stack(0x000000baf0400000,0x000000baf0500000)]
  0x0000025873824000 JavaThread "File lock release action executor" [_thread_blocked, id=35060, stack(0x000000baeef00000,0x000000baef000000)]
  0x0000025873820000 JavaThread "Cache worker for file hash cache (C:\Users\Asus\.gradle\caches\8.0.1\fileHashes)" [_thread_blocked, id=45084, stack(0x000000baef000000,0x000000baef100000)]
  0x000002587381e000 JavaThread "File watcher server" daemon [_thread_in_native, id=8200, stack(0x000000baf1100000,0x000000baf1200000)]
  0x0000025873824800 JavaThread "File watcher consumer" daemon [_thread_blocked, id=45956, stack(0x000000baf0f00000,0x000000baf1000000)]
  0x000002587381f000 JavaThread "Cache worker for checksums cache (C:\Users\Asus\Desktop\ReactNativeProjects-master\omStoreMain\android\.gradle\8.0.1\checksums)" [_thread_blocked, id=30116, stack(0x000000baf1000000,0x000000baf1100000)]
  0x0000025873820800 JavaThread "Cache worker for cache directory md-rule (C:\Users\Asus\.gradle\caches\8.0.1\md-rule)" [_thread_blocked, id=15848, stack(0x000000baf1200000,0x000000baf1300000)]
  0x0000025875d1d800 JavaThread "Cache worker for file content cache (C:\Users\Asus\.gradle\caches\8.0.1\fileContent)" [_thread_blocked, id=45196, stack(0x000000baf1300000,0x000000baf1400000)]
  0x0000025875d18800 JavaThread "Cache worker for file hash cache (C:\Users\Asus\Desktop\ReactNativeProjects-master\omStoreMain\android\.gradle\8.0.1\fileHashes)" [_thread_blocked, id=30480, stack(0x000000baf1400000,0x000000baf1500000)]
  0x0000025875d1c800 JavaThread "Cache worker for cache directory md-supplier (C:\Users\Asus\.gradle\caches\8.0.1\md-supplier)" [_thread_blocked, id=43260, stack(0x000000baf1500000,0x000000baf1600000)]
  0x0000025875d1a000 JavaThread "Cache worker for execution history cache (C:\Users\Asus\.gradle\caches\8.0.1\executionHistory)" [_thread_blocked, id=38540, stack(0x000000baf1600000,0x000000baf1700000)]
  0x0000025875d1b000 JavaThread "jar transforms" [_thread_blocked, id=45020, stack(0x000000baf1800000,0x000000baf1900000)]
  0x0000025875d19000 JavaThread "jar transforms Thread 2" [_thread_blocked, id=43980, stack(0x000000baf1700000,0x000000baf1800000)]
  0x0000025875d21800 JavaThread "jar transforms Thread 3" [_thread_blocked, id=39648, stack(0x000000baf1900000,0x000000baf1a00000)]
  0x0000025875d1b800 JavaThread "jar transforms Thread 4" [_thread_blocked, id=40204, stack(0x000000baf1a00000,0x000000baf1b00000)]

Other Threads:
  0x000002587327b800 VMThread "VM Thread" [stack: 0x000000baee600000,0x000000baee700000] [id=18320]
  0x000002587349d000 WatcherThread [stack: 0x000000baef300000,0x000000baef400000] [id=43336]
  0x0000025853237800 GCTaskThread "GC Thread#0" [stack: 0x000000baee100000,0x000000baee200000] [id=36900]
  0x0000025875120800 GCTaskThread "GC Thread#1" [stack: 0x000000baef600000,0x000000baef700000] [id=43788]
  0x0000025873c3c800 GCTaskThread "GC Thread#2" [stack: 0x000000baef700000,0x000000baef800000] [id=43812]
  0x0000025874911800 GCTaskThread "GC Thread#3" [stack: 0x000000baef800000,0x000000baef900000] [id=43816]
  0x00000258743b0800 GCTaskThread "GC Thread#4" [stack: 0x000000baef900000,0x000000baefa00000] [id=43820]
  0x00000258743b1800 GCTaskThread "GC Thread#5" [stack: 0x000000baefa00000,0x000000baefb00000] [id=43824]
  0x000002587444b800 GCTaskThread "GC Thread#6" [stack: 0x000000baf0500000,0x000000baf0600000] [id=28384]
  0x00000258743c9800 GCTaskThread "GC Thread#7" [stack: 0x000000baf0600000,0x000000baf0700000] [id=38992]
  0x00000258743c4800 GCTaskThread "GC Thread#8" [stack: 0x000000baf0700000,0x000000baf0800000] [id=32632]
  0x0000025875504000 GCTaskThread "GC Thread#9" [stack: 0x000000baf0800000,0x000000baf0900000] [id=36512]
  0x0000025875504800 GCTaskThread "GC Thread#10" [stack: 0x000000baf0900000,0x000000baf0a00000] [id=35504]
  0x0000025875abf800 GCTaskThread "GC Thread#11" [stack: 0x000000baf0a00000,0x000000baf0b00000] [id=17596]
  0x0000025875ac0000 GCTaskThread "GC Thread#12" [stack: 0x000000baf0b00000,0x000000baf0c00000] [id=33168]
  0x0000025853267000 ConcurrentGCThread "G1 Main Marker" [stack: 0x000000baee200000,0x000000baee300000] [id=3744]
  0x0000025853268000 ConcurrentGCThread "G1 Conc#0" [stack: 0x000000baee300000,0x000000baee400000] [id=42856]
  0x00000258744f1000 ConcurrentGCThread "G1 Conc#1" [stack: 0x000000baf0c00000,0x000000baf0d00000] [id=37124]
  0x0000025874dde000 ConcurrentGCThread "G1 Conc#2" [stack: 0x000000baf0e00000,0x000000baf0f00000] [id=42808]
  0x00000258728ed000 ConcurrentGCThread "G1 Refine#0" [stack: 0x000000baee400000,0x000000baee500000] [id=9240]
  0x0000025874ddd800 ConcurrentGCThread "G1 Refine#1" [stack: 0x000000baf0d00000,0x000000baf0e00000] [id=7132]
  0x00000258728ee000 ConcurrentGCThread "G1 Young RemSet Sampling" [stack: 0x000000baee500000,0x000000baee600000] [id=20472]

Threads with active compile tasks:
C2 CompilerThread04207       4       groovy.lang.MetaClassImpl$1MOPIter::methodNameAction (325 bytes)

VM state:not at safepoint (normal execution)

VM Mutex/Monitor currently owned by a thread: None

Heap address: 0x0000000080000000, size: 2048 MB, Compressed Oops mode: 32-bit
Narrow klass base: 0x0000000000000000, Narrow klass shift: 3
Compressed class space size: 528482304 Address: 0x0000000100000000

Heap:
 garbage-first heap   total 258048K, used 105889K [0x0000000080000000, 0x0000000100000000)
  region size 1024K, 84 young (86016K), 6 survivors (6144K)
 Metaspace       used 41891K, capacity 42993K, committed 43184K, reserved 555008K
  class space    used 5323K, capacity 5771K, committed 5888K, reserved 516096K
Heap Regions: E=young(eden), S=young(survivor), O=old, HS=humongous(starts), HC=humongous(continues), CS=collection set, F=free, A=archive, TAMS=top-at-mark-start (previous, next)
|   0|0x0000000080000000, 0x0000000080100000, 0x0000000080100000|100%|HS|  |TAMS 0x0000000080100000, 0x0000000080000000| Complete 
|   1|0x0000000080100000, 0x0000000080200000, 0x0000000080200000|100%|HC|  |TAMS 0x0000000080200000, 0x0000000080100000| Complete 
|   2|0x0000000080200000, 0x0000000080300000, 0x0000000080300000|100%|HC|  |TAMS 0x0000000080300000, 0x0000000080200000| Complete 
|   3|0x0000000080300000, 0x0000000080400000, 0x0000000080400000|100%|HC|  |TAMS 0x0000000080400000, 0x0000000080300000| Complete 
|   4|0x0000000080400000, 0x0000000080500000, 0x0000000080500000|100%| O|  |TAMS 0x0000000080500000, 0x0000000080400000| Untracked 
|   5|0x0000000080500000, 0x0000000080600000, 0x0000000080600000|100%| O|  |TAMS 0x0000000080600000, 0x0000000080500000| Untracked 
|   6|0x0000000080600000, 0x0000000080700000, 0x0000000080700000|100%| O|  |TAMS 0x0000000080700000, 0x0000000080600000| Untracked 
|   7|0x0000000080700000, 0x0000000080800000, 0x0000000080800000|100%| O|  |TAMS 0x0000000080800000, 0x0000000080700000| Untracked 
|   8|0x0000000080800000, 0x0000000080900000, 0x0000000080900000|100%| O|  |TAMS 0x0000000080900000, 0x0000000080800000| Untracked 
|   9|0x0000000080900000, 0x0000000080a00000, 0x0000000080a00000|100%| O|  |TAMS 0x0000000080a00000, 0x0000000080900000| Untracked 
|  10|0x0000000080a00000, 0x0000000080b00000, 0x0000000080b00000|100%| O|  |TAMS 0x0000000080b00000, 0x0000000080a00000| Untracked 
|  11|0x0000000080b00000, 0x0000000080c00000, 0x0000000080c00000|100%| O|  |TAMS 0x0000000080c00000, 0x0000000080b00000| Untracked 
|  12|0x0000000080c00000, 0x0000000080d00000, 0x0000000080d00000|100%| O|  |TAMS 0x0000000080d00000, 0x0000000080c00000| Untracked 
|  13|0x0000000080d00000, 0x0000000080e00000, 0x0000000080e00000|100%| O|  |TAMS 0x0000000080e00000, 0x0000000080d00000| Untracked 
|  14|0x0000000080e00000, 0x0000000080f00000, 0x0000000080f00000|100%| O|  |TAMS 0x0000000080f00000, 0x0000000080e00000| Untracked 
|  15|0x0000000080f00000, 0x0000000081000000, 0x0000000081000000|100%| O|  |TAMS 0x0000000081000000, 0x0000000080f00000| Untracked 
|  16|0x0000000081000000, 0x0000000081100000, 0x0000000081100000|100%| O|  |TAMS 0x0000000081100000, 0x0000000081000000| Untracked 
|  17|0x0000000081100000, 0x00000000811cfe00, 0x0000000081200000| 81%| O|  |TAMS 0x00000000811cfe00, 0x0000000081100000| Untracked 
|  18|0x0000000081200000, 0x0000000081300000, 0x0000000081300000|100%|HS|  |TAMS 0x0000000081200000, 0x0000000081200000| Complete 
|  19|0x0000000081300000, 0x0000000081400000, 0x0000000081400000|100%|HS|  |TAMS 0x0000000081300000, 0x0000000081300000| Complete 
|  20|0x0000000081400000, 0x0000000081500000, 0x0000000081500000|100%|HC|  |TAMS 0x0000000081400000, 0x0000000081400000| Complete 
|  21|0x0000000081500000, 0x0000000081500000, 0x0000000081600000|  0%| F|  |TAMS 0x0000000081500000, 0x0000000081500000| Untracked 
|  22|0x0000000081600000, 0x0000000081600000, 0x0000000081700000|  0%| F|  |TAMS 0x0000000081600000, 0x0000000081600000| Untracked 
|  23|0x0000000081700000, 0x0000000081700000, 0x0000000081800000|  0%| F|  |TAMS 0x0000000081700000, 0x0000000081700000| Untracked 
|  24|0x0000000081800000, 0x0000000081800000, 0x0000000081900000|  0%| F|  |TAMS 0x0000000081800000, 0x0000000081800000| Untracked 
|  25|0x0000000081900000, 0x0000000081900000, 0x0000000081a00000|  0%| F|  |TAMS 0x0000000081900000, 0x0000000081900000| Untracked 
|  26|0x0000000081a00000, 0x0000000081a00000, 0x0000000081b00000|  0%| F|  |TAMS 0x0000000081a00000, 0x0000000081a00000| Untracked 
|  27|0x0000000081b00000, 0x0000000081b00000, 0x0000000081c00000|  0%| F|  |TAMS 0x0000000081b00000, 0x0000000081b00000| Untracked 
|  28|0x0000000081c00000, 0x0000000081c00000, 0x0000000081d00000|  0%| F|  |TAMS 0x0000000081c00000, 0x0000000081c00000| Untracked 
|  29|0x0000000081d00000, 0x0000000081d00000, 0x0000000081e00000|  0%| F|  |TAMS 0x0000000081d00000, 0x0000000081d00000| Untracked 
|  30|0x0000000081e00000, 0x0000000081e00000, 0x0000000081f00000|  0%| F|  |TAMS 0x0000000081e00000, 0x0000000081e00000| Untracked 
|  31|0x0000000081f00000, 0x0000000081f00000, 0x0000000082000000|  0%| F|  |TAMS 0x0000000081f00000, 0x0000000081f00000| Untracked 
|  32|0x0000000082000000, 0x0000000082000000, 0x0000000082100000|  0%| F|  |TAMS 0x0000000082000000, 0x0000000082000000| Untracked 
|  33|0x0000000082100000, 0x0000000082100000, 0x0000000082200000|  0%| F|  |TAMS 0x0000000082100000, 0x0000000082100000| Untracked 
|  34|0x0000000082200000, 0x0000000082200000, 0x0000000082300000|  0%| F|  |TAMS 0x0000000082200000, 0x0000000082200000| Untracked 
|  35|0x0000000082300000, 0x0000000082300000, 0x0000000082400000|  0%| F|  |TAMS 0x0000000082300000, 0x0000000082300000| Untracked 
|  36|0x0000000082400000, 0x0000000082400000, 0x0000000082500000|  0%| F|  |TAMS 0x0000000082400000, 0x0000000082400000| Untracked 
|  37|0x0000000082500000, 0x0000000082500000, 0x0000000082600000|  0%| F|  |TAMS 0x0000000082500000, 0x0000000082500000| Untracked 
|  38|0x0000000082600000, 0x0000000082600000, 0x0000000082700000|  0%| F|  |TAMS 0x0000000082600000, 0x0000000082600000| Untracked 
|  39|0x0000000082700000, 0x0000000082700000, 0x0000000082800000|  0%| F|  |TAMS 0x0000000082700000, 0x0000000082700000| Untracked 
|  40|0x0000000082800000, 0x0000000082800000, 0x0000000082900000|  0%| F|  |TAMS 0x0000000082800000, 0x0000000082800000| Untracked 
|  41|0x0000000082900000, 0x0000000082900000, 0x0000000082a00000|  0%| F|  |TAMS 0x0000000082900000, 0x0000000082900000| Untracked 
|  42|0x0000000082a00000, 0x0000000082a00000, 0x0000000082b00000|  0%| F|  |TAMS 0x0000000082a00000, 0x0000000082a00000| Untracked 
|  43|0x0000000082b00000, 0x0000000082b00000, 0x0000000082c00000|  0%| F|  |TAMS 0x0000000082b00000, 0x0000000082b00000| Untracked 
|  44|0x0000000082c00000, 0x0000000082c00000, 0x0000000082d00000|  0%| F|  |TAMS 0x0000000082c00000, 0x0000000082c00000| Untracked 
|  45|0x0000000082d00000, 0x0000000082d00000, 0x0000000082e00000|  0%| F|  |TAMS 0x0000000082d00000, 0x0000000082d00000| Untracked 
|  46|0x0000000082e00000, 0x0000000082e00000, 0x0000000082f00000|  0%| F|  |TAMS 0x0000000082e00000, 0x0000000082e00000| Untracked 
|  47|0x0000000082f00000, 0x0000000082f00000, 0x0000000083000000|  0%| F|  |TAMS 0x0000000082f00000, 0x0000000082f00000| Untracked 
|  48|0x0000000083000000, 0x0000000083000000, 0x0000000083100000|  0%| F|  |TAMS 0x0000000083000000, 0x0000000083000000| Untracked 
|  49|0x0000000083100000, 0x0000000083100000, 0x0000000083200000|  0%| F|  |TAMS 0x0000000083100000, 0x0000000083100000| Untracked 
|  50|0x0000000083200000, 0x0000000083200000, 0x0000000083300000|  0%| F|  |TAMS 0x0000000083200000, 0x0000000083200000| Untracked 
|  51|0x0000000083300000, 0x0000000083300000, 0x0000000083400000|  0%| F|  |TAMS 0x0000000083300000, 0x0000000083300000| Untracked 
|  52|0x0000000083400000, 0x0000000083400000, 0x0000000083500000|  0%| F|  |TAMS 0x0000000083400000, 0x0000000083400000| Untracked 
|  53|0x0000000083500000, 0x0000000083500000, 0x0000000083600000|  0%| F|  |TAMS 0x0000000083500000, 0x0000000083500000| Untracked 
|  54|0x0000000083600000, 0x0000000083600000, 0x0000000083700000|  0%| F|  |TAMS 0x0000000083600000, 0x0000000083600000| Untracked 
|  55|0x0000000083700000, 0x0000000083700000, 0x0000000083800000|  0%| F|  |TAMS 0x0000000083700000, 0x0000000083700000| Untracked 
|  56|0x0000000083800000, 0x0000000083800000, 0x0000000083900000|  0%| F|  |TAMS 0x0000000083800000, 0x0000000083800000| Untracked 
|  57|0x0000000083900000, 0x0000000083900000, 0x0000000083a00000|  0%| F|  |TAMS 0x0000000083900000, 0x0000000083900000| Untracked 
|  58|0x0000000083a00000, 0x0000000083a00000, 0x0000000083b00000|  0%| F|  |TAMS 0x0000000083a00000, 0x0000000083a00000| Untracked 
|  59|0x0000000083b00000, 0x0000000083b00000, 0x0000000083c00000|  0%| F|  |TAMS 0x0000000083b00000, 0x0000000083b00000| Untracked 
|  60|0x0000000083c00000, 0x0000000083c00000, 0x0000000083d00000|  0%| F|  |TAMS 0x0000000083c00000, 0x0000000083c00000| Untracked 
|  61|0x0000000083d00000, 0x0000000083d00000, 0x0000000083e00000|  0%| F|  |TAMS 0x0000000083d00000, 0x0000000083d00000| Untracked 
|  62|0x0000000083e00000, 0x0000000083e00000, 0x0000000083f00000|  0%| F|  |TAMS 0x0000000083e00000, 0x0000000083e00000| Untracked 
|  63|0x0000000083f00000, 0x0000000083f00000, 0x0000000084000000|  0%| F|  |TAMS 0x0000000083f00000, 0x0000000083f00000| Untracked 
|  64|0x0000000084000000, 0x0000000084000000, 0x0000000084100000|  0%| F|  |TAMS 0x0000000084000000, 0x0000000084000000| Untracked 
|  65|0x0000000084100000, 0x0000000084100000, 0x0000000084200000|  0%| F|  |TAMS 0x0000000084100000, 0x0000000084100000| Untracked 
|  66|0x0000000084200000, 0x0000000084200000, 0x0000000084300000|  0%| F|  |TAMS 0x0000000084200000, 0x0000000084200000| Untracked 
|  67|0x0000000084300000, 0x0000000084300000, 0x0000000084400000|  0%| F|  |TAMS 0x0000000084300000, 0x0000000084300000| Untracked 
|  68|0x0000000084400000, 0x0000000084400000, 0x0000000084500000|  0%| F|  |TAMS 0x0000000084400000, 0x0000000084400000| Untracked 
|  69|0x0000000084500000, 0x0000000084500000, 0x0000000084600000|  0%| F|  |TAMS 0x0000000084500000, 0x0000000084500000| Untracked 
|  70|0x0000000084600000, 0x0000000084600000, 0x0000000084700000|  0%| F|  |TAMS 0x0000000084600000, 0x0000000084600000| Untracked 
|  71|0x0000000084700000, 0x0000000084700000, 0x0000000084800000|  0%| F|  |TAMS 0x0000000084700000, 0x0000000084700000| Untracked 
|  72|0x0000000084800000, 0x0000000084800000, 0x0000000084900000|  0%| F|  |TAMS 0x0000000084800000, 0x0000000084800000| Untracked 
|  73|0x0000000084900000, 0x0000000084900000, 0x0000000084a00000|  0%| F|  |TAMS 0x0000000084900000, 0x0000000084900000| Untracked 
|  74|0x0000000084a00000, 0x0000000084a00000, 0x0000000084b00000|  0%| F|  |TAMS 0x0000000084a00000, 0x0000000084a00000| Untracked 
|  75|0x0000000084b00000, 0x0000000084b00000, 0x0000000084c00000|  0%| F|  |TAMS 0x0000000084b00000, 0x0000000084b00000| Untracked 
|  76|0x0000000084c00000, 0x0000000084c00000, 0x0000000084d00000|  0%| F|  |TAMS 0x0000000084c00000, 0x0000000084c00000| Untracked 
|  77|0x0000000084d00000, 0x0000000084d00000, 0x0000000084e00000|  0%| F|  |TAMS 0x0000000084d00000, 0x0000000084d00000| Untracked 
|  78|0x0000000084e00000, 0x0000000084e00000, 0x0000000084f00000|  0%| F|  |TAMS 0x0000000084e00000, 0x0000000084e00000| Untracked 
|  79|0x0000000084f00000, 0x0000000084f00000, 0x0000000085000000|  0%| F|  |TAMS 0x0000000084f00000, 0x0000000084f00000| Untracked 
|  80|0x0000000085000000, 0x0000000085000000, 0x0000000085100000|  0%| F|  |TAMS 0x0000000085000000, 0x0000000085000000| Untracked 
|  81|0x0000000085100000, 0x0000000085100000, 0x0000000085200000|  0%| F|  |TAMS 0x0000000085100000, 0x0000000085100000| Untracked 
|  82|0x0000000085200000, 0x0000000085200000, 0x0000000085300000|  0%| F|  |TAMS 0x0000000085200000, 0x0000000085200000| Untracked 
|  83|0x0000000085300000, 0x0000000085300000, 0x0000000085400000|  0%| F|  |TAMS 0x0000000085300000, 0x0000000085300000| Untracked 
|  84|0x0000000085400000, 0x0000000085400000, 0x0000000085500000|  0%| F|  |TAMS 0x0000000085400000, 0x0000000085400000| Untracked 
|  85|0x0000000085500000, 0x0000000085500000, 0x0000000085600000|  0%| F|  |TAMS 0x0000000085500000, 0x0000000085500000| Untracked 
|  86|0x0000000085600000, 0x0000000085600000, 0x0000000085700000|  0%| F|  |TAMS 0x0000000085600000, 0x0000000085600000| Untracked 
|  87|0x0000000085700000, 0x0000000085700000, 0x0000000085800000|  0%| F|  |TAMS 0x0000000085700000, 0x0000000085700000| Untracked 
|  88|0x0000000085800000, 0x0000000085800000, 0x0000000085900000|  0%| F|  |TAMS 0x0000000085800000, 0x0000000085800000| Untracked 
|  89|0x0000000085900000, 0x0000000085900000, 0x0000000085a00000|  0%| F|  |TAMS 0x0000000085900000, 0x0000000085900000| Untracked 
|  90|0x0000000085a00000, 0x0000000085a00000, 0x0000000085b00000|  0%| F|  |TAMS 0x0000000085a00000, 0x0000000085a00000| Untracked 
|  91|0x0000000085b00000, 0x0000000085b00000, 0x0000000085c00000|  0%| F|  |TAMS 0x0000000085b00000, 0x0000000085b00000| Untracked 
|  92|0x0000000085c00000, 0x0000000085c00000, 0x0000000085d00000|  0%| F|  |TAMS 0x0000000085c00000, 0x0000000085c00000| Untracked 
|  93|0x0000000085d00000, 0x0000000085d00000, 0x0000000085e00000|  0%| F|  |TAMS 0x0000000085d00000, 0x0000000085d00000| Untracked 
|  94|0x0000000085e00000, 0x0000000085e00000, 0x0000000085f00000|  0%| F|  |TAMS 0x0000000085e00000, 0x0000000085e00000| Untracked 
|  95|0x0000000085f00000, 0x0000000085f00000, 0x0000000086000000|  0%| F|  |TAMS 0x0000000085f00000, 0x0000000085f00000| Untracked 
|  96|0x0000000086000000, 0x0000000086000000, 0x0000000086100000|  0%| F|  |TAMS 0x0000000086000000, 0x0000000086000000| Untracked 
|  97|0x0000000086100000, 0x0000000086100000, 0x0000000086200000|  0%| F|  |TAMS 0x0000000086100000, 0x0000000086100000| Untracked 
|  98|0x0000000086200000, 0x0000000086200000, 0x0000000086300000|  0%| F|  |TAMS 0x0000000086200000, 0x0000000086200000| Untracked 
|  99|0x0000000086300000, 0x0000000086300000, 0x0000000086400000|  0%| F|  |TAMS 0x0000000086300000, 0x0000000086300000| Untracked 
| 100|0x0000000086400000, 0x0000000086400000, 0x0000000086500000|  0%| F|  |TAMS 0x0000000086400000, 0x0000000086400000| Untracked 
| 101|0x0000000086500000, 0x0000000086500000, 0x0000000086600000|  0%| F|  |TAMS 0x0000000086500000, 0x0000000086500000| Untracked 
| 102|0x0000000086600000, 0x0000000086600000, 0x0000000086700000|  0%| F|  |TAMS 0x0000000086600000, 0x0000000086600000| Untracked 
| 103|0x0000000086700000, 0x0000000086700000, 0x0000000086800000|  0%| F|  |TAMS 0x0000000086700000, 0x0000000086700000| Untracked 
| 104|0x0000000086800000, 0x0000000086800000, 0x0000000086900000|  0%| F|  |TAMS 0x0000000086800000, 0x0000000086800000| Untracked 
| 105|0x0000000086900000, 0x0000000086900000, 0x0000000086a00000|  0%| F|  |TAMS 0x0000000086900000, 0x0000000086900000| Untracked 
| 106|0x0000000086a00000, 0x0000000086a00000, 0x0000000086b00000|  0%| F|  |TAMS 0x0000000086a00000, 0x0000000086a00000| Untracked 
| 107|0x0000000086b00000, 0x0000000086b00000, 0x0000000086c00000|  0%| F|  |TAMS 0x0000000086b00000, 0x0000000086b00000| Untracked 
| 108|0x0000000086c00000, 0x0000000086c00000, 0x0000000086d00000|  0%| F|  |TAMS 0x0000000086c00000, 0x0000000086c00000| Untracked 
| 109|0x0000000086d00000, 0x0000000086d00000, 0x0000000086e00000|  0%| F|  |TAMS 0x0000000086d00000, 0x0000000086d00000| Untracked 
| 110|0x0000000086e00000, 0x0000000086e00000, 0x0000000086f00000|  0%| F|  |TAMS 0x0000000086e00000, 0x0000000086e00000| Untracked 
| 111|0x0000000086f00000, 0x0000000086f00000, 0x0000000087000000|  0%| F|  |TAMS 0x0000000086f00000, 0x0000000086f00000| Untracked 
| 112|0x0000000087000000, 0x0000000087000000, 0x0000000087100000|  0%| F|  |TAMS 0x0000000087000000, 0x0000000087000000| Untracked 
| 113|0x0000000087100000, 0x0000000087100000, 0x0000000087200000|  0%| F|  |TAMS 0x0000000087100000, 0x0000000087100000| Untracked 
| 114|0x0000000087200000, 0x0000000087200000, 0x0000000087300000|  0%| F|  |TAMS 0x0000000087200000, 0x0000000087200000| Untracked 
| 115|0x0000000087300000, 0x0000000087300000, 0x0000000087400000|  0%| F|  |TAMS 0x0000000087300000, 0x0000000087300000| Untracked 
| 116|0x0000000087400000, 0x0000000087400000, 0x0000000087500000|  0%| F|  |TAMS 0x0000000087400000, 0x0000000087400000| Untracked 
| 117|0x0000000087500000, 0x0000000087500000, 0x0000000087600000|  0%| F|  |TAMS 0x0000000087500000, 0x0000000087500000| Untracked 
| 118|0x0000000087600000, 0x0000000087600000, 0x0000000087700000|  0%| F|  |TAMS 0x0000000087600000, 0x0000000087600000| Untracked 
| 119|0x0000000087700000, 0x0000000087700000, 0x0000000087800000|  0%| F|  |TAMS 0x0000000087700000, 0x0000000087700000| Untracked 
| 120|0x0000000087800000, 0x0000000087800000, 0x0000000087900000|  0%| F|  |TAMS 0x0000000087800000, 0x0000000087800000| Untracked 
| 121|0x0000000087900000, 0x0000000087900000, 0x0000000087a00000|  0%| F|  |TAMS 0x0000000087900000, 0x0000000087900000| Untracked 
| 122|0x0000000087a00000, 0x0000000087a00000, 0x0000000087b00000|  0%| F|  |TAMS 0x0000000087a00000, 0x0000000087a00000| Untracked 
| 123|0x0000000087b00000, 0x0000000087b00000, 0x0000000087c00000|  0%| F|  |TAMS 0x0000000087b00000, 0x0000000087b00000| Untracked 
| 124|0x0000000087c00000, 0x0000000087c00000, 0x0000000087d00000|  0%| F|  |TAMS 0x0000000087c00000, 0x0000000087c00000| Untracked 
| 125|0x0000000087d00000, 0x0000000087d00000, 0x0000000087e00000|  0%| F|  |TAMS 0x0000000087d00000, 0x0000000087d00000| Untracked 
| 126|0x0000000087e00000, 0x0000000087e00000, 0x0000000087f00000|  0%| F|  |TAMS 0x0000000087e00000, 0x0000000087e00000| Untracked 
| 127|0x0000000087f00000, 0x0000000087f00000, 0x0000000088000000|  0%| F|  |TAMS 0x0000000087f00000, 0x0000000087f00000| Untracked 
| 128|0x0000000088000000, 0x0000000088000000, 0x0000000088100000|  0%| F|  |TAMS 0x0000000088000000, 0x0000000088000000| Untracked 
| 129|0x0000000088100000, 0x0000000088100000, 0x0000000088200000|  0%| F|  |TAMS 0x0000000088100000, 0x0000000088100000| Untracked 
| 130|0x0000000088200000, 0x0000000088200000, 0x0000000088300000|  0%| F|  |TAMS 0x0000000088200000, 0x0000000088200000| Untracked 
| 131|0x0000000088300000, 0x0000000088300000, 0x0000000088400000|  0%| F|  |TAMS 0x0000000088300000, 0x0000000088300000| Untracked 
| 132|0x0000000088400000, 0x0000000088400000, 0x0000000088500000|  0%| F|  |TAMS 0x0000000088400000, 0x0000000088400000| Untracked 
| 133|0x0000000088500000, 0x0000000088500000, 0x0000000088600000|  0%| F|  |TAMS 0x0000000088500000, 0x0000000088500000| Untracked 
| 134|0x0000000088600000, 0x0000000088600000, 0x0000000088700000|  0%| F|  |TAMS 0x0000000088600000, 0x0000000088600000| Untracked 
| 135|0x0000000088700000, 0x0000000088700000, 0x0000000088800000|  0%| F|  |TAMS 0x0000000088700000, 0x0000000088700000| Untracked 
| 136|0x0000000088800000, 0x0000000088800000, 0x0000000088900000|  0%| F|  |TAMS 0x0000000088800000, 0x0000000088800000| Untracked 
| 137|0x0000000088900000, 0x0000000088900000, 0x0000000088a00000|  0%| F|  |TAMS 0x0000000088900000, 0x0000000088900000| Untracked 
| 138|0x0000000088a00000, 0x0000000088a00000, 0x0000000088b00000|  0%| F|  |TAMS 0x0000000088a00000, 0x0000000088a00000| Untracked 
| 139|0x0000000088b00000, 0x0000000088b00000, 0x0000000088c00000|  0%| F|  |TAMS 0x0000000088b00000, 0x0000000088b00000| Untracked 
| 140|0x0000000088c00000, 0x0000000088c00000, 0x0000000088d00000|  0%| F|  |TAMS 0x0000000088c00000, 0x0000000088c00000| Untracked 
| 141|0x0000000088d00000, 0x0000000088d00000, 0x0000000088e00000|  0%| F|  |TAMS 0x0000000088d00000, 0x0000000088d00000| Untracked 
| 142|0x0000000088e00000, 0x0000000088e00000, 0x0000000088f00000|  0%| F|  |TAMS 0x0000000088e00000, 0x0000000088e00000| Untracked 
| 143|0x0000000088f00000, 0x0000000088f00000, 0x0000000089000000|  0%| F|  |TAMS 0x0000000088f00000, 0x0000000088f00000| Untracked 
| 144|0x0000000089000000, 0x0000000089000000, 0x0000000089100000|  0%| F|  |TAMS 0x0000000089000000, 0x0000000089000000| Untracked 
| 145|0x0000000089100000, 0x0000000089100000, 0x0000000089200000|  0%| F|  |TAMS 0x0000000089100000, 0x0000000089100000| Untracked 
| 146|0x0000000089200000, 0x0000000089200000, 0x0000000089300000|  0%| F|  |TAMS 0x0000000089200000, 0x0000000089200000| Untracked 
| 147|0x0000000089300000, 0x0000000089300000, 0x0000000089400000|  0%| F|  |TAMS 0x0000000089300000, 0x0000000089300000| Untracked 
| 148|0x0000000089400000, 0x0000000089400000, 0x0000000089500000|  0%| F|  |TAMS 0x0000000089400000, 0x0000000089400000| Untracked 
| 149|0x0000000089500000, 0x0000000089500000, 0x0000000089600000|  0%| F|  |TAMS 0x0000000089500000, 0x0000000089500000| Untracked 
| 150|0x0000000089600000, 0x0000000089600000, 0x0000000089700000|  0%| F|  |TAMS 0x0000000089600000, 0x0000000089600000| Untracked 
| 151|0x0000000089700000, 0x0000000089700000, 0x0000000089800000|  0%| F|  |TAMS 0x0000000089700000, 0x0000000089700000| Untracked 
| 152|0x0000000089800000, 0x0000000089800000, 0x0000000089900000|  0%| F|  |TAMS 0x0000000089800000, 0x0000000089800000| Untracked 
| 153|0x0000000089900000, 0x0000000089900000, 0x0000000089a00000|  0%| F|  |TAMS 0x0000000089900000, 0x0000000089900000| Untracked 
| 154|0x0000000089a00000, 0x0000000089a00000, 0x0000000089b00000|  0%| F|  |TAMS 0x0000000089a00000, 0x0000000089a00000| Untracked 
| 155|0x0000000089b00000, 0x0000000089b00000, 0x0000000089c00000|  0%| F|  |TAMS 0x0000000089b00000, 0x0000000089b00000| Untracked 
| 156|0x0000000089c00000, 0x0000000089c00000, 0x0000000089d00000|  0%| F|  |TAMS 0x0000000089c00000, 0x0000000089c00000| Untracked 
| 157|0x0000000089d00000, 0x0000000089d00000, 0x0000000089e00000|  0%| F|  |TAMS 0x0000000089d00000, 0x0000000089d00000| Untracked 
| 158|0x0000000089e00000, 0x0000000089e00000, 0x0000000089f00000|  0%| F|  |TAMS 0x0000000089e00000, 0x0000000089e00000| Untracked 
| 159|0x0000000089f00000, 0x0000000089f00000, 0x000000008a000000|  0%| F|  |TAMS 0x0000000089f00000, 0x0000000089f00000| Untracked 
| 160|0x000000008a000000, 0x000000008a000000, 0x000000008a100000|  0%| F|  |TAMS 0x000000008a000000, 0x000000008a000000| Untracked 
| 161|0x000000008a100000, 0x000000008a100000, 0x000000008a200000|  0%| F|  |TAMS 0x000000008a100000, 0x000000008a100000| Untracked 
| 162|0x000000008a200000, 0x000000008a200000, 0x000000008a300000|  0%| F|  |TAMS 0x000000008a200000, 0x000000008a200000| Untracked 
| 163|0x000000008a300000, 0x000000008a300000, 0x000000008a400000|  0%| F|  |TAMS 0x000000008a300000, 0x000000008a300000| Untracked 
| 164|0x000000008a400000, 0x000000008a400000, 0x000000008a500000|  0%| F|  |TAMS 0x000000008a400000, 0x000000008a400000| Untracked 
| 165|0x000000008a500000, 0x000000008a500000, 0x000000008a600000|  0%| F|  |TAMS 0x000000008a500000, 0x000000008a500000| Untracked 
| 166|0x000000008a600000, 0x000000008a600000, 0x000000008a700000|  0%| F|  |TAMS 0x000000008a600000, 0x000000008a600000| Untracked 
| 167|0x000000008a700000, 0x000000008a700000, 0x000000008a800000|  0%| F|  |TAMS 0x000000008a700000, 0x000000008a700000| Untracked 
| 168|0x000000008a800000, 0x000000008a900000, 0x000000008a900000|100%| E|  |TAMS 0x000000008a800000, 0x000000008a800000| Complete 
| 169|0x000000008a900000, 0x000000008aa00000, 0x000000008aa00000|100%| E|CS|TAMS 0x000000008a900000, 0x000000008a900000| Complete 
| 170|0x000000008aa00000, 0x000000008ab00000, 0x000000008ab00000|100%| E|CS|TAMS 0x000000008aa00000, 0x000000008aa00000| Complete 
| 171|0x000000008ab00000, 0x000000008ac00000, 0x000000008ac00000|100%| E|CS|TAMS 0x000000008ab00000, 0x000000008ab00000| Complete 
| 172|0x000000008ac00000, 0x000000008ad00000, 0x000000008ad00000|100%| E|CS|TAMS 0x000000008ac00000, 0x000000008ac00000| Complete 
| 173|0x000000008ad00000, 0x000000008ae00000, 0x000000008ae00000|100%| E|CS|TAMS 0x000000008ad00000, 0x000000008ad00000| Complete 
| 174|0x000000008ae00000, 0x000000008af00000, 0x000000008af00000|100%| E|CS|TAMS 0x000000008ae00000, 0x000000008ae00000| Complete 
| 175|0x000000008af00000, 0x000000008b000000, 0x000000008b000000|100%| E|CS|TAMS 0x000000008af00000, 0x000000008af00000| Complete 
| 176|0x000000008b000000, 0x000000008b100000, 0x000000008b100000|100%| E|CS|TAMS 0x000000008b000000, 0x000000008b000000| Complete 
| 177|0x000000008b100000, 0x000000008b200000, 0x000000008b200000|100%| E|CS|TAMS 0x000000008b100000, 0x000000008b100000| Complete 
| 178|0x000000008b200000, 0x000000008b300000, 0x000000008b300000|100%| E|CS|TAMS 0x000000008b200000, 0x000000008b200000| Complete 
| 179|0x000000008b300000, 0x000000008b400000, 0x000000008b400000|100%| E|CS|TAMS 0x000000008b300000, 0x000000008b300000| Complete 
| 180|0x000000008b400000, 0x000000008b500000, 0x000000008b500000|100%| E|CS|TAMS 0x000000008b400000, 0x000000008b400000| Complete 
| 181|0x000000008b500000, 0x000000008b600000, 0x000000008b600000|100%| E|CS|TAMS 0x000000008b500000, 0x000000008b500000| Complete 
| 182|0x000000008b600000, 0x000000008b700000, 0x000000008b700000|100%| E|CS|TAMS 0x000000008b600000, 0x000000008b600000| Complete 
| 183|0x000000008b700000, 0x000000008b800000, 0x000000008b800000|100%| E|CS|TAMS 0x000000008b700000, 0x000000008b700000| Complete 
| 184|0x000000008b800000, 0x000000008b900000, 0x000000008b900000|100%| E|CS|TAMS 0x000000008b800000, 0x000000008b800000| Complete 
| 185|0x000000008b900000, 0x000000008ba00000, 0x000000008ba00000|100%| E|CS|TAMS 0x000000008b900000, 0x000000008b900000| Complete 
| 186|0x000000008ba00000, 0x000000008bb00000, 0x000000008bb00000|100%| E|CS|TAMS 0x000000008ba00000, 0x000000008ba00000| Complete 
| 187|0x000000008bb00000, 0x000000008bc00000, 0x000000008bc00000|100%| E|CS|TAMS 0x000000008bb00000, 0x000000008bb00000| Complete 
| 188|0x000000008bc00000, 0x000000008bd00000, 0x000000008bd00000|100%| E|CS|TAMS 0x000000008bc00000, 0x000000008bc00000| Complete 
| 189|0x000000008bd00000, 0x000000008be00000, 0x000000008be00000|100%| E|CS|TAMS 0x000000008bd00000, 0x000000008bd00000| Complete 
| 190|0x000000008be00000, 0x000000008bf00000, 0x000000008bf00000|100%| E|CS|TAMS 0x000000008be00000, 0x000000008be00000| Complete 
| 191|0x000000008bf00000, 0x000000008c000000, 0x000000008c000000|100%| E|CS|TAMS 0x000000008bf00000, 0x000000008bf00000| Complete 
| 192|0x000000008c000000, 0x000000008c100000, 0x000000008c100000|100%| E|CS|TAMS 0x000000008c000000, 0x000000008c000000| Complete 
| 193|0x000000008c100000, 0x000000008c200000, 0x000000008c200000|100%| E|CS|TAMS 0x000000008c100000, 0x000000008c100000| Complete 
| 194|0x000000008c200000, 0x000000008c300000, 0x000000008c300000|100%| E|CS|TAMS 0x000000008c200000, 0x000000008c200000| Complete 
| 195|0x000000008c300000, 0x000000008c400000, 0x000000008c400000|100%| E|CS|TAMS 0x000000008c300000, 0x000000008c300000| Complete 
| 196|0x000000008c400000, 0x000000008c500000, 0x000000008c500000|100%| E|CS|TAMS 0x000000008c400000, 0x000000008c400000| Complete 
| 197|0x000000008c500000, 0x000000008c600000, 0x000000008c600000|100%| E|CS|TAMS 0x000000008c500000, 0x000000008c500000| Complete 
| 198|0x000000008c600000, 0x000000008c700000, 0x000000008c700000|100%| E|CS|TAMS 0x000000008c600000, 0x000000008c600000| Complete 
| 199|0x000000008c700000, 0x000000008c800000, 0x000000008c800000|100%| E|CS|TAMS 0x000000008c700000, 0x000000008c700000| Complete 
| 200|0x000000008c800000, 0x000000008c900000, 0x000000008c900000|100%| E|CS|TAMS 0x000000008c800000, 0x000000008c800000| Complete 
| 201|0x000000008c900000, 0x000000008ca00000, 0x000000008ca00000|100%| E|CS|TAMS 0x000000008c900000, 0x000000008c900000| Complete 
| 202|0x000000008ca00000, 0x000000008cb00000, 0x000000008cb00000|100%| E|CS|TAMS 0x000000008ca00000, 0x000000008ca00000| Complete 
| 203|0x000000008cb00000, 0x000000008cc00000, 0x000000008cc00000|100%| E|CS|TAMS 0x000000008cb00000, 0x000000008cb00000| Complete 
| 204|0x000000008cc00000, 0x000000008cd00000, 0x000000008cd00000|100%| E|CS|TAMS 0x000000008cc00000, 0x000000008cc00000| Complete 
| 205|0x000000008cd00000, 0x000000008ce00000, 0x000000008ce00000|100%| E|CS|TAMS 0x000000008cd00000, 0x000000008cd00000| Complete 
| 206|0x000000008ce00000, 0x000000008cf00000, 0x000000008cf00000|100%| E|CS|TAMS 0x000000008ce00000, 0x000000008ce00000| Complete 
| 207|0x000000008cf00000, 0x000000008d000000, 0x000000008d000000|100%| E|CS|TAMS 0x000000008cf00000, 0x000000008cf00000| Complete 
| 208|0x000000008d000000, 0x000000008d100000, 0x000000008d100000|100%| E|CS|TAMS 0x000000008d000000, 0x000000008d000000| Complete 
| 209|0x000000008d100000, 0x000000008d200000, 0x000000008d200000|100%| E|CS|TAMS 0x000000008d100000, 0x000000008d100000| Complete 
| 210|0x000000008d200000, 0x000000008d300000, 0x000000008d300000|100%| E|CS|TAMS 0x000000008d200000, 0x000000008d200000| Complete 
| 211|0x000000008d300000, 0x000000008d400000, 0x000000008d400000|100%| E|CS|TAMS 0x000000008d300000, 0x000000008d300000| Complete 
| 212|0x000000008d400000, 0x000000008d500000, 0x000000008d500000|100%| E|CS|TAMS 0x000000008d400000, 0x000000008d400000| Complete 
| 213|0x000000008d500000, 0x000000008d600000, 0x000000008d600000|100%| E|CS|TAMS 0x000000008d500000, 0x000000008d500000| Complete 
| 214|0x000000008d600000, 0x000000008d700000, 0x000000008d700000|100%| E|CS|TAMS 0x000000008d600000, 0x000000008d600000| Complete 
| 215|0x000000008d700000, 0x000000008d800000, 0x000000008d800000|100%| E|CS|TAMS 0x000000008d700000, 0x000000008d700000| Complete 
| 216|0x000000008d800000, 0x000000008d900000, 0x000000008d900000|100%| E|CS|TAMS 0x000000008d800000, 0x000000008d800000| Complete 
| 217|0x000000008d900000, 0x000000008da00000, 0x000000008da00000|100%| E|CS|TAMS 0x000000008d900000, 0x000000008d900000| Complete 
| 218|0x000000008da00000, 0x000000008db00000, 0x000000008db00000|100%| E|CS|TAMS 0x000000008da00000, 0x000000008da00000| Complete 
| 219|0x000000008db00000, 0x000000008dc00000, 0x000000008dc00000|100%| E|CS|TAMS 0x000000008db00000, 0x000000008db00000| Complete 
| 220|0x000000008dc00000, 0x000000008dd00000, 0x000000008dd00000|100%| E|CS|TAMS 0x000000008dc00000, 0x000000008dc00000| Complete 
| 221|0x000000008dd00000, 0x000000008de00000, 0x000000008de00000|100%| E|CS|TAMS 0x000000008dd00000, 0x000000008dd00000| Complete 
| 222|0x000000008de00000, 0x000000008df00000, 0x000000008df00000|100%| E|CS|TAMS 0x000000008de00000, 0x000000008de00000| Complete 
| 223|0x000000008df00000, 0x000000008e000000, 0x000000008e000000|100%| E|CS|TAMS 0x000000008df00000, 0x000000008df00000| Complete 
| 224|0x000000008e000000, 0x000000008e100000, 0x000000008e100000|100%| E|CS|TAMS 0x000000008e000000, 0x000000008e000000| Complete 
| 225|0x000000008e100000, 0x000000008e200000, 0x000000008e200000|100%| E|CS|TAMS 0x000000008e100000, 0x000000008e100000| Complete 
| 226|0x000000008e200000, 0x000000008e300000, 0x000000008e300000|100%| E|CS|TAMS 0x000000008e200000, 0x000000008e200000| Complete 
| 227|0x000000008e300000, 0x000000008e400000, 0x000000008e400000|100%| E|CS|TAMS 0x000000008e300000, 0x000000008e300000| Complete 
| 228|0x000000008e400000, 0x000000008e500000, 0x000000008e500000|100%| E|CS|TAMS 0x000000008e400000, 0x000000008e400000| Complete 
| 229|0x000000008e500000, 0x000000008e600000, 0x000000008e600000|100%| E|CS|TAMS 0x000000008e500000, 0x000000008e500000| Complete 
| 230|0x000000008e600000, 0x000000008e700000, 0x000000008e700000|100%| E|CS|TAMS 0x000000008e600000, 0x000000008e600000| Complete 
| 231|0x000000008e700000, 0x000000008e800000, 0x000000008e800000|100%| E|CS|TAMS 0x000000008e700000, 0x000000008e700000| Complete 
| 232|0x000000008e800000, 0x000000008e900000, 0x000000008e900000|100%| E|CS|TAMS 0x000000008e800000, 0x000000008e800000| Complete 
| 233|0x000000008e900000, 0x000000008ea00000, 0x000000008ea00000|100%| E|CS|TAMS 0x000000008e900000, 0x000000008e900000| Complete 
| 234|0x000000008ea00000, 0x000000008eb00000, 0x000000008eb00000|100%| E|CS|TAMS 0x000000008ea00000, 0x000000008ea00000| Complete 
| 235|0x000000008eb00000, 0x000000008ec00000, 0x000000008ec00000|100%| E|CS|TAMS 0x000000008eb00000, 0x000000008eb00000| Complete 
| 236|0x000000008ec00000, 0x000000008ed00000, 0x000000008ed00000|100%| E|CS|TAMS 0x000000008ec00000, 0x000000008ec00000| Complete 
| 237|0x000000008ed00000, 0x000000008ee00000, 0x000000008ee00000|100%| E|CS|TAMS 0x000000008ed00000, 0x000000008ed00000| Complete 
| 238|0x000000008ee00000, 0x000000008ef00000, 0x000000008ef00000|100%| E|CS|TAMS 0x000000008ee00000, 0x000000008ee00000| Complete 
| 239|0x000000008ef00000, 0x000000008f000000, 0x000000008f000000|100%| E|CS|TAMS 0x000000008ef00000, 0x000000008ef00000| Complete 
| 240|0x000000008f000000, 0x000000008f100000, 0x000000008f100000|100%| E|CS|TAMS 0x000000008f000000, 0x000000008f000000| Complete 
| 241|0x000000008f100000, 0x000000008f1988d0, 0x000000008f200000| 59%| S|CS|TAMS 0x000000008f100000, 0x000000008f100000| Complete 
| 242|0x000000008f200000, 0x000000008f300000, 0x000000008f300000|100%| S|CS|TAMS 0x000000008f200000, 0x000000008f200000| Complete 
| 243|0x000000008f300000, 0x000000008f400000, 0x000000008f400000|100%| S|CS|TAMS 0x000000008f300000, 0x000000008f300000| Complete 
| 244|0x000000008f400000, 0x000000008f500000, 0x000000008f500000|100%| S|CS|TAMS 0x000000008f400000, 0x000000008f400000| Complete 
| 245|0x000000008f500000, 0x000000008f600000, 0x000000008f600000|100%| S|CS|TAMS 0x000000008f500000, 0x000000008f500000| Complete 
| 246|0x000000008f600000, 0x000000008f700000, 0x000000008f700000|100%| S|CS|TAMS 0x000000008f600000, 0x000000008f600000| Complete 
| 247|0x000000008f700000, 0x000000008f800000, 0x000000008f800000|100%| E|CS|TAMS 0x000000008f700000, 0x000000008f700000| Complete 
| 248|0x000000008f800000, 0x000000008f900000, 0x000000008f900000|100%| E|CS|TAMS 0x000000008f800000, 0x000000008f800000| Complete 
| 249|0x000000008f900000, 0x000000008fa00000, 0x000000008fa00000|100%| E|CS|TAMS 0x000000008f900000, 0x000000008f900000| Complete 
| 250|0x000000008fa00000, 0x000000008fb00000, 0x000000008fb00000|100%| E|CS|TAMS 0x000000008fa00000, 0x000000008fa00000| Complete 
| 251|0x000000008fb00000, 0x000000008fc00000, 0x000000008fc00000|100%| E|CS|TAMS 0x000000008fb00000, 0x000000008fb00000| Complete 

Card table byte_map: [0x000002586b1b0000,0x000002586b5b0000] _byte_map_base: 0x000002586adb0000

Marking Bits (Prev, Next): (CMBitMap*) 0x000002585325e1c8, (CMBitMap*) 0x000002585325e200
 Prev Bits: [0x000002586b9b0000, 0x000002586d9b0000)
 Next Bits: [0x000002586d9b0000, 0x000002586f9b0000)

Polling page: 0x0000025852960000

Metaspace:

Usage:
  Non-class:     36.35 MB capacity,    35.71 MB ( 98%) used,   545.05 KB (  1%) free+waste,   109.75 KB ( <1%) overhead. 
      Class:      5.64 MB capacity,     5.20 MB ( 92%) used,   393.45 KB (  7%) free+waste,    53.56 KB ( <1%) overhead. 
       Both:     41.99 MB capacity,    40.91 MB ( 97%) used,   938.49 KB (  2%) free+waste,   163.31 KB ( <1%) overhead. 

Virtual space:
  Non-class space:       38.00 MB reserved,      36.42 MB ( 96%) committed 
      Class space:      504.00 MB reserved,       5.75 MB (  1%) committed 
             Both:      542.00 MB reserved,      42.17 MB (  8%) committed 

Chunk freelists:
   Non-Class:  1.25 KB
       Class:  0 bytes
        Both:  1.25 KB

CodeHeap 'non-profiled nmethods': size=119168Kb used=2155Kb max_used=2155Kb free=117012Kb
 bounds [0x00000258630d0000, 0x0000025863340000, 0x000002586a530000]
CodeHeap 'profiled nmethods': size=119168Kb used=8702Kb max_used=8702Kb free=110465Kb
 bounds [0x000002585bc70000, 0x000002585c500000, 0x00000258630d0000]
CodeHeap 'non-nmethods': size=7424Kb used=2207Kb max_used=3937Kb free=5216Kb
 bounds [0x000002585b530000, 0x000002585b920000, 0x000002585bc70000]
 total_blobs=5984 nmethods=3969 adapters=682
 compilation: enabled
              stopped_count=0, restarted_count=0
 full_count=0

Compilation events (10 events):
Event: 55.371 Thread 0x00000258732ef800 4236       3       java.util.Arrays::sort (47 bytes)
Event: 55.371 Thread 0x00000258732ef800 nmethod 4236 0x000002585c4f2210 code [0x000002585c4f2400, 0x000002585c4f27a0]
Event: 55.375 Thread 0x00000258732ef800 4237       3       java.lang.Module::isExported (15 bytes)
Event: 55.376 Thread 0x00000258732ef800 nmethod 4237 0x000002585c4f2910 code [0x000002585c4f2ae0, 0x000002585c4f2de0]
Event: 55.409 Thread 0x00000258732ef800 4240       3       java.lang.StringBuilder::length (5 bytes)
Event: 55.409 Thread 0x00000258732ef800 nmethod 4240 0x000002585c4f2f10 code [0x000002585c4f30c0, 0x000002585c4f3238]
Event: 55.409 Thread 0x00000258732ef800 4241       3       java.beans.MethodDescriptor::resolve (32 bytes)
Event: 55.410 Thread 0x00000258732ef800 nmethod 4241 0x000002585c4f3310 code [0x000002585c4f3500, 0x000002585c4f3a98]
Event: 55.415 Thread 0x00000258732ef800 4242       3       java.beans.MethodDescriptor::<init> (111 bytes)
Event: 55.417 Thread 0x00000258732ef800 nmethod 4242 0x000002585c4f3c10 code [0x000002585c4f3e80, 0x000002585c4f4a20]

GC Heap History (10 events):
Event: 3.528 GC heap before
{Heap before GC invocations=0 (full 0):
 garbage-first heap   total 258048K, used 28672K [0x0000000080000000, 0x0000000100000000)
  region size 1024K, 24 young (24576K), 0 survivors (0K)
 Metaspace       used 9909K, capacity 10107K, committed 10368K, reserved 526336K
  class space    used 1010K, capacity 1074K, committed 1152K, reserved 516096K
}
Event: 3.718 GC heap after
{Heap after GC invocations=1 (full 0):
 garbage-first heap   total 258048K, used 10477K [0x0000000080000000, 0x0000000100000000)
  region size 1024K, 3 young (3072K), 3 survivors (3072K)
 Metaspace       used 9909K, capacity 10107K, committed 10368K, reserved 526336K
  class space    used 1010K, capacity 1074K, committed 1152K, reserved 516096K
}
Event: 11.329 GC heap before
{Heap before GC invocations=1 (full 0):
 garbage-first heap   total 258048K, used 113901K [0x0000000080000000, 0x0000000100000000)
  region size 1024K, 105 young (107520K), 3 survivors (3072K)
 Metaspace       used 20825K, capacity 21234K, committed 21296K, reserved 536576K
  class space    used 2517K, capacity 2686K, committed 2688K, reserved 516096K
}
Event: 11.437 GC heap after
{Heap after GC invocations=2 (full 0):
 garbage-first heap   total 258048K, used 17789K [0x0000000080000000, 0x0000000100000000)
  region size 1024K, 11 young (11264K), 11 survivors (11264K)
 Metaspace       used 20825K, capacity 21234K, committed 21296K, reserved 536576K
  class space    used 2517K, capacity 2686K, committed 2688K, reserved 516096K
}
Event: 11.899 GC heap before
{Heap before GC invocations=3 (full 0):
 garbage-first heap   total 258048K, used 24957K [0x0000000080000000, 0x0000000100000000)
  region size 1024K, 18 young (18432K), 11 survivors (11264K)
 Metaspace       used 21725K, capacity 22221K, committed 22576K, reserved 536576K
  class space    used 2651K, capacity 2823K, committed 2944K, reserved 516096K
}
Event: 11.933 GC heap after
{Heap after GC invocations=4 (full 0):
 garbage-first heap   total 258048K, used 18966K [0x0000000080000000, 0x0000000100000000)
  region size 1024K, 1 young (1024K), 1 survivors (1024K)
 Metaspace       used 21725K, capacity 22221K, committed 22576K, reserved 536576K
  class space    used 2651K, capacity 2823K, committed 2944K, reserved 516096K
}
Event: 21.922 GC heap before
{Heap before GC invocations=4 (full 0):
 garbage-first heap   total 258048K, used 135702K [0x0000000080000000, 0x0000000100000000)
  region size 1024K, 115 young (117760K), 1 survivors (1024K)
 Metaspace       used 33516K, capacity 34334K, committed 34480K, reserved 546816K
  class space    used 4418K, capacity 4742K, committed 4864K, reserved 516096K
}
Event: 21.927 GC heap after
{Heap after GC invocations=5 (full 0):
 garbage-first heap   total 258048K, used 23204K [0x0000000080000000, 0x0000000100000000)
  region size 1024K, 5 young (5120K), 5 survivors (5120K)
 Metaspace       used 33516K, capacity 34334K, committed 34480K, reserved 546816K
  class space    used 4418K, capacity 4742K, committed 4864K, reserved 516096K
}
Event: 22.079 GC heap before
{Heap before GC invocations=5 (full 0):
 garbage-first heap   total 258048K, used 27300K [0x0000000080000000, 0x0000000100000000)
  region size 1024K, 10 young (10240K), 5 survivors (5120K)
 Metaspace       used 34892K, capacity 35763K, committed 35888K, reserved 548864K
  class space    used 4506K, capacity 4877K, committed 4992K, reserved 516096K
}
Event: 22.090 GC heap after
{Heap after GC invocations=6 (full 0):
 garbage-first heap   total 258048K, used 23969K [0x0000000080000000, 0x0000000100000000)
  region size 1024K, 6 young (6144K), 6 survivors (6144K)
 Metaspace       used 34892K, capacity 35763K, committed 35888K, reserved 548864K
  class space    used 4506K, capacity 4877K, committed 4992K, reserved 516096K
}

Deoptimization events (10 events):
Event: 24.826 Thread 0x00000258746c8800 Uncommon trap: reason=class_check action=maybe_recompile pc=0x0000025863299f60 method=java.util.WeakHashMap.eq(Ljava/lang/Object;Ljava/lang/Object;)Z @ 7 c2
Event: 24.854 Thread 0x00000258746c8800 Uncommon trap: reason=unstable_if action=reinterpret pc=0x000002586317ecc8 method=java.util.concurrent.ConcurrentHashMap.putVal(Ljava/lang/Object;Ljava/lang/Object;Z)Ljava/lang/Object; @ 231 c2
Event: 24.936 Thread 0x00000258746c8800 Uncommon trap: reason=class_check action=maybe_recompile pc=0x0000025863297544 method=java.io.BufferedInputStream.read1([BII)I @ 39 c2
Event: 27.523 Thread 0x00000258746c8800 Uncommon trap: reason=class_check action=maybe_recompile pc=0x0000025863297544 method=java.io.BufferedInputStream.read1([BII)I @ 39 c2
Event: 27.536 Thread 0x00000258746c8800 Uncommon trap: reason=class_check action=maybe_recompile pc=0x000002586325797c method=java.util.regex.Pattern$Start.match(Ljava/util/regex/Matcher;ILjava/lang/CharSequence;)Z @ 44 c2
Event: 27.536 Thread 0x00000258746c8800 Uncommon trap: reason=class_check action=maybe_recompile pc=0x000002586324aa40 method=java.util.regex.Pattern$Start.match(Ljava/util/regex/Matcher;ILjava/lang/CharSequence;)Z @ 44 c2
Event: 27.537 Thread 0x00000258746c8800 Uncommon trap: reason=class_check action=maybe_recompile pc=0x0000025863249bd0 method=java.util.regex.Pattern$Start.match(Ljava/util/regex/Matcher;ILjava/lang/CharSequence;)Z @ 44 c2
Event: 27.556 Thread 0x00000258746c8800 Uncommon trap: reason=class_check action=maybe_recompile pc=0x0000025863297544 method=java.io.BufferedInputStream.read1([BII)I @ 39 c2
Event: 55.044 Thread 0x00000258746c8800 Uncommon trap: reason=class_check action=maybe_recompile pc=0x0000025863297544 method=java.io.BufferedInputStream.read1([BII)I @ 39 c2
Event: 55.045 Thread 0x00000258746c8800 Uncommon trap: reason=unstable_if action=reinterpret pc=0x0000025863158c34 method=java.io.BufferedReader.readLine(Z)Ljava/lang/String; @ 192 c2

Classes redefined (0 events):
No events

Internal exceptions (10 events):
Event: 55.305 Thread 0x00000258746c8800 Exception <a 'java/lang/ClassNotFoundException'{0x000000008ab6d750}: groovy/lang/GroovyShellCustomizer> (0x000000008ab6d750) thrown at [t:/workspace/open/src/hotspot/share/classfile/systemDictionary.cpp, line 231]
Event: 55.314 Thread 0x00000258746c8800 Exception <a 'java/lang/ClassNotFoundException'{0x000000008abf5428}: groovy/lang/Closure$1BeanInfo> (0x000000008abf5428) thrown at [t:/workspace/open/src/hotspot/share/classfile/systemDictionary.cpp, line 231]
Event: 55.315 Thread 0x00000258746c8800 Exception <a 'java/lang/ClassNotFoundException'{0x000000008aa2c200}: groovy/lang/ClosureBeanInfo> (0x000000008aa2c200) thrown at [t:/workspace/open/src/hotspot/share/classfile/systemDictionary.cpp, line 231]
Event: 55.317 Thread 0x00000258746c8800 Exception <a 'java/lang/ClassNotFoundException'{0x000000008aa62f20}: groovy/lang/ClosureCustomizer> (0x000000008aa62f20) thrown at [t:/workspace/open/src/hotspot/share/classfile/systemDictionary.cpp, line 231]
Event: 55.345 Thread 0x00000258746c8800 Exception <a 'java/lang/ClassNotFoundException'{0x000000008aabcaf8}: groovy/lang/Closure$1Customizer> (0x000000008aabcaf8) thrown at [t:/workspace/open/src/hotspot/share/classfile/systemDictionary.cpp, line 231]
Event: 55.361 Thread 0x00000258746c8800 Exception <a 'java/lang/NoSuchMethodError'{0x000000008a94a660}: java.lang.invoke.DirectMethodHandle$Holder.invokeStatic(Ljava/lang/Object;Ljava/lang/Object;Ljava/lang/Object;Ljava/lang/Object;I)Ljava/lang/Object;> (0x000000008a94a660) thrown at [t:/worksp
Event: 55.372 Thread 0x00000258746c8800 Exception <a 'java/lang/ClassNotFoundException'{0x000000008a9dfb80}: org/gradle/internal/logging/slf4j/OutputEventListenerBackedLoggerBeanInfo> (0x000000008a9dfb80) thrown at [t:/workspace/open/src/hotspot/share/classfile/systemDictionary.cpp, line 231]
Event: 55.373 Thread 0x00000258746c8800 Exception <a 'java/lang/ClassNotFoundException'{0x000000008a80d600}: org/gradle/internal/logging/slf4j/BuildOperationAwareLoggerBeanInfo> (0x000000008a80d600) thrown at [t:/workspace/open/src/hotspot/share/classfile/systemDictionary.cpp, line 231]
Event: 55.375 Thread 0x00000258746c8800 Exception <a 'java/lang/ClassNotFoundException'{0x000000008a83acb0}: org/gradle/internal/logging/slf4j/BuildOperationAwareLoggerCustomizer> (0x000000008a83acb0) thrown at [t:/workspace/open/src/hotspot/share/classfile/systemDictionary.cpp, line 231]
Event: 55.408 Thread 0x00000258746c8800 Exception <a 'java/lang/ClassNotFoundException'{0x000000008a89b480}: org/gradle/internal/logging/slf4j/OutputEventListenerBackedLoggerCustomizer> (0x000000008a89b480) thrown at [t:/workspace/open/src/hotspot/share/classfile/systemDictionary.cpp, line 231]

Events (10 events):
Event: 55.375 loading class org/gradle/internal/logging/slf4j/BuildOperationAwareLoggerCustomizer
Event: 55.375 loading class org/gradle/internal/logging/slf4j/BuildOperationAwareLoggerCustomizer done
Event: 55.393 loading class org/gradle/internal/logging/slf4j/OutputEventListenerBackedLoggerCustomizer
Event: 55.393 loading class org/gradle/internal/logging/slf4j/OutputEventListenerBackedLoggerCustomizer done
Event: 55.394 loading class org/gradle/internal/logging/slf4j/OutputEventListenerBackedLoggerCustomizer
Event: 55.394 loading class org/gradle/internal/logging/slf4j/OutputEventListenerBackedLoggerCustomizer done
Event: 55.395 loading class org/gradle/internal/logging/slf4j/OutputEventListenerBackedLoggerCustomizer
Event: 55.395 loading class org/gradle/internal/logging/slf4j/OutputEventListenerBackedLoggerCustomizer done
Event: 55.408 loading class org/gradle/internal/logging/slf4j/OutputEventListenerBackedLoggerCustomizer
Event: 55.408 loading class org/gradle/internal/logging/slf4j/OutputEventListenerBackedLoggerCustomizer done


Dynamic libraries:
0x00007ff7bd660000 - 0x00007ff7bd6a5000 	C:\Users\Asus\AppData\Local\jdk-11.0.2\bin\java.exe
0x00007ffa16c70000 - 0x00007ffa16e87000 	C:\Windows\SYSTEM32\ntdll.dll
0x00007ffa15640000 - 0x00007ffa15704000 	C:\Windows\System32\KERNEL32.DLL
0x00007ffa143d0000 - 0x00007ffa1477c000 	C:\Windows\System32\KERNELBASE.dll
0x00007ffa15890000 - 0x00007ffa15a3e000 	C:\Windows\System32\USER32.dll
0x00007ffa14980000 - 0x00007ffa149a6000 	C:\Windows\System32\win32u.dll
0x00007ffa150a0000 - 0x00007ffa150c9000 	C:\Windows\System32\GDI32.dll
0x00007ffa142b0000 - 0x00007ffa143c9000 	C:\Windows\System32\gdi32full.dll
0x00007ffa148b0000 - 0x00007ffa1494a000 	C:\Windows\System32\msvcp_win.dll
0x00007ffa14020000 - 0x00007ffa14131000 	C:\Windows\System32\ucrtbase.dll
0x00007ffa04420000 - 0x00007ffa046b3000 	C:\Windows\WinSxS\amd64_microsoft.windows.common-controls_6595b64144ccf1df_6.0.22621.3672_none_2713b9d173822955\COMCTL32.dll
0x00007ffa151c0000 - 0x00007ffa15267000 	C:\Windows\System32\msvcrt.dll
0x00007ffa169a0000 - 0x00007ffa169d1000 	C:\Windows\System32\IMM32.DLL
0x00007ff9f87c0000 - 0x00007ff9f87d6000 	C:\Users\Asus\AppData\Local\jdk-11.0.2\bin\vcruntime140.dll
0x00007ff9c49f0000 - 0x00007ff9c4a9a000 	C:\Users\Asus\AppData\Local\jdk-11.0.2\bin\msvcp140.dll
0x00007ff987450000 - 0x00007ff987f73000 	C:\Users\Asus\AppData\Local\jdk-11.0.2\bin\server\jvm.dll
0x00007ffa16b70000 - 0x00007ffa16c22000 	C:\Windows\System32\ADVAPI32.dll
0x00007ffa15510000 - 0x00007ffa155ba000 	C:\Windows\System32\sechost.dll
0x00007ffa14950000 - 0x00007ffa14978000 	C:\Windows\System32\bcrypt.dll
0x00007ffa14ed0000 - 0x00007ffa14fe5000 	C:\Windows\System32\RPCRT4.dll
0x00007ffa15880000 - 0x00007ffa15888000 	C:\Windows\System32\PSAPI.DLL
0x00007ffa0c5a0000 - 0x00007ffa0c5a9000 	C:\Windows\SYSTEM32\WSOCK32.dll
0x00007ffa169f0000 - 0x00007ffa16a61000 	C:\Windows\System32\WS2_32.dll
0x00007ffa063c0000 - 0x00007ffa063f4000 	C:\Windows\SYSTEM32\WINMM.dll
0x00007ffa038d0000 - 0x00007ffa038da000 	C:\Windows\SYSTEM32\VERSION.dll
0x00007ffa12fd0000 - 0x00007ffa12fe8000 	C:\Windows\SYSTEM32\kernel.appcore.dll
0x00007ff9f8620000 - 0x00007ff9f8631000 	C:\Users\Asus\AppData\Local\jdk-11.0.2\bin\verify.dll
0x00007ffa113c0000 - 0x00007ffa115f2000 	C:\Windows\SYSTEM32\DBGHELP.DLL
0x00007ffa14ad0000 - 0x00007ffa14e58000 	C:\Windows\System32\combase.dll
0x00007ffa15270000 - 0x00007ffa15347000 	C:\Windows\System32\OLEAUT32.dll
0x00007ff9fcb00000 - 0x00007ff9fcb32000 	C:\Windows\SYSTEM32\dbgcore.DLL
0x00007ffa13fa0000 - 0x00007ffa1401b000 	C:\Windows\System32\bcryptPrimitives.dll
0x00007ff9f6d50000 - 0x00007ff9f6d78000 	C:\Users\Asus\AppData\Local\jdk-11.0.2\bin\java.dll
0x00007ff9f7e60000 - 0x00007ff9f7e76000 	C:\Users\Asus\AppData\Local\jdk-11.0.2\bin\zip.dll
0x00007ffa0c570000 - 0x00007ffa0c57a000 	C:\Users\Asus\AppData\Local\jdk-11.0.2\bin\jimage.dll
0x00007ffa16140000 - 0x00007ffa1699c000 	C:\Windows\System32\SHELL32.dll
0x00007ffa11ef0000 - 0x00007ffa127e7000 	C:\Windows\SYSTEM32\windows.storage.dll
0x00007ffa11db0000 - 0x00007ffa11eef000 	C:\Windows\SYSTEM32\wintypes.dll
0x00007ffa16a70000 - 0x00007ffa16b64000 	C:\Windows\System32\SHCORE.dll
0x00007ffa15160000 - 0x00007ffa151be000 	C:\Windows\System32\shlwapi.dll
0x00007ffa13ed0000 - 0x00007ffa13ef1000 	C:\Windows\SYSTEM32\profapi.dll
0x00007ff9f7440000 - 0x00007ff9f7459000 	C:\Users\Asus\AppData\Local\jdk-11.0.2\bin\net.dll
0x00007ffa0a320000 - 0x00007ffa0a456000 	C:\Windows\SYSTEM32\WINHTTP.dll
0x00007ffa021b0000 - 0x00007ffa023a0000 	C:\Windows\SYSTEM32\urlmon.dll
0x00007ffa01d00000 - 0x00007ffa01fbe000 	C:\Windows\SYSTEM32\iertutil.dll
0x00007ffa01fc0000 - 0x00007ffa01fe8000 	C:\Windows\SYSTEM32\srvcli.dll
0x00007ffa12a40000 - 0x00007ffa12a4c000 	C:\Windows\SYSTEM32\netutils.dll
0x00007ffa13440000 - 0x00007ffa134a9000 	C:\Windows\system32\mswsock.dll
0x00007ff9e9e70000 - 0x00007ff9e9e83000 	C:\Users\Asus\AppData\Local\jdk-11.0.2\bin\nio.dll
0x00007ff9e9e00000 - 0x00007ff9e9e27000 	C:\Users\Asus\.gradle\native\68d5fa5c4cc2d200863cafc0d521ce42e7d3e7ee720ec0a83991735586a16f82\windows-amd64\native-platform.dll
0x00007ff9c3bd0000 - 0x00007ff9c3d14000 	C:\Users\Asus\.gradle\native\e376f236ea51e6404a007f0833ffe2c6e607c4080706a723a18a27aeea778392\windows-amd64\native-platform-file-events.dll
0x00007ffa038e0000 - 0x00007ffa038e9000 	C:\Users\Asus\AppData\Local\jdk-11.0.2\bin\management.dll
0x00007ffa01cc0000 - 0x00007ffa01ccc000 	C:\Users\Asus\AppData\Local\jdk-11.0.2\bin\management_ext.dll
0x00007ffa136a0000 - 0x00007ffa136bb000 	C:\Windows\SYSTEM32\CRYPTSP.dll
0x00007ffa12f30000 - 0x00007ffa12f65000 	C:\Windows\system32\rsaenh.dll
0x00007ffa13540000 - 0x00007ffa13568000 	C:\Windows\SYSTEM32\USERENV.dll
0x00007ffa136c0000 - 0x00007ffa136cc000 	C:\Windows\SYSTEM32\CRYPTBASE.dll
0x00007ffa12a50000 - 0x00007ffa12a7d000 	C:\Windows\SYSTEM32\IPHLPAPI.DLL
0x00007ffa14ec0000 - 0x00007ffa14ec9000 	C:\Windows\System32\NSI.dll
0x00007ffa0a0b0000 - 0x00007ffa0a0c9000 	C:\Windows\SYSTEM32\dhcpcsvc6.DLL
0x00007ffa0a2b0000 - 0x00007ffa0a2cf000 	C:\Windows\SYSTEM32\dhcpcsvc.DLL
0x00007ffa12ac0000 - 0x00007ffa12bb8000 	C:\Windows\SYSTEM32\DNSAPI.dll

dbghelp: loaded successfully - version: 4.0.5 - missing functions: none
symbol engine: initialized successfully - sym options: 0x614 - pdb path: .;C:\Users\Asus\AppData\Local\jdk-11.0.2\bin;C:\Windows\SYSTEM32;C:\Windows\WinSxS\amd64_microsoft.windows.common-controls_6595b64144ccf1df_6.0.22621.3672_none_2713b9d173822955;C:\Users\Asus\AppData\Local\jdk-11.0.2\bin\server;C:\Users\Asus\.gradle\native\68d5fa5c4cc2d200863cafc0d521ce42e7d3e7ee720ec0a83991735586a16f82\windows-amd64;C:\Users\Asus\.gradle\native\e376f236ea51e6404a007f0833ffe2c6e607c4080706a723a18a27aeea778392\windows-amd64

VM Arguments:
jvm_args: -XX:MaxMetaspaceSize=512m --add-opens=java.base/java.util=ALL-UNNAMED --add-opens=java.base/java.lang=ALL-UNNAMED --add-opens=java.base/java.lang.invoke=ALL-UNNAMED --add-opens=java.prefs/java.util.prefs=ALL-UNNAMED --add-opens=java.base/java.nio.charset=ALL-UNNAMED --add-opens=java.base/java.net=ALL-UNNAMED --add-opens=java.base/java.util.concurrent.atomic=ALL-UNNAMED -Xmx2048m -Dfile.encoding=windows-1252 -Duser.country=IN -Duser.language=en -Duser.variant 
java_command: org.gradle.launcher.daemon.bootstrap.GradleDaemon 8.0.1
java_class_path (initial): C:\Users\Asus\.gradle\wrapper\dists\gradle-8.0.1-all\aro4hu1c3oeioove7l0i4i14o\gradle-8.0.1\lib\gradle-launcher-8.0.1.jar
Launcher Type: SUN_STANDARD

[Global flags]
     intx CICompilerCount                          = 12                                        {product} {ergonomic}
   size_t CompressedClassSpaceSize                 = 528482304                                 {product} {ergonomic}
     uint ConcGCThreads                            = 3                                         {product} {ergonomic}
     uint G1ConcRefinementThreads                  = 13                                        {product} {ergonomic}
   size_t G1HeapRegionSize                         = 1048576                                   {product} {ergonomic}
    uintx GCDrainStackTargetSize                   = 64                                        {product} {ergonomic}
   size_t InitialHeapSize                          = 264241152                                 {product} {ergonomic}
   size_t MarkStackSize                            = 4194304                                   {product} {ergonomic}
   size_t MaxHeapSize                              = 2147483648                                {product} {command line}
   size_t MaxMetaspaceSize                         = 536870912                                 {product} {command line}
   size_t MaxNewSize                               = 1287651328                                {product} {ergonomic}
   size_t MinHeapDeltaBytes                        = 1048576                                   {product} {ergonomic}
    uintx NonNMethodCodeHeapSize                   = 7591728                                {pd product} {ergonomic}
    uintx NonProfiledCodeHeapSize                  = 122033256                              {pd product} {ergonomic}
    uintx ProfiledCodeHeapSize                     = 122033256                              {pd product} {ergonomic}
    uintx ReservedCodeCacheSize                    = 251658240                              {pd product} {ergonomic}
     bool SegmentedCodeCache                       = true                                      {product} {ergonomic}
     bool UseCompressedClassPointers               = true                                 {lp64_product} {ergonomic}
     bool UseCompressedOops                        = true                                 {lp64_product} {ergonomic}
     bool UseG1GC                                  = true                                      {product} {ergonomic}
     bool UseLargePagesIndividualAllocation        = false                                  {pd product} {ergonomic}

Logging:
Log output configuration:
 #0: stdout all=warning uptime,level,tags
 #1: stderr all=off uptime,level,tags

Environment Variables:
CLASSPATH=C:\Users\Asus\Desktop\ReactNativeProjects-master\omStoreMain\android\\gradle\wrapper\gradle-wrapper.jar
PATH=C:\Users\Asus\Desktop\ReactNativeProjects-master\omStoreMain\node_modules\.bin;C:\Users\Asus\Desktop\ReactNativeProjects-master\omStoreMain\node_modules\.bin;C:\Users\Asus\Desktop\ReactNativeProjects-master\node_modules\.bin;C:\Users\Asus\Desktop\node_modules\.bin;C:\Users\Asus\node_modules\.bin;C:\Users\node_modules\.bin;C:\node_modules\.bin;C:\Users\Asus\AppData\Roaming\nvm\v18.18.0\node_modules\npm\node_modules\@npmcli\run-script\lib\node-gyp-bin;C:\Users\Asus\Desktop\ReactNativeProjects-master\omStoreMain\node_modules\.bin;C:\Users\Asus\Desktop\ReactNativeProjects-master\node_modules\.bin;C:\Users\Asus\Desktop\node_modules\.bin;C:\Users\Asus\node_modules\.bin;C:\Users\node_modules\.bin;C:\node_modules\.bin;C:\Users\Asus\AppData\Roaming\nvm\v18.18.0\node_modules\npm\node_modules\@npmcli\run-script\lib\node-gyp-bin;C:\Users\Asus\AppData\Local\Android\Sdk;C:\Users\Asus\AppData\Local\Microsoft\WindowsApps;C:\Users\Asus\AppData\Local\Programs\Microsoft VS Code\bin;C:\MinGW\bin;C:\flutter\bin;C:\Users\Asus\AppData\Roaming\nvm;C:\Program Files\nodejs;C:\Users\Asus\AppData\Local\Android\Sdk\cmdline-tools\bin;C:\Users\Asus\AppData\Local\jdk-11.0.2\bin;C:\Users\Asus\AppData\Local\Android\Sdk\tools;
USERNAME=Asus
OS=Windows_NT
PROCESSOR_IDENTIFIER=Intel64 Family 6 Model 154 Stepping 3, GenuineIntel



---------------  S Y S T E M  ---------------

OS: Windows 10 , 64 bit Build 22621 (10.0.22621.3672)

CPU:total 16 (initial active 16) (16 cores per cpu, 1 threads per core) family 6 model 154 stepping 3, cmov, cx8, fxsr, mmx, sse, sse2, sse3, ssse3, sse4.1, sse4.2, popcnt, avx, avx2, aes, clmul, erms, 3dnowpref, lzcnt, tsc, tscinvbit, bmi1, bmi2, adx, sha, fma

Memory: 4k page, system-wide physical 16007M (470M free)
TotalPageFile size 39363M (AvailPageFile size 3M)
current process WorkingSet (physical memory assigned to process): 278M, peak: 314M
current process commit charge ("private bytes"): 454M, peak: 478M

vm_info: OpenJDK 64-Bit Server VM (11.0.2+9) for windows-amd64 JRE (11.0.2+9), built on Jan 18 2019 05:23:22 by "mach5one" with MS VC++ 15.5 (VS2017)

END.
