#
# There is insufficient memory for the Java Runtime Environment to continue.
# Native memory allocation (malloc) failed to allocate 32744 bytes for ChunkPool::allocate
# Possible reasons:
#   The system is out of physical RAM or swap space
#   The process is running with CompressedOops enabled, and the Java Heap may be blocking the growth of the native heap
# Possible solutions:
#   Reduce memory load on the system
#   Increase physical memory or swap space
#   Check if swap backing store is full
#   Decrease Java heap size (-Xmx/-Xms)
#   Decrease number of Java threads
#   Decrease Java thread stack sizes (-Xss)
#   Set larger code cache with -XX:ReservedCodeCacheSize=
#   JVM is running with Unscaled Compressed Oops mode in which the Java heap is
#     placed in the first 4GB address space. The Java Heap base address is the
#     maximum limit for the native heap growth. Please use -XX:HeapBaseMinAddress
#     to set the Java Heap base and to place the Java Heap above 4GB virtual address.
# This output file may be truncated or incomplete.
#
#  Out of Memory Error (t:/workspace/open/src/hotspot/share/memory/arena.cpp:81), pid=10536, tid=17220
#
# JRE version: OpenJDK Runtime Environment (11.0.2+9) (build 11.0.2+9)
# Java VM: OpenJDK 64-Bit Server VM (11.0.2+9, mixed mode, tiered, compressed oops, g1 gc, windows-amd64)
# No core dump will be written. Minidumps are not enabled by default on client versions of Windows
#

---------------  S U M M A R Y ------------

Command Line: -Xmx64m -Xms64m -Dorg.gradle.appname=gradlew org.gradle.wrapper.GradleWrapperMain tasks

Host: AMD A9-9425 RADEON R5, 5 COMPUTE CORES 2C+3G   , 2 cores, 3G,  Windows 10 , 64 bit Build 19041 (10.0.19041.3636)
Time: Wed Dec  6 23:12:15 2023 India Standard Time elapsed time: 14 seconds (0d 0h 0m 14s)

---------------  T H R E A D  ---------------

Current thread (0x000002a64de5a000):  JavaThread "C1 CompilerThread0" daemon [_thread_in_native, id=17220, stack(0x000000b381500000,0x000000b381600000)]


Current CompileTask:
C1:  14289  347       3       java.util.regex.Pattern::escape (1323 bytes)

Stack: [0x000000b381500000,0x000000b381600000]
Native frames: (J=compiled Java code, j=interpreted, Vv=VM code, C=native code)
V  [jvm.dll+0x63489a]
V  [jvm.dll+0x771f9f]
V  [jvm.dll+0x773648]
V  [jvm.dll+0x773d03]
V  [jvm.dll+0x25eba8]
V  [jvm.dll+0xc23bb]
V  [jvm.dll+0xc271c]
V  [jvm.dll+0x115518]
V  [jvm.dll+0x17b16c]
V  [jvm.dll+0x17979b]
V  [jvm.dll+0x12ce7f]
V  [jvm.dll+0x12c689]
V  [jvm.dll+0x12c8bf]
V  [jvm.dll+0x12ba37]
V  [jvm.dll+0x12dad7]
V  [jvm.dll+0x226b3f]
V  [jvm.dll+0x225148]
V  [jvm.dll+0x73774d]
V  [jvm.dll+0x633942]
C  [ucrtbase.dll+0x21bb2]
C  [KERNEL32.DLL+0x17344]
C  [ntdll.dll+0x526b1]


---------------  P R O C E S S  ---------------

Threads class SMR info:
_java_thread_list=0x000002a64df4f060, length=10, elements={
0x000002a6337a7000, 0x000002a64dc80000, 0x000002a64dc82800, 0x000002a64dced800,
0x000002a64dcef000, 0x000002a64dcf2000, 0x000002a64de5a000, 0x000002a64de5f800,
0x000002a64df54800, 0x000002a64df64800
}

Java Threads: ( => current thread )
  0x000002a6337a7000 JavaThread "main" [_thread_in_Java, id=4800, stack(0x000000b380900000,0x000000b380a00000)]
  0x000002a64dc80000 JavaThread "Reference Handler" daemon [_thread_blocked, id=16748, stack(0x000000b381000000,0x000000b381100000)]
  0x000002a64dc82800 JavaThread "Finalizer" daemon [_thread_blocked, id=16720, stack(0x000000b381100000,0x000000b381200000)]
  0x000002a64dced800 JavaThread "Signal Dispatcher" daemon [_thread_blocked, id=16976, stack(0x000000b381200000,0x000000b381300000)]
  0x000002a64dcef000 JavaThread "Attach Listener" daemon [_thread_blocked, id=17020, stack(0x000000b381300000,0x000000b381400000)]
  0x000002a64dcf2000 JavaThread "C2 CompilerThread0" daemon [_thread_in_native, id=14880, stack(0x000000b381400000,0x000000b381500000)]
=>0x000002a64de5a000 JavaThread "C1 CompilerThread0" daemon [_thread_in_native, id=17220, stack(0x000000b381500000,0x000000b381600000)]
  0x000002a64de5f800 JavaThread "Sweeper thread" daemon [_thread_blocked, id=9380, stack(0x000000b381600000,0x000000b381700000)]
  0x000002a64df54800 JavaThread "Service Thread" daemon [_thread_blocked, id=17200, stack(0x000000b381700000,0x000000b381800000)]
  0x000002a64df64800 JavaThread "Common-Cleaner" daemon [_thread_blocked, id=10680, stack(0x000000b381900000,0x000000b381a00000)]

Other Threads:
  0x000002a64dc59000 VMThread "VM Thread" [stack: 0x000000b380f00000,0x000000b381000000] [id=16492]
  0x000002a64df59000 WatcherThread [stack: 0x000000b381800000,0x000000b381900000] [id=11928]
  0x000002a6337c0000 GCTaskThread "GC Thread#0" [stack: 0x000000b380a00000,0x000000b380b00000] [id=16628]
  0x000002a6337c5000 ConcurrentGCThread "G1 Main Marker" [stack: 0x000000b380b00000,0x000000b380c00000] [id=16516]
  0x000002a6337c6800 ConcurrentGCThread "G1 Conc#0" [stack: 0x000000b380c00000,0x000000b380d00000] [id=3692]
  0x000002a633811800 ConcurrentGCThread "G1 Refine#0" [stack: 0x000000b380d00000,0x000000b380e00000] [id=17272]
  0x000002a633812800 ConcurrentGCThread "G1 Young RemSet Sampling" [stack: 0x000000b380e00000,0x000000b380f00000] [id=14064]

Threads with active compile tasks:
C2 CompilerThread0 359       4       java.lang.StringLatin1::toLowerCase (180 bytes)
C1 CompilerThread0 347       3       java.util.regex.Pattern::escape (1323 bytes)

VM state:not at safepoint (normal execution)

VM Mutex/Monitor currently owned by a thread: None

Heap address: 0x00000000fc000000, size: 64 MB, Compressed Oops mode: 32-bit
Narrow klass base: 0x0000000000000000, Narrow klass shift: 3
Compressed class space size: 1073741824 Address: 0x0000000100000000

Heap:
 garbage-first heap   total 65536K, used 6144K [0x00000000fc000000, 0x0000000100000000)
  region size 1024K, 7 young (7168K), 0 survivors (0K)
 Metaspace       used 7063K, capacity 7225K, committed 7424K, reserved 1056768K
  class space    used 629K, capacity 682K, committed 768K, reserved 1048576K
Heap Regions: E=young(eden), S=young(survivor), O=old, HS=humongous(starts), HC=humongous(continues), CS=collection set, F=free, A=archive, TAMS=top-at-mark-start (previous, next)
|   0|0x00000000fc000000, 0x00000000fc000000, 0x00000000fc100000|  0%| F|  |TAMS 0x00000000fc000000, 0x00000000fc000000| Untracked 
|   1|0x00000000fc100000, 0x00000000fc100000, 0x00000000fc200000|  0%| F|  |TAMS 0x00000000fc100000, 0x00000000fc100000| Untracked 
|   2|0x00000000fc200000, 0x00000000fc200000, 0x00000000fc300000|  0%| F|  |TAMS 0x00000000fc200000, 0x00000000fc200000| Untracked 
|   3|0x00000000fc300000, 0x00000000fc300000, 0x00000000fc400000|  0%| F|  |TAMS 0x00000000fc300000, 0x00000000fc300000| Untracked 
|   4|0x00000000fc400000, 0x00000000fc400000, 0x00000000fc500000|  0%| F|  |TAMS 0x00000000fc400000, 0x00000000fc400000| Untracked 
|   5|0x00000000fc500000, 0x00000000fc500000, 0x00000000fc600000|  0%| F|  |TAMS 0x00000000fc500000, 0x00000000fc500000| Untracked 
|   6|0x00000000fc600000, 0x00000000fc600000, 0x00000000fc700000|  0%| F|  |TAMS 0x00000000fc600000, 0x00000000fc600000| Untracked 
|   7|0x00000000fc700000, 0x00000000fc700000, 0x00000000fc800000|  0%| F|  |TAMS 0x00000000fc700000, 0x00000000fc700000| Untracked 
|   8|0x00000000fc800000, 0x00000000fc800000, 0x00000000fc900000|  0%| F|  |TAMS 0x00000000fc800000, 0x00000000fc800000| Untracked 
|   9|0x00000000fc900000, 0x00000000fc900000, 0x00000000fca00000|  0%| F|  |TAMS 0x00000000fc900000, 0x00000000fc900000| Untracked 
|  10|0x00000000fca00000, 0x00000000fca00000, 0x00000000fcb00000|  0%| F|  |TAMS 0x00000000fca00000, 0x00000000fca00000| Untracked 
|  11|0x00000000fcb00000, 0x00000000fcb00000, 0x00000000fcc00000|  0%| F|  |TAMS 0x00000000fcb00000, 0x00000000fcb00000| Untracked 
|  12|0x00000000fcc00000, 0x00000000fcc00000, 0x00000000fcd00000|  0%| F|  |TAMS 0x00000000fcc00000, 0x00000000fcc00000| Untracked 
|  13|0x00000000fcd00000, 0x00000000fcd00000, 0x00000000fce00000|  0%| F|  |TAMS 0x00000000fcd00000, 0x00000000fcd00000| Untracked 
|  14|0x00000000fce00000, 0x00000000fce00000, 0x00000000fcf00000|  0%| F|  |TAMS 0x00000000fce00000, 0x00000000fce00000| Untracked 
|  15|0x00000000fcf00000, 0x00000000fcf00000, 0x00000000fd000000|  0%| F|  |TAMS 0x00000000fcf00000, 0x00000000fcf00000| Untracked 
|  16|0x00000000fd000000, 0x00000000fd000000, 0x00000000fd100000|  0%| F|  |TAMS 0x00000000fd000000, 0x00000000fd000000| Untracked 
|  17|0x00000000fd100000, 0x00000000fd100000, 0x00000000fd200000|  0%| F|  |TAMS 0x00000000fd100000, 0x00000000fd100000| Untracked 
|  18|0x00000000fd200000, 0x00000000fd200000, 0x00000000fd300000|  0%| F|  |TAMS 0x00000000fd200000, 0x00000000fd200000| Untracked 
|  19|0x00000000fd300000, 0x00000000fd300000, 0x00000000fd400000|  0%| F|  |TAMS 0x00000000fd300000, 0x00000000fd300000| Untracked 
|  20|0x00000000fd400000, 0x00000000fd400000, 0x00000000fd500000|  0%| F|  |TAMS 0x00000000fd400000, 0x00000000fd400000| Untracked 
|  21|0x00000000fd500000, 0x00000000fd500000, 0x00000000fd600000|  0%| F|  |TAMS 0x00000000fd500000, 0x00000000fd500000| Untracked 
|  22|0x00000000fd600000, 0x00000000fd600000, 0x00000000fd700000|  0%| F|  |TAMS 0x00000000fd600000, 0x00000000fd600000| Untracked 
|  23|0x00000000fd700000, 0x00000000fd700000, 0x00000000fd800000|  0%| F|  |TAMS 0x00000000fd700000, 0x00000000fd700000| Untracked 
|  24|0x00000000fd800000, 0x00000000fd800000, 0x00000000fd900000|  0%| F|  |TAMS 0x00000000fd800000, 0x00000000fd800000| Untracked 
|  25|0x00000000fd900000, 0x00000000fd900000, 0x00000000fda00000|  0%| F|  |TAMS 0x00000000fd900000, 0x00000000fd900000| Untracked 
|  26|0x00000000fda00000, 0x00000000fda00000, 0x00000000fdb00000|  0%| F|  |TAMS 0x00000000fda00000, 0x00000000fda00000| Untracked 
|  27|0x00000000fdb00000, 0x00000000fdb00000, 0x00000000fdc00000|  0%| F|  |TAMS 0x00000000fdb00000, 0x00000000fdb00000| Untracked 
|  28|0x00000000fdc00000, 0x00000000fdc00000, 0x00000000fdd00000|  0%| F|  |TAMS 0x00000000fdc00000, 0x00000000fdc00000| Untracked 
|  29|0x00000000fdd00000, 0x00000000fdd00000, 0x00000000fde00000|  0%| F|  |TAMS 0x00000000fdd00000, 0x00000000fdd00000| Untracked 
|  30|0x00000000fde00000, 0x00000000fde00000, 0x00000000fdf00000|  0%| F|  |TAMS 0x00000000fde00000, 0x00000000fde00000| Untracked 
|  31|0x00000000fdf00000, 0x00000000fdf00000, 0x00000000fe000000|  0%| F|  |TAMS 0x00000000fdf00000, 0x00000000fdf00000| Untracked 
|  32|0x00000000fe000000, 0x00000000fe000000, 0x00000000fe100000|  0%| F|  |TAMS 0x00000000fe000000, 0x00000000fe000000| Untracked 
|  33|0x00000000fe100000, 0x00000000fe100000, 0x00000000fe200000|  0%| F|  |TAMS 0x00000000fe100000, 0x00000000fe100000| Untracked 
|  34|0x00000000fe200000, 0x00000000fe200000, 0x00000000fe300000|  0%| F|  |TAMS 0x00000000fe200000, 0x00000000fe200000| Untracked 
|  35|0x00000000fe300000, 0x00000000fe300000, 0x00000000fe400000|  0%| F|  |TAMS 0x00000000fe300000, 0x00000000fe300000| Untracked 
|  36|0x00000000fe400000, 0x00000000fe400000, 0x00000000fe500000|  0%| F|  |TAMS 0x00000000fe400000, 0x00000000fe400000| Untracked 
|  37|0x00000000fe500000, 0x00000000fe500000, 0x00000000fe600000|  0%| F|  |TAMS 0x00000000fe500000, 0x00000000fe500000| Untracked 
|  38|0x00000000fe600000, 0x00000000fe600000, 0x00000000fe700000|  0%| F|  |TAMS 0x00000000fe600000, 0x00000000fe600000| Untracked 
|  39|0x00000000fe700000, 0x00000000fe700000, 0x00000000fe800000|  0%| F|  |TAMS 0x00000000fe700000, 0x00000000fe700000| Untracked 
|  40|0x00000000fe800000, 0x00000000fe800000, 0x00000000fe900000|  0%| F|  |TAMS 0x00000000fe800000, 0x00000000fe800000| Untracked 
|  41|0x00000000fe900000, 0x00000000fe900000, 0x00000000fea00000|  0%| F|  |TAMS 0x00000000fe900000, 0x00000000fe900000| Untracked 
|  42|0x00000000fea00000, 0x00000000fea00000, 0x00000000feb00000|  0%| F|  |TAMS 0x00000000fea00000, 0x00000000fea00000| Untracked 
|  43|0x00000000feb00000, 0x00000000feb00000, 0x00000000fec00000|  0%| F|  |TAMS 0x00000000feb00000, 0x00000000feb00000| Untracked 
|  44|0x00000000fec00000, 0x00000000fec00000, 0x00000000fed00000|  0%| F|  |TAMS 0x00000000fec00000, 0x00000000fec00000| Untracked 
|  45|0x00000000fed00000, 0x00000000fed00000, 0x00000000fee00000|  0%| F|  |TAMS 0x00000000fed00000, 0x00000000fed00000| Untracked 
|  46|0x00000000fee00000, 0x00000000fee00000, 0x00000000fef00000|  0%| F|  |TAMS 0x00000000fee00000, 0x00000000fee00000| Untracked 
|  47|0x00000000fef00000, 0x00000000fef00000, 0x00000000ff000000|  0%| F|  |TAMS 0x00000000fef00000, 0x00000000fef00000| Untracked 
|  48|0x00000000ff000000, 0x00000000ff000000, 0x00000000ff100000|  0%| F|  |TAMS 0x00000000ff000000, 0x00000000ff000000| Untracked 
|  49|0x00000000ff100000, 0x00000000ff100000, 0x00000000ff200000|  0%| F|  |TAMS 0x00000000ff100000, 0x00000000ff100000| Untracked 
|  50|0x00000000ff200000, 0x00000000ff200000, 0x00000000ff300000|  0%| F|  |TAMS 0x00000000ff200000, 0x00000000ff200000| Untracked 
|  51|0x00000000ff300000, 0x00000000ff300000, 0x00000000ff400000|  0%| F|  |TAMS 0x00000000ff300000, 0x00000000ff300000| Untracked 
|  52|0x00000000ff400000, 0x00000000ff400000, 0x00000000ff500000|  0%| F|  |TAMS 0x00000000ff400000, 0x00000000ff400000| Untracked 
|  53|0x00000000ff500000, 0x00000000ff500000, 0x00000000ff600000|  0%| F|  |TAMS 0x00000000ff500000, 0x00000000ff500000| Untracked 
|  54|0x00000000ff600000, 0x00000000ff600000, 0x00000000ff700000|  0%| F|  |TAMS 0x00000000ff600000, 0x00000000ff600000| Untracked 
|  55|0x00000000ff700000, 0x00000000ff700000, 0x00000000ff800000|  0%| F|  |TAMS 0x00000000ff700000, 0x00000000ff700000| Untracked 
|  56|0x00000000ff800000, 0x00000000ff800000, 0x00000000ff900000|  0%| F|  |TAMS 0x00000000ff800000, 0x00000000ff800000| Untracked 
|  57|0x00000000ff900000, 0x00000000ff9d8400, 0x00000000ffa00000| 84%| E|  |TAMS 0x00000000ff900000, 0x00000000ff900000| Complete 
|  58|0x00000000ffa00000, 0x00000000ffb00000, 0x00000000ffb00000|100%| E|CS|TAMS 0x00000000ffa00000, 0x00000000ffa00000| Complete 
|  59|0x00000000ffb00000, 0x00000000ffc00000, 0x00000000ffc00000|100%| E|CS|TAMS 0x00000000ffb00000, 0x00000000ffb00000| Complete 
|  60|0x00000000ffc00000, 0x00000000ffd00000, 0x00000000ffd00000|100%| E|CS|TAMS 0x00000000ffc00000, 0x00000000ffc00000| Complete 
|  61|0x00000000ffd00000, 0x00000000ffe00000, 0x00000000ffe00000|100%| E|CS|TAMS 0x00000000ffd00000, 0x00000000ffd00000| Complete 
|  62|0x00000000ffe00000, 0x00000000fff00000, 0x00000000fff00000|100%| E|CS|TAMS 0x00000000ffe00000, 0x00000000ffe00000| Complete 
|  63|0x00000000fff00000, 0x0000000100000000, 0x0000000100000000|100%| E|CS|TAMS 0x00000000fff00000, 0x00000000fff00000| Complete 

Card table byte_map: [0x000002a64aed0000,0x000002a64aef0000] _byte_map_base: 0x000002a64a6f0000

Marking Bits (Prev, Next): (CMBitMap*) 0x000002a6337c3d28, (CMBitMap*) 0x000002a6337c3d60
 Prev Bits: [0x000002a64af10000, 0x000002a64b010000)
 Next Bits: [0x000002a64b010000, 0x000002a64b110000)

Polling page: 0x000002a633730000

Metaspace:

Usage:
  Non-class:      6.39 MB capacity,     6.28 MB ( 98%) used,   104.29 KB (  2%) free+waste,     5.06 KB ( <1%) overhead. 
      Class:    682.00 KB capacity,   629.84 KB ( 92%) used,    49.73 KB (  7%) free+waste,     2.44 KB ( <1%) overhead. 
       Both:      7.06 MB capacity,     6.90 MB ( 98%) used,   154.02 KB (  2%) free+waste,     7.50 KB ( <1%) overhead. 

Virtual space:
  Non-class space:        8.00 MB reserved,       6.50 MB ( 81%) committed 
      Class space:        1.00 GB reserved,     768.00 KB ( <1%) committed 
             Both:        1.01 GB reserved,       7.25 MB ( <1%) committed 

Chunk freelists:
   Non-Class:  6.13 KB
       Class:  0 bytes
        Both:  6.13 KB

CodeHeap 'non-profiled nmethods': size=120064Kb used=103Kb max_used=103Kb free=119960Kb
 bounds [0x000002a643590000, 0x000002a643800000, 0x000002a64aad0000]
CodeHeap 'profiled nmethods': size=120000Kb used=563Kb max_used=563Kb free=119436Kb
 bounds [0x000002a63c060000, 0x000002a63c2d0000, 0x000002a643590000]
CodeHeap 'non-nmethods': size=5696Kb used=1059Kb max_used=1072Kb free=4636Kb
 bounds [0x000002a63bad0000, 0x000002a63bd40000, 0x000002a63c060000]
 total_blobs=808 nmethods=351 adapters=262
 compilation: enabled
              stopped_count=0, restarted_count=0
 full_count=0

Compilation events (10 events):
Event: 13.345 Thread 0x000002a64de5a000 nmethod 337 0x000002a63c0ea990 code [0x000002a63c0eab40, 0x000002a63c0ead58]
Event: 13.346 Thread 0x000002a64de5a000  339       3       jdk.internal.org.objectweb.asm.ByteVector::put12 (64 bytes)
Event: 13.346 Thread 0x000002a64de5a000 nmethod 339 0x000002a63c0eae10 code [0x000002a63c0eafe0, 0x000002a63c0eb270]
Event: 13.346 Thread 0x000002a64de5a000  340       3       jdk.internal.org.objectweb.asm.Item::isEqualTo (354 bytes)
Event: 13.347 Thread 0x000002a64de5a000 nmethod 340 0x000002a63c0eb410 code [0x000002a63c0eb680, 0x000002a63c0ec1d0]
Event: 13.347 Thread 0x000002a64de5a000  342       3       java.lang.ref.WeakReference::<init> (7 bytes)
Event: 13.348 Thread 0x000002a64de5a000 nmethod 342 0x000002a63c0ec510 code [0x000002a63c0ec6e0, 0x000002a63c0eca18]
Event: 13.349 Thread 0x000002a64de5a000  345       3       jdk.internal.misc.Unsafe::getLong (7 bytes)
Event: 13.350 Thread 0x000002a64de5a000 nmethod 345 0x000002a63c0ecb10 code [0x000002a63c0eccc0, 0x000002a63c0ece38]
Event: 13.391 Thread 0x000002a64de5a000  347       3       java.util.regex.Pattern::escape (1323 bytes)

GC Heap History (0 events):
No events

Deoptimization events (1 events):
Event: 5.335 Thread 0x000002a6337a7000 Uncommon trap: reason=unstable_if action=reinterpret pc=0x000002a643594b7c method=java.lang.String.hashCode()I @ 14 c2

Classes redefined (0 events):
No events

Internal exceptions (3 events):
Event: 9.862 Thread 0x000002a6337a7000 Exception <a 'java/lang/NoSuchMethodError'{0x00000000ffc2cb28}: java.lang.invoke.DirectMethodHandle$Holder.invokeStaticInit(Ljava/lang/Object;Ljava/lang/Object;)I> (0x00000000ffc2cb28) thrown at [t:/workspace/open/src/hotspot/share/interpreter/linkResolve
Event: 13.321 Thread 0x000002a6337a7000 Exception <a 'java/lang/NoSuchMethodError'{0x00000000ffb020c8}: java.lang.invoke.DirectMethodHandle$Holder.invokeSpecial(Ljava/lang/Object;Ljava/lang/Object;Ljava/lang/Object;Ljava/lang/Object;)I> (0x00000000ffb020c8) thrown at [t:/workspace/open/src/hots
Event: 13.342 Thread 0x000002a6337a7000 Exception <a 'java/lang/NoSuchMethodError'{0x00000000ffb3a670}: java.lang.invoke.DirectMethodHandle$Holder.invokeSpecialIFC(Ljava/lang/Object;Ljava/lang/Object;I)I> (0x00000000ffb3a670) thrown at [t:/workspace/open/src/hotspot/share/interpreter/linkResolv

Events (10 events):
Event: 13.337 loading class java/lang/invoke/DirectMethodHandle$Constructor
Event: 13.337 loading class java/lang/invoke/DirectMethodHandle$Constructor done
Event: 13.338 loading class org/gradle/util/internal/GUtil
Event: 13.338 loading class org/gradle/util/internal/GUtil done
Event: 13.340 loading class org/gradle/internal/InternalTransformer
Event: 13.340 loading class org/gradle/internal/InternalTransformer done
Event: 13.349 loading class org/gradle/internal/IoActions
Event: 13.349 loading class org/gradle/internal/IoActions done
Event: 13.358 loading class org/gradle/api/Action
Event: 13.358 loading class org/gradle/api/Action done


Dynamic libraries:
0x00007ff644b90000 - 0x00007ff644bd5000 	C:\Users\rishi\AppData\Local\jdk-11.0.2\bin\java.exe
0x00007fff93390000 - 0x00007fff93588000 	C:\Windows\SYSTEM32\ntdll.dll
0x00007fff91820000 - 0x00007fff918dd000 	C:\Windows\System32\KERNEL32.DLL
0x00007fff90bd0000 - 0x00007fff90ec6000 	C:\Windows\System32\KERNELBASE.dll
0x00007fff92ac0000 - 0x00007fff92c5e000 	C:\Windows\System32\USER32.dll
0x00007fff90b30000 - 0x00007fff90b52000 	C:\Windows\System32\win32u.dll
0x00007fff920e0000 - 0x00007fff9210c000 	C:\Windows\System32\GDI32.dll
0x00007fff91020000 - 0x00007fff9113a000 	C:\Windows\System32\gdi32full.dll
0x00007fff90f80000 - 0x00007fff9101d000 	C:\Windows\System32\msvcp_win.dll
0x00007fff912f0000 - 0x00007fff913f0000 	C:\Windows\System32\ucrtbase.dll
0x00007fff77fc0000 - 0x00007fff7825a000 	C:\Windows\WinSxS\amd64_microsoft.windows.common-controls_6595b64144ccf1df_6.0.19041.3636_none_60b6a03d71f818d5\COMCTL32.dll
0x00007fff91e90000 - 0x00007fff91f2e000 	C:\Windows\System32\msvcrt.dll
0x00007fff918e0000 - 0x00007fff91910000 	C:\Windows\System32\IMM32.DLL
0x00007fff7df00000 - 0x00007fff7df16000 	C:\Users\rishi\AppData\Local\jdk-11.0.2\bin\vcruntime140.dll
0x00007fff45180000 - 0x00007fff4522a000 	C:\Users\rishi\AppData\Local\jdk-11.0.2\bin\msvcp140.dll
0x00007fff29b40000 - 0x00007fff2a663000 	C:\Users\rishi\AppData\Local\jdk-11.0.2\bin\server\jvm.dll
0x00007fff91a70000 - 0x00007fff91b1f000 	C:\Windows\System32\ADVAPI32.dll
0x00007fff91520000 - 0x00007fff915bc000 	C:\Windows\System32\sechost.dll
0x00007fff93210000 - 0x00007fff93336000 	C:\Windows\System32\RPCRT4.dll
0x00007fff91b20000 - 0x00007fff91b28000 	C:\Windows\System32\PSAPI.DLL
0x00007fff374d0000 - 0x00007fff374d9000 	C:\Windows\SYSTEM32\WSOCK32.dll
0x00007fff92c60000 - 0x00007fff92ccb000 	C:\Windows\System32\WS2_32.dll
0x00007fff87750000 - 0x00007fff87777000 	C:\Windows\SYSTEM32\WINMM.dll
0x00007fff87780000 - 0x00007fff8778a000 	C:\Windows\SYSTEM32\VERSION.dll
0x00007fff8f2a0000 - 0x00007fff8f2b2000 	C:\Windows\SYSTEM32\kernel.appcore.dll
0x00007fff78450000 - 0x00007fff78461000 	C:\Users\rishi\AppData\Local\jdk-11.0.2\bin\verify.dll
0x00007fff8f080000 - 0x00007fff8f264000 	C:\Windows\SYSTEM32\DBGHELP.DLL
0x00007fff7be40000 - 0x00007fff7be74000 	C:\Windows\SYSTEM32\dbgcore.DLL
0x00007fff90aa0000 - 0x00007fff90b22000 	C:\Windows\System32\bcryptPrimitives.dll
0x00007fff78420000 - 0x00007fff78448000 	C:\Users\rishi\AppData\Local\jdk-11.0.2\bin\java.dll
0x00007fff78400000 - 0x00007fff78416000 	C:\Users\rishi\AppData\Local\jdk-11.0.2\bin\zip.dll
0x00007fff887a0000 - 0x00007fff887aa000 	C:\Users\rishi\AppData\Local\jdk-11.0.2\bin\jimage.dll
0x00007fff92140000 - 0x00007fff92884000 	C:\Windows\System32\SHELL32.dll
0x00007fff8e820000 - 0x00007fff8efbb000 	C:\Windows\SYSTEM32\windows.storage.dll
0x00007fff91b30000 - 0x00007fff91e84000 	C:\Windows\System32\combase.dll
0x00007fff90440000 - 0x00007fff9046d000 	C:\Windows\SYSTEM32\Wldp.dll
0x00007fff92890000 - 0x00007fff9293d000 	C:\Windows\System32\SHCORE.dll
0x00007fff929a0000 - 0x00007fff929f5000 	C:\Windows\System32\shlwapi.dll
0x00007fff909a0000 - 0x00007fff909c5000 	C:\Windows\SYSTEM32\profapi.dll
0x00007fff776d0000 - 0x00007fff776e9000 	C:\Users\rishi\AppData\Local\jdk-11.0.2\bin\net.dll
0x00007fff84cc0000 - 0x00007fff84dca000 	C:\Windows\SYSTEM32\WINHTTP.dll
0x00007fff7f860000 - 0x00007fff7fa4d000 	C:\Windows\SYSTEM32\urlmon.dll
0x00007fff7f5a0000 - 0x00007fff7f85c000 	C:\Windows\SYSTEM32\iertutil.dll
0x00007fff7f570000 - 0x00007fff7f598000 	C:\Windows\SYSTEM32\srvcli.dll
0x00007fff8ff40000 - 0x00007fff8ff4c000 	C:\Windows\SYSTEM32\netutils.dll
0x00007fff90140000 - 0x00007fff901aa000 	C:\Windows\system32\mswsock.dll
0x00007fff57020000 - 0x00007fff57033000 	C:\Users\rishi\AppData\Local\jdk-11.0.2\bin\nio.dll

dbghelp: loaded successfully - version: 4.0.5 - missing functions: none
symbol engine: initialized successfully - sym options: 0x614 - pdb path: .;C:\Users\rishi\AppData\Local\jdk-11.0.2\bin;C:\Windows\SYSTEM32;C:\Windows\WinSxS\amd64_microsoft.windows.common-controls_6595b64144ccf1df_6.0.19041.3636_none_60b6a03d71f818d5;C:\Users\rishi\AppData\Local\jdk-11.0.2\bin\server

VM Arguments:
jvm_args: -Xmx64m -Xms64m -Dorg.gradle.appname=gradlew 
java_command: org.gradle.wrapper.GradleWrapperMain tasks
java_class_path (initial): C:\Users\rishi\Desktop\OmStoreMain\omStoreMain\android\\gradle\wrapper\gradle-wrapper.jar
Launcher Type: SUN_STANDARD

[Global flags]
     intx CICompilerCount                          = 2                                         {product} {ergonomic}
     uint ConcGCThreads                            = 1                                         {product} {ergonomic}
     uint G1ConcRefinementThreads                  = 2                                         {product} {ergonomic}
   size_t G1HeapRegionSize                         = 1048576                                   {product} {ergonomic}
    uintx GCDrainStackTargetSize                   = 64                                        {product} {ergonomic}
   size_t InitialHeapSize                          = 67108864                                  {product} {command line}
   size_t MarkStackSize                            = 4194304                                   {product} {ergonomic}
   size_t MaxHeapSize                              = 67108864                                  {product} {command line}
   size_t MaxNewSize                               = 39845888                                  {product} {ergonomic}
   size_t MinHeapDeltaBytes                        = 1048576                                   {product} {ergonomic}
    uintx NonNMethodCodeHeapSize                   = 5824844                                {pd product} {ergonomic}
    uintx NonProfiledCodeHeapSize                  = 122916698                              {pd product} {ergonomic}
    uintx ProfiledCodeHeapSize                     = 122916698                              {pd product} {ergonomic}
    uintx ReservedCodeCacheSize                    = 251658240                              {pd product} {ergonomic}
     bool SegmentedCodeCache                       = true                                      {product} {ergonomic}
     bool UseCompressedClassPointers               = true                                 {lp64_product} {ergonomic}
     bool UseCompressedOops                        = true                                 {lp64_product} {ergonomic}
     bool UseG1GC                                  = true                                      {product} {ergonomic}
     bool UseLargePagesIndividualAllocation        = false                                  {pd product} {ergonomic}

Logging:
Log output configuration:
 #0: stdout all=warning uptime,level,tags
 #1: stderr all=off uptime,level,tags

Environment Variables:
JAVA_HOME=C:\Users\rishi\AppData\Local\jdk-11.0.2
CLASSPATH=C:\Users\rishi\Desktop\OmStoreMain\omStoreMain\android\\gradle\wrapper\gradle-wrapper.jar
PATH=C:\Users\rishi\Desktop\OmStoreMain\omStoreMain\node_modules\.bin;C:\Users\rishi\Desktop\OmStoreMain\omStoreMain\node_modules\.bin;C:\Users\rishi\Desktop\OmStoreMain\node_modules\.bin;C:\Users\rishi\Desktop\node_modules\.bin;C:\Users\rishi\node_modules\.bin;C:\Users\node_modules\.bin;C:\node_modules\.bin;C:\Users\rishi\AppData\Roaming\npm\node_modules\npm\node_modules\@npmcli\run-script\lib\node-gyp-bin;C:\Users\rishi\Desktop\OmStoreMain\omStoreMain\node_modules\.bin;C:\Users\rishi\Desktop\OmStoreMain\node_modules\.bin;C:\Users\rishi\Desktop\node_modules\.bin;C:\Users\rishi\node_modules\.bin;C:\Users\node_modules\.bin;C:\node_modules\.bin;C:\Users\rishi\AppData\Roaming\npm\node_modules\npm\node_modules\@npmcli\run-script\lib\node-gyp-bin;C:\Program Files (x86)\Common Files\Oracle\Java\javapath;C:\Program Files (x86)\NVIDIA Corporation\PhysX\Common;C:\Windows\system32;C:\Windows;C:\Windows\System32\Wbem;C:\Windows\System32\WindowsPowerShell\v1.0\;C:\Windows\System32\OpenSSH\;C:\Program Files (x86)\Windows Kits\8.1\Windows Performance Toolkit\;C:\MinGW\bin;C:\Program Files\nodejs\;C:\Users\rishi\AppData\Local\Android\Sdk;C:\Users\rishi\AppData\Local\Android\Sdk\cmdline-tools\bin;C:\Users\rishi\AppData\Local\Android\Sdk\platform-tools;C:\Users\rishi\AppData\Local\Android\Sdk\tools;C:\Users\rishi\AppData\Local\jdk-11.0.2\bin;C:\Users\rishi\AppData\Local\Android\Sdk\tools;C:\Users\rishi\AppData\Local\jdk-11.0.2\bin;C:\Users\rishi\AppData\Local\Android\Sdk\tools;C:\Users\rishi\AppData\Local\jdk-11.0.2\bin;C:\Users\rishi\AppData\Local\Programs\Python\Python38\Scripts\;C:\Users\rishi\AppData\Local\Programs\Python\Python38\;C:\Users\rishi\AppData\Local\Programs\Python\Launcher\;C:\Program Files\MySQL\MySQL Shell 8.0\bin\;C:\Users\rishi\AppData\Local\Microsoft\WindowsApps;C:\MinGW\bin;C:\Users\rishi\AppData\Local\Programs\Microsoft VS Code\bin;C:\Users\rishi\AppData\Roaming\npm;C:\Users\rishi\AppData\Local\Android\Sdk;C:\Users\rishi\AppData\Local\Android\Sdk\cmdline-tools\bi
USERNAME=rishi
OS=Windows_NT
PROCESSOR_IDENTIFIER=AMD64 Family 21 Model 112 Stepping 0, AuthenticAMD



---------------  S Y S T E M  ---------------

OS: Windows 10 , 64 bit Build 19041 (10.0.19041.3636)

CPU:total 2 (initial active 2) (2 cores per cpu, 1 threads per core) family 21 model 112 stepping 0, cmov, cx8, fxsr, mmx, sse, sse2, sse3, ssse3, sse4.1, sse4.2, popcnt, avx, avx2, aes, clmul, mmxext, 3dnowpref, lzcnt, sse4a, tsc, tscinvbit, tscinv, bmi1, bmi2, fma

Memory: 4k page, system-wide physical 3977M (243M free)
TotalPageFile size 16265M (AvailPageFile size 0M)
current process WorkingSet (physical memory assigned to process): 42M, peak: 42M
current process commit charge ("private bytes"): 131M, peak: 131M

vm_info: OpenJDK 64-Bit Server VM (11.0.2+9) for windows-amd64 JRE (11.0.2+9), built on Jan 18 2019 05:23:22 by "mach5one" with MS VC++ 15.5 (VS2017)

END.
