#
# There is insufficient memory for the Java Runtime Environment to continue.
# Native memory allocation (malloc) failed to allocate 32744 bytes for ChunkPool::allocate
# Possible reasons:
#   The system is out of physical RAM or swap space
#   The process is running with CompressedOops enabled, and the Java Heap may be blocking the growth of the native heap
# Possible solutions:
#   Reduce memory load on the system
#   Increase physical memory or swap space
#   Check if swap backing store is full
#   Decrease Java heap size (-Xmx/-Xms)
#   Decrease number of Java threads
#   Decrease Java thread stack sizes (-Xss)
#   Set larger code cache with -XX:ReservedCodeCacheSize=
#   JVM is running with Unscaled Compressed Oops mode in which the Java heap is
#     placed in the first 4GB address space. The Java Heap base address is the
#     maximum limit for the native heap growth. Please use -XX:HeapBaseMinAddress
#     to set the Java Heap base and to place the Java Heap above 4GB virtual address.
# This output file may be truncated or incomplete.
#
#  Out of Memory Error (t:/workspace/open/src/hotspot/share/memory/arena.cpp:81), pid=25972, tid=28712
#
# JRE version: OpenJDK Runtime Environment (11.0.2+9) (build 11.0.2+9)
# Java VM: OpenJDK 64-Bit Server VM (11.0.2+9, mixed mode, tiered, compressed oops, g1 gc, windows-amd64)
# No core dump will be written. Minidumps are not enabled by default on client versions of Windows
#

---------------  S U M M A R Y ------------

Command Line: -Xmx64m -Xms64m -Dorg.gradle.appname=gradlew org.gradle.wrapper.GradleWrapperMain tasks

Host: 12th Gen Intel(R) Core(TM) i5-12500H, 16 cores, 15G,  Windows 10 , 64 bit Build 22621 (10.0.22621.3672)
Time: Fri Jul  5 11:38:23 2024 India Standard Time elapsed time: 21 seconds (0d 0h 0m 21s)

---------------  T H R E A D  ---------------

Current thread (0x000001f04d598800):  JavaThread "C1 CompilerThread0" daemon [_thread_in_native, id=28712, stack(0x00000024a4e00000,0x00000024a4f00000)]


Current CompileTask:
C1:  21350 1289   !   3       java.io.WinNTFileSystem::resolve (362 bytes)

Stack: [0x00000024a4e00000,0x00000024a4f00000]
Native frames: (J=compiled Java code, j=interpreted, Vv=VM code, C=native code)
V  [jvm.dll+0x63489a]
V  [jvm.dll+0x771f9f]
V  [jvm.dll+0x773648]
V  [jvm.dll+0x773d03]
V  [jvm.dll+0x25eba8]
V  [jvm.dll+0xc23bb]
V  [jvm.dll+0xc271c]
V  [jvm.dll+0x1792f4]
V  [jvm.dll+0x175749]
V  [jvm.dll+0x177b21]
V  [jvm.dll+0x1797c1]
V  [jvm.dll+0x12ce7f]
V  [jvm.dll+0x12c689]
V  [jvm.dll+0x12c8bf]
V  [jvm.dll+0x12ba37]
V  [jvm.dll+0x12dad7]
V  [jvm.dll+0x226b3f]
V  [jvm.dll+0x225148]
V  [jvm.dll+0x73774d]
V  [jvm.dll+0x633942]
C  [ucrtbase.dll+0x29333]
C  [KERNEL32.DLL+0x1257d]
C  [ntdll.dll+0x5af28]


---------------  P R O C E S S  ---------------

Threads class SMR info:
_java_thread_list=0x000001f04f73ec50, length=11, elements={
0x000001f03286c800, 0x000001f04d586000, 0x000001f04d589800, 0x000001f04d5ed800,
0x000001f04d5f0000, 0x000001f04d5f2000, 0x000001f04d598800, 0x000001f04d59b800,
0x000001f04e05c000, 0x000001f04e070800, 0x000001f04f0c1000
}

Java Threads: ( => current thread )
  0x000001f03286c800 JavaThread "main" [_thread_in_native, id=23344, stack(0x00000024a4100000,0x00000024a4200000)]
  0x000001f04d586000 JavaThread "Reference Handler" daemon [_thread_blocked, id=28024, stack(0x00000024a4800000,0x00000024a4900000)]
  0x000001f04d589800 JavaThread "Finalizer" daemon [_thread_blocked, id=42952, stack(0x00000024a4900000,0x00000024a4a00000)]
  0x000001f04d5ed800 JavaThread "Signal Dispatcher" daemon [_thread_blocked, id=15632, stack(0x00000024a4b00000,0x00000024a4c00000)]
  0x000001f04d5f0000 JavaThread "Attach Listener" daemon [_thread_blocked, id=43864, stack(0x00000024a4c00000,0x00000024a4d00000)]
  0x000001f04d5f2000 JavaThread "C2 CompilerThread0" daemon [_thread_blocked, id=31500, stack(0x00000024a4d00000,0x00000024a4e00000)]
=>0x000001f04d598800 JavaThread "C1 CompilerThread0" daemon [_thread_in_native, id=28712, stack(0x00000024a4e00000,0x00000024a4f00000)]
  0x000001f04d59b800 JavaThread "Sweeper thread" daemon [_thread_blocked, id=42632, stack(0x00000024a4f00000,0x00000024a5000000)]
  0x000001f04e05c000 JavaThread "Service Thread" daemon [_thread_blocked, id=38400, stack(0x00000024a5300000,0x00000024a5400000)]
  0x000001f04e070800 JavaThread "Common-Cleaner" daemon [_thread_blocked, id=29804, stack(0x00000024a5500000,0x00000024a5600000)]
  0x000001f04f0c1000 JavaThread "pool-1-thread-1" [_thread_blocked, id=45108, stack(0x00000024a5800000,0x00000024a5900000)]

Other Threads:
  0x000001f04d55f800 VMThread "VM Thread" [stack: 0x00000024a4700000,0x00000024a4800000] [id=33324]
  0x000001f04e068800 WatcherThread [stack: 0x00000024a5400000,0x00000024a5500000] [id=40284]
  0x000001f032883000 GCTaskThread "GC Thread#0" [stack: 0x00000024a4200000,0x00000024a4300000] [id=39336]
  0x000001f04ec12800 GCTaskThread "GC Thread#1" [stack: 0x00000024a5600000,0x00000024a5700000] [id=11344]
  0x000001f03288a000 ConcurrentGCThread "G1 Main Marker" [stack: 0x00000024a4300000,0x00000024a4400000] [id=43156]
  0x000001f03288b800 ConcurrentGCThread "G1 Conc#0" [stack: 0x00000024a4400000,0x00000024a4500000] [id=41724]
  0x000001f032907000 ConcurrentGCThread "G1 Refine#0" [stack: 0x00000024a4500000,0x00000024a4600000] [id=35492]
  0x000001f032909000 ConcurrentGCThread "G1 Young RemSet Sampling" [stack: 0x00000024a4600000,0x00000024a4700000] [id=30812]

Threads with active compile tasks:
C1 CompilerThread01289   !   3       java.io.WinNTFileSystem::resolve (362 bytes)

VM state:not at safepoint (normal execution)

VM Mutex/Monitor currently owned by a thread: None

Heap address: 0x00000000fc000000, size: 64 MB, Compressed Oops mode: 32-bit
Narrow klass base: 0x0000000000000000, Narrow klass shift: 3
Compressed class space size: 1073741824 Address: 0x0000000100000000

Heap:
 garbage-first heap   total 65536K, used 30688K [0x00000000fc000000, 0x0000000100000000)
  region size 1024K, 24 young (24576K), 3 survivors (3072K)
 Metaspace       used 14638K, capacity 14927K, committed 15232K, reserved 1062912K
  class space    used 1687K, capacity 1808K, committed 1920K, reserved 1048576K
Heap Regions: E=young(eden), S=young(survivor), O=old, HS=humongous(starts), HC=humongous(continues), CS=collection set, F=free, A=archive, TAMS=top-at-mark-start (previous, next)
|   0|0x00000000fc000000, 0x00000000fc100000, 0x00000000fc100000|100%|HS|  |TAMS 0x00000000fc000000, 0x00000000fc000000| Complete 
|   1|0x00000000fc100000, 0x00000000fc200000, 0x00000000fc200000|100%|HC|  |TAMS 0x00000000fc100000, 0x00000000fc100000| Complete 
|   2|0x00000000fc200000, 0x00000000fc300000, 0x00000000fc300000|100%|HC|  |TAMS 0x00000000fc200000, 0x00000000fc200000| Complete 
|   3|0x00000000fc300000, 0x00000000fc400000, 0x00000000fc400000|100%|HC|  |TAMS 0x00000000fc300000, 0x00000000fc300000| Complete 
|   4|0x00000000fc400000, 0x00000000fc500000, 0x00000000fc500000|100%| O|  |TAMS 0x00000000fc400000, 0x00000000fc400000| Untracked 
|   5|0x00000000fc500000, 0x00000000fc600000, 0x00000000fc600000|100%| O|  |TAMS 0x00000000fc500000, 0x00000000fc500000| Untracked 
|   6|0x00000000fc600000, 0x00000000fc6f8000, 0x00000000fc700000| 96%| O|  |TAMS 0x00000000fc600000, 0x00000000fc600000| Untracked 
|   7|0x00000000fc700000, 0x00000000fc700000, 0x00000000fc800000|  0%| F|  |TAMS 0x00000000fc700000, 0x00000000fc700000| Untracked 
|   8|0x00000000fc800000, 0x00000000fc800000, 0x00000000fc900000|  0%| F|  |TAMS 0x00000000fc800000, 0x00000000fc800000| Untracked 
|   9|0x00000000fc900000, 0x00000000fc900000, 0x00000000fca00000|  0%| F|  |TAMS 0x00000000fc900000, 0x00000000fc900000| Untracked 
|  10|0x00000000fca00000, 0x00000000fca00000, 0x00000000fcb00000|  0%| F|  |TAMS 0x00000000fca00000, 0x00000000fca00000| Untracked 
|  11|0x00000000fcb00000, 0x00000000fcb00000, 0x00000000fcc00000|  0%| F|  |TAMS 0x00000000fcb00000, 0x00000000fcb00000| Untracked 
|  12|0x00000000fcc00000, 0x00000000fcc00000, 0x00000000fcd00000|  0%| F|  |TAMS 0x00000000fcc00000, 0x00000000fcc00000| Untracked 
|  13|0x00000000fcd00000, 0x00000000fcd00000, 0x00000000fce00000|  0%| F|  |TAMS 0x00000000fcd00000, 0x00000000fcd00000| Untracked 
|  14|0x00000000fce00000, 0x00000000fce00000, 0x00000000fcf00000|  0%| F|  |TAMS 0x00000000fce00000, 0x00000000fce00000| Untracked 
|  15|0x00000000fcf00000, 0x00000000fcf00000, 0x00000000fd000000|  0%| F|  |TAMS 0x00000000fcf00000, 0x00000000fcf00000| Untracked 
|  16|0x00000000fd000000, 0x00000000fd000000, 0x00000000fd100000|  0%| F|  |TAMS 0x00000000fd000000, 0x00000000fd000000| Untracked 
|  17|0x00000000fd100000, 0x00000000fd100000, 0x00000000fd200000|  0%| F|  |TAMS 0x00000000fd100000, 0x00000000fd100000| Untracked 
|  18|0x00000000fd200000, 0x00000000fd200000, 0x00000000fd300000|  0%| F|  |TAMS 0x00000000fd200000, 0x00000000fd200000| Untracked 
|  19|0x00000000fd300000, 0x00000000fd300000, 0x00000000fd400000|  0%| F|  |TAMS 0x00000000fd300000, 0x00000000fd300000| Untracked 
|  20|0x00000000fd400000, 0x00000000fd400000, 0x00000000fd500000|  0%| F|  |TAMS 0x00000000fd400000, 0x00000000fd400000| Untracked 
|  21|0x00000000fd500000, 0x00000000fd500000, 0x00000000fd600000|  0%| F|  |TAMS 0x00000000fd500000, 0x00000000fd500000| Untracked 
|  22|0x00000000fd600000, 0x00000000fd600000, 0x00000000fd700000|  0%| F|  |TAMS 0x00000000fd600000, 0x00000000fd600000| Untracked 
|  23|0x00000000fd700000, 0x00000000fd700000, 0x00000000fd800000|  0%| F|  |TAMS 0x00000000fd700000, 0x00000000fd700000| Untracked 
|  24|0x00000000fd800000, 0x00000000fd800000, 0x00000000fd900000|  0%| F|  |TAMS 0x00000000fd800000, 0x00000000fd800000| Untracked 
|  25|0x00000000fd900000, 0x00000000fd900000, 0x00000000fda00000|  0%| F|  |TAMS 0x00000000fd900000, 0x00000000fd900000| Untracked 
|  26|0x00000000fda00000, 0x00000000fda00000, 0x00000000fdb00000|  0%| F|  |TAMS 0x00000000fda00000, 0x00000000fda00000| Untracked 
|  27|0x00000000fdb00000, 0x00000000fdb00000, 0x00000000fdc00000|  0%| F|  |TAMS 0x00000000fdb00000, 0x00000000fdb00000| Untracked 
|  28|0x00000000fdc00000, 0x00000000fdc00000, 0x00000000fdd00000|  0%| F|  |TAMS 0x00000000fdc00000, 0x00000000fdc00000| Untracked 
|  29|0x00000000fdd00000, 0x00000000fdd00000, 0x00000000fde00000|  0%| F|  |TAMS 0x00000000fdd00000, 0x00000000fdd00000| Untracked 
|  30|0x00000000fde00000, 0x00000000fde00000, 0x00000000fdf00000|  0%| F|  |TAMS 0x00000000fde00000, 0x00000000fde00000| Untracked 
|  31|0x00000000fdf00000, 0x00000000fdf00000, 0x00000000fe000000|  0%| F|  |TAMS 0x00000000fdf00000, 0x00000000fdf00000| Untracked 
|  32|0x00000000fe000000, 0x00000000fe000000, 0x00000000fe100000|  0%| F|  |TAMS 0x00000000fe000000, 0x00000000fe000000| Untracked 
|  33|0x00000000fe100000, 0x00000000fe100000, 0x00000000fe200000|  0%| F|  |TAMS 0x00000000fe100000, 0x00000000fe100000| Untracked 
|  34|0x00000000fe200000, 0x00000000fe200000, 0x00000000fe300000|  0%| F|  |TAMS 0x00000000fe200000, 0x00000000fe200000| Untracked 
|  35|0x00000000fe300000, 0x00000000fe300000, 0x00000000fe400000|  0%| F|  |TAMS 0x00000000fe300000, 0x00000000fe300000| Untracked 
|  36|0x00000000fe400000, 0x00000000fe400000, 0x00000000fe500000|  0%| F|  |TAMS 0x00000000fe400000, 0x00000000fe400000| Untracked 
|  37|0x00000000fe500000, 0x00000000fe600000, 0x00000000fe600000|100%| S|CS|TAMS 0x00000000fe500000, 0x00000000fe500000| Complete 
|  38|0x00000000fe600000, 0x00000000fe700000, 0x00000000fe700000|100%| S|CS|TAMS 0x00000000fe600000, 0x00000000fe600000| Complete 
|  39|0x00000000fe700000, 0x00000000fe800000, 0x00000000fe800000|100%| S|CS|TAMS 0x00000000fe700000, 0x00000000fe700000| Complete 
|  40|0x00000000fe800000, 0x00000000fe800000, 0x00000000fe900000|  0%| F|  |TAMS 0x00000000fe800000, 0x00000000fe800000| Untracked 
|  41|0x00000000fe900000, 0x00000000fe900000, 0x00000000fea00000|  0%| F|  |TAMS 0x00000000fe900000, 0x00000000fe900000| Untracked 
|  42|0x00000000fea00000, 0x00000000fea00000, 0x00000000feb00000|  0%| F|  |TAMS 0x00000000fea00000, 0x00000000fea00000| Untracked 
|  43|0x00000000feb00000, 0x00000000feb807e0, 0x00000000fec00000| 50%| E|  |TAMS 0x00000000feb00000, 0x00000000feb00000| Complete 
|  44|0x00000000fec00000, 0x00000000fed00000, 0x00000000fed00000|100%| E|CS|TAMS 0x00000000fec00000, 0x00000000fec00000| Complete 
|  45|0x00000000fed00000, 0x00000000fee00000, 0x00000000fee00000|100%| E|CS|TAMS 0x00000000fed00000, 0x00000000fed00000| Complete 
|  46|0x00000000fee00000, 0x00000000fef00000, 0x00000000fef00000|100%| E|CS|TAMS 0x00000000fee00000, 0x00000000fee00000| Complete 
|  47|0x00000000fef00000, 0x00000000ff000000, 0x00000000ff000000|100%| E|CS|TAMS 0x00000000fef00000, 0x00000000fef00000| Complete 
|  48|0x00000000ff000000, 0x00000000ff100000, 0x00000000ff100000|100%| E|CS|TAMS 0x00000000ff000000, 0x00000000ff000000| Complete 
|  49|0x00000000ff100000, 0x00000000ff200000, 0x00000000ff200000|100%| E|CS|TAMS 0x00000000ff100000, 0x00000000ff100000| Complete 
|  50|0x00000000ff200000, 0x00000000ff300000, 0x00000000ff300000|100%| E|CS|TAMS 0x00000000ff200000, 0x00000000ff200000| Complete 
|  51|0x00000000ff300000, 0x00000000ff400000, 0x00000000ff400000|100%| E|CS|TAMS 0x00000000ff300000, 0x00000000ff300000| Complete 
|  52|0x00000000ff400000, 0x00000000ff500000, 0x00000000ff500000|100%| E|CS|TAMS 0x00000000ff400000, 0x00000000ff400000| Complete 
|  53|0x00000000ff500000, 0x00000000ff600000, 0x00000000ff600000|100%| E|CS|TAMS 0x00000000ff500000, 0x00000000ff500000| Complete 
|  54|0x00000000ff600000, 0x00000000ff700000, 0x00000000ff700000|100%| E|CS|TAMS 0x00000000ff600000, 0x00000000ff600000| Complete 
|  55|0x00000000ff700000, 0x00000000ff800000, 0x00000000ff800000|100%| E|CS|TAMS 0x00000000ff700000, 0x00000000ff700000| Complete 
|  56|0x00000000ff800000, 0x00000000ff900000, 0x00000000ff900000|100%| E|CS|TAMS 0x00000000ff800000, 0x00000000ff800000| Complete 
|  57|0x00000000ff900000, 0x00000000ffa00000, 0x00000000ffa00000|100%| E|CS|TAMS 0x00000000ff900000, 0x00000000ff900000| Complete 
|  58|0x00000000ffa00000, 0x00000000ffb00000, 0x00000000ffb00000|100%| E|CS|TAMS 0x00000000ffa00000, 0x00000000ffa00000| Complete 
|  59|0x00000000ffb00000, 0x00000000ffc00000, 0x00000000ffc00000|100%| E|CS|TAMS 0x00000000ffb00000, 0x00000000ffb00000| Complete 
|  60|0x00000000ffc00000, 0x00000000ffd00000, 0x00000000ffd00000|100%| E|CS|TAMS 0x00000000ffc00000, 0x00000000ffc00000| Complete 
|  61|0x00000000ffd00000, 0x00000000ffe00000, 0x00000000ffe00000|100%| E|CS|TAMS 0x00000000ffd00000, 0x00000000ffd00000| Complete 
|  62|0x00000000ffe00000, 0x00000000fff00000, 0x00000000fff00000|100%| E|CS|TAMS 0x00000000ffe00000, 0x00000000ffe00000| Complete 
|  63|0x00000000fff00000, 0x0000000100000000, 0x0000000100000000|100%| E|CS|TAMS 0x00000000fff00000, 0x00000000fff00000| Complete 

Card table byte_map: [0x000001f0327c0000,0x000001f0327e0000] _byte_map_base: 0x000001f031fe0000

Marking Bits (Prev, Next): (CMBitMap*) 0x000001f032888d38, (CMBitMap*) 0x000001f032888d70
 Prev Bits: [0x000001f04a420000, 0x000001f04a520000)
 Next Bits: [0x000001f04a520000, 0x000001f04a620000)

Polling page: 0x000001f032040000

Metaspace:

Usage:
  Non-class:     12.81 MB capacity,    12.65 MB ( 99%) used,   147.02 KB (  1%) free+waste,    21.00 KB ( <1%) overhead. 
      Class:      1.77 MB capacity,     1.65 MB ( 93%) used,   110.48 KB (  6%) free+waste,    10.44 KB ( <1%) overhead. 
       Both:     14.58 MB capacity,    14.29 MB ( 98%) used,   257.50 KB (  2%) free+waste,    31.44 KB ( <1%) overhead. 

Virtual space:
  Non-class space:       14.00 MB reserved,      13.00 MB ( 93%) committed 
      Class space:        1.00 GB reserved,       1.88 MB ( <1%) committed 
             Both:        1.01 GB reserved,      14.88 MB (  1%) committed 

Chunk freelists:
   Non-Class:  128 bytes
       Class:  2.00 KB
        Both:  2.13 KB

CodeHeap 'non-profiled nmethods': size=119168Kb used=498Kb max_used=498Kb free=118670Kb
 bounds [0x000001f042720000, 0x000001f042990000, 0x000001f049b80000]
CodeHeap 'profiled nmethods': size=119168Kb used=2514Kb max_used=2514Kb free=116653Kb
 bounds [0x000001f03b2c0000, 0x000001f03b540000, 0x000001f042720000]
CodeHeap 'non-nmethods': size=7424Kb used=1097Kb max_used=2793Kb free=6326Kb
 bounds [0x000001f03ab80000, 0x000001f03aed0000, 0x000001f03b2c0000]
 total_blobs=2008 nmethods=1288 adapters=321
 compilation: enabled
              stopped_count=0, restarted_count=0
 full_count=0

Compilation events (10 events):
Event: 21.338 Thread 0x000001f04d598800 nmethod 1284 0x000001f03b533490 code [0x000001f03b533640, 0x000001f03b5337f0]
Event: 21.338 Thread 0x000001f04d598800 1277       1       java.net.URI::getRawQuery (5 bytes)
Event: 21.338 Thread 0x000001f04d598800 nmethod 1277 0x000001f042797a10 code [0x000001f042797bc0, 0x000001f042797cd8]
Event: 21.338 Thread 0x000001f04d598800 1285       1       java.net.URI::getRawAuthority (5 bytes)
Event: 21.338 Thread 0x000001f04d598800 nmethod 1285 0x000001f042797d90 code [0x000001f042797f40, 0x000001f042798058]
Event: 21.338 Thread 0x000001f04d598800 1287       3       java.io.File::equals (30 bytes)
Event: 21.339 Thread 0x000001f04d598800 nmethod 1287 0x000001f03b533890 code [0x000001f03b533aa0, 0x000001f03b534150]
Event: 21.339 Thread 0x000001f04d598800 1288       3       java.io.File::compareTo (9 bytes)
Event: 21.339 Thread 0x000001f04d598800 nmethod 1288 0x000001f03b534310 code [0x000001f03b534500, 0x000001f03b534870]
Event: 21.343 Thread 0x000001f04d598800 1289   !   3       java.io.WinNTFileSystem::resolve (362 bytes)

GC Heap History (2 events):
Event: 4.969 GC heap before
{Heap before GC invocations=0 (full 0):
 garbage-first heap   total 65536K, used 27648K [0x00000000fc000000, 0x0000000100000000)
  region size 1024K, 24 young (24576K), 0 survivors (0K)
 Metaspace       used 9702K, capacity 9962K, committed 10112K, reserved 1058816K
  class space    used 974K, capacity 1064K, committed 1152K, reserved 1048576K
}
Event: 5.011 GC heap after
{Heap after GC invocations=1 (full 0):
 garbage-first heap   total 65536K, used 10208K [0x00000000fc000000, 0x0000000100000000)
  region size 1024K, 3 young (3072K), 3 survivors (3072K)
 Metaspace       used 9702K, capacity 9962K, committed 10112K, reserved 1058816K
  class space    used 974K, capacity 1064K, committed 1152K, reserved 1048576K
}

Deoptimization events (10 events):
Event: 5.268 Thread 0x000001f03286c800 Uncommon trap: reason=class_check action=maybe_recompile pc=0x000001f04273e2a4 method=java.util.regex.Matcher.match(II)Z @ 121 c2
Event: 5.268 Thread 0x000001f03286c800 Uncommon trap: reason=class_check action=maybe_recompile pc=0x000001f04273e2a4 method=java.util.regex.Matcher.match(II)Z @ 121 c2
Event: 5.270 Thread 0x000001f03286c800 Uncommon trap: reason=class_check action=maybe_recompile pc=0x000001f04273e2a4 method=java.util.regex.Matcher.match(II)Z @ 121 c2
Event: 5.270 Thread 0x000001f03286c800 Uncommon trap: reason=class_check action=maybe_recompile pc=0x000001f04273e2a4 method=java.util.regex.Matcher.match(II)Z @ 121 c2
Event: 5.284 Thread 0x000001f03286c800 Uncommon trap: reason=unstable_if action=reinterpret pc=0x000001f04276035c method=java.util.HashMap.hash(Ljava/lang/Object;)I @ 1 c2
Event: 6.038 Thread 0x000001f03286c800 Uncommon trap: reason=unstable_if action=reinterpret pc=0x000001f042781aa8 method=java.util.HashMap.getNode(ILjava/lang/Object;)Ljava/util/HashMap$Node; @ 129 c2
Event: 21.192 Thread 0x000001f03286c800 Uncommon trap: reason=bimorphic_or_optimized_type_check action=maybe_recompile pc=0x000001f04276eae0 method=java.util.regex.Pattern$Slice.match(Ljava/util/regex/Matcher;ILjava/lang/CharSequence;)Z @ 75 c2
Event: 21.192 Thread 0x000001f03286c800 Uncommon trap: reason=unstable_if action=reinterpret pc=0x000001f042772480 method=java.lang.AbstractStringBuilder.append(Ljava/lang/String;)Ljava/lang/AbstractStringBuilder; @ 1 c2
Event: 21.193 Thread 0x000001f03286c800 Uncommon trap: reason=unstable_if action=reinterpret pc=0x000001f042756668 method=java.lang.AbstractStringBuilder.append(Ljava/lang/String;)Ljava/lang/AbstractStringBuilder; @ 1 c2
Event: 21.227 Thread 0x000001f03286c800 Uncommon trap: reason=bimorphic_or_optimized_type_check action=maybe_recompile pc=0x000001f04276eae0 method=java.util.regex.Pattern$Slice.match(Ljava/util/regex/Matcher;ILjava/lang/CharSequence;)Z @ 75 c2

Classes redefined (0 events):
No events

Internal exceptions (10 events):
Event: 5.394 Thread 0x000001f03286c800 Exception <a 'java/lang/NoClassDefFoundError'{0x00000000ffed9958}: org/slf4j/impl/StaticMarkerBinder> (0x00000000ffed9958) thrown at [t:/workspace/open/src/hotspot/share/classfile/systemDictionary.cpp, line 220]
Event: 5.421 Thread 0x000001f03286c800 Exception <a 'java/lang/NoSuchMethodError'{0x00000000ffdda218}: java.lang.invoke.DirectMethodHandle$Holder.invokeVirtual(Ljava/lang/Object;Ljava/lang/Object;Ljava/lang/Object;Ljava/lang/Object;Ljava/lang/Object;Ljava/lang/Object;Ljava/lang/Object;)Ljava/l
Event: 5.424 Thread 0x000001f03286c800 Exception <a 'java/lang/NoSuchMethodError'{0x00000000ffdee450}: java.lang.invoke.Invokers$Holder.invoker(Ljava/lang/Object;Ljava/lang/Object;Ljava/lang/Object;)Ljava/lang/Object;> (0x00000000ffdee450) thrown at [t:/workspace/open/src/hotspot/share/interpr
Event: 5.429 Thread 0x000001f03286c800 Exception <a 'java/lang/NoSuchMethodError'{0x00000000ffdff6f0}: java.lang.invoke.DelegatingMethodHandle$Holder.delegate(Ljava/lang/Object;Ljava/lang/Object;ILjava/lang/Object;)V> (0x00000000ffdff6f0) thrown at [t:/workspace/open/src/hotspot/share/interpre
Event: 5.878 Thread 0x000001f03286c800 Exception <a 'java/lang/NoSuchMethodError'{0x00000000ff4edfb8}: java.lang.invoke.DirectMethodHandle$Holder.invokeStaticInit(Ljava/lang/Object;Ljava/lang/Object;Ljava/lang/Object;)Ljava/lang/Object;> (0x00000000ff4edfb8) thrown at [t:/workspace/open/src/ho
Event: 6.084 Thread 0x000001f03286c800 Exception <a 'java/lang/NoSuchMethodError'{0x00000000feffb0b8}: java.lang.invoke.DirectMethodHandle$Holder.invokeStaticInit(Ljava/lang/Object;IIII)Ljava/lang/Object;> (0x00000000feffb0b8) thrown at [t:/workspace/open/src/hotspot/share/interpreter/linkReso
Event: 12.886 Thread 0x000001f03286c800 Exception <a 'java/lang/NoSuchMethodError'{0x00000000feeb99a8}: java.lang.invoke.DirectMethodHandle$Holder.invokeStaticInit(Ljava/lang/Object;Ljava/lang/Object;IIII)Ljava/lang/Object;> (0x00000000feeb99a8) thrown at [t:/workspace/open/src/hotspot/share/in
Event: 21.187 Thread 0x000001f03286c800 Exception <a 'java/lang/NoSuchMethodError'{0x00000000fed83ed8}: java.lang.invoke.DirectMethodHandle$Holder.invokeSpecial(Ljava/lang/Object;Ljava/lang/Object;)V> (0x00000000fed83ed8) thrown at [t:/workspace/open/src/hotspot/share/interpreter/linkResolver.c
Event: 21.192 Thread 0x000001f03286c800 Implicit null exception at 0x000001f042771f74 to 0x000001f042772466
Event: 21.193 Thread 0x000001f03286c800 Implicit null exception at 0x000001f042756174 to 0x000001f04275664e

Events (10 events):
Event: 21.331 Executing VM operation: RevokeBias
Event: 21.331 Executing VM operation: RevokeBias done
Event: 21.331 loading class org/gradle/internal/logging/sink/GroupingProgressLogEventGenerator$OperationState
Event: 21.331 loading class org/gradle/internal/logging/sink/GroupingProgressLogEventGenerator$OperationState done
Event: 21.332 loading class org/gradle/internal/classloader/SystemClassLoaderSpec
Event: 21.332 loading class org/gradle/internal/classloader/SystemClassLoaderSpec done
Event: 21.333 loading class org/gradle/internal/classloader/ClassLoaderSpec
Event: 21.333 loading class org/gradle/internal/classloader/ClassLoaderSpec done
Event: 21.333 loading class org/gradle/internal/classpath/DefaultClassPath$ImmutableUniqueList$Builder
Event: 21.333 loading class org/gradle/internal/classpath/DefaultClassPath$ImmutableUniqueList$Builder done


Dynamic libraries:
0x00007ff7bd660000 - 0x00007ff7bd6a5000 	C:\Users\Asus\AppData\Local\jdk-11.0.2\bin\java.exe
0x00007ffa16c70000 - 0x00007ffa16e87000 	C:\Windows\SYSTEM32\ntdll.dll
0x00007ffa15640000 - 0x00007ffa15704000 	C:\Windows\System32\KERNEL32.DLL
0x00007ffa143d0000 - 0x00007ffa1477c000 	C:\Windows\System32\KERNELBASE.dll
0x00007ffa15890000 - 0x00007ffa15a3e000 	C:\Windows\System32\USER32.dll
0x00007ffa14980000 - 0x00007ffa149a6000 	C:\Windows\System32\win32u.dll
0x00007ffa150a0000 - 0x00007ffa150c9000 	C:\Windows\System32\GDI32.dll
0x00007ffa142b0000 - 0x00007ffa143c9000 	C:\Windows\System32\gdi32full.dll
0x00007ffa148b0000 - 0x00007ffa1494a000 	C:\Windows\System32\msvcp_win.dll
0x00007ffa14020000 - 0x00007ffa14131000 	C:\Windows\System32\ucrtbase.dll
0x00007ffa04420000 - 0x00007ffa046b3000 	C:\Windows\WinSxS\amd64_microsoft.windows.common-controls_6595b64144ccf1df_6.0.22621.3672_none_2713b9d173822955\COMCTL32.dll
0x00007ffa151c0000 - 0x00007ffa15267000 	C:\Windows\System32\msvcrt.dll
0x00007ffa169a0000 - 0x00007ffa169d1000 	C:\Windows\System32\IMM32.DLL
0x00007ff9f87c0000 - 0x00007ff9f87d6000 	C:\Users\Asus\AppData\Local\jdk-11.0.2\bin\vcruntime140.dll
0x00007ff9c49f0000 - 0x00007ff9c4a9a000 	C:\Users\Asus\AppData\Local\jdk-11.0.2\bin\msvcp140.dll
0x00007ff987450000 - 0x00007ff987f73000 	C:\Users\Asus\AppData\Local\jdk-11.0.2\bin\server\jvm.dll
0x00007ffa16b70000 - 0x00007ffa16c22000 	C:\Windows\System32\ADVAPI32.dll
0x00007ffa15510000 - 0x00007ffa155ba000 	C:\Windows\System32\sechost.dll
0x00007ffa14950000 - 0x00007ffa14978000 	C:\Windows\System32\bcrypt.dll
0x00007ffa14ed0000 - 0x00007ffa14fe5000 	C:\Windows\System32\RPCRT4.dll
0x00007ffa15880000 - 0x00007ffa15888000 	C:\Windows\System32\PSAPI.DLL
0x00007ffa0c5a0000 - 0x00007ffa0c5a9000 	C:\Windows\SYSTEM32\WSOCK32.dll
0x00007ffa169f0000 - 0x00007ffa16a61000 	C:\Windows\System32\WS2_32.dll
0x00007ffa063c0000 - 0x00007ffa063f4000 	C:\Windows\SYSTEM32\WINMM.dll
0x00007ffa038d0000 - 0x00007ffa038da000 	C:\Windows\SYSTEM32\VERSION.dll
0x00007ffa12fd0000 - 0x00007ffa12fe8000 	C:\Windows\SYSTEM32\kernel.appcore.dll
0x00007ff9f8620000 - 0x00007ff9f8631000 	C:\Users\Asus\AppData\Local\jdk-11.0.2\bin\verify.dll
0x00007ffa113c0000 - 0x00007ffa115f2000 	C:\Windows\SYSTEM32\DBGHELP.DLL
0x00007ffa14ad0000 - 0x00007ffa14e58000 	C:\Windows\System32\combase.dll
0x00007ffa15270000 - 0x00007ffa15347000 	C:\Windows\System32\OLEAUT32.dll
0x00007ff9fcb00000 - 0x00007ff9fcb32000 	C:\Windows\SYSTEM32\dbgcore.DLL
0x00007ffa13fa0000 - 0x00007ffa1401b000 	C:\Windows\System32\bcryptPrimitives.dll
0x00007ff9f6d50000 - 0x00007ff9f6d78000 	C:\Users\Asus\AppData\Local\jdk-11.0.2\bin\java.dll
0x00007ff9f7e60000 - 0x00007ff9f7e76000 	C:\Users\Asus\AppData\Local\jdk-11.0.2\bin\zip.dll
0x00007ffa0c570000 - 0x00007ffa0c57a000 	C:\Users\Asus\AppData\Local\jdk-11.0.2\bin\jimage.dll
0x00007ffa16140000 - 0x00007ffa1699c000 	C:\Windows\System32\SHELL32.dll
0x00007ffa11ef0000 - 0x00007ffa127e7000 	C:\Windows\SYSTEM32\windows.storage.dll
0x00007ffa11db0000 - 0x00007ffa11eef000 	C:\Windows\SYSTEM32\wintypes.dll
0x00007ffa16a70000 - 0x00007ffa16b64000 	C:\Windows\System32\SHCORE.dll
0x00007ffa15160000 - 0x00007ffa151be000 	C:\Windows\System32\shlwapi.dll
0x00007ffa13ed0000 - 0x00007ffa13ef1000 	C:\Windows\SYSTEM32\profapi.dll
0x00007ff9f7440000 - 0x00007ff9f7459000 	C:\Users\Asus\AppData\Local\jdk-11.0.2\bin\net.dll
0x00007ffa0a320000 - 0x00007ffa0a456000 	C:\Windows\SYSTEM32\WINHTTP.dll
0x00007ffa021b0000 - 0x00007ffa023a0000 	C:\Windows\SYSTEM32\urlmon.dll
0x00007ffa01d00000 - 0x00007ffa01fbe000 	C:\Windows\SYSTEM32\iertutil.dll
0x00007ffa01fc0000 - 0x00007ffa01fe8000 	C:\Windows\SYSTEM32\srvcli.dll
0x00007ffa12a40000 - 0x00007ffa12a4c000 	C:\Windows\SYSTEM32\netutils.dll
0x00007ffa13440000 - 0x00007ffa134a9000 	C:\Windows\system32\mswsock.dll
0x00007ff9e9e70000 - 0x00007ff9e9e83000 	C:\Users\Asus\AppData\Local\jdk-11.0.2\bin\nio.dll
0x00007ff9e9e00000 - 0x00007ff9e9e27000 	C:\Users\Asus\.gradle\native\68d5fa5c4cc2d200863cafc0d521ce42e7d3e7ee720ec0a83991735586a16f82\windows-amd64\native-platform.dll
0x00007ffa038e0000 - 0x00007ffa038e9000 	C:\Users\Asus\AppData\Local\jdk-11.0.2\bin\management.dll
0x00007ffa01cc0000 - 0x00007ffa01ccc000 	C:\Users\Asus\AppData\Local\jdk-11.0.2\bin\management_ext.dll
0x00007ffa136a0000 - 0x00007ffa136bb000 	C:\Windows\SYSTEM32\CRYPTSP.dll
0x00007ffa12f30000 - 0x00007ffa12f65000 	C:\Windows\system32\rsaenh.dll
0x00007ffa13540000 - 0x00007ffa13568000 	C:\Windows\SYSTEM32\USERENV.dll
0x00007ffa136c0000 - 0x00007ffa136cc000 	C:\Windows\SYSTEM32\CRYPTBASE.dll
0x00007ffa12a50000 - 0x00007ffa12a7d000 	C:\Windows\SYSTEM32\IPHLPAPI.DLL
0x00007ffa14ec0000 - 0x00007ffa14ec9000 	C:\Windows\System32\NSI.dll
0x00007ffa0a0b0000 - 0x00007ffa0a0c9000 	C:\Windows\SYSTEM32\dhcpcsvc6.DLL
0x00007ffa0a2b0000 - 0x00007ffa0a2cf000 	C:\Windows\SYSTEM32\dhcpcsvc.DLL
0x00007ffa12ac0000 - 0x00007ffa12bb8000 	C:\Windows\SYSTEM32\DNSAPI.dll

dbghelp: loaded successfully - version: 4.0.5 - missing functions: none
symbol engine: initialized successfully - sym options: 0x614 - pdb path: .;C:\Users\Asus\AppData\Local\jdk-11.0.2\bin;C:\Windows\SYSTEM32;C:\Windows\WinSxS\amd64_microsoft.windows.common-controls_6595b64144ccf1df_6.0.22621.3672_none_2713b9d173822955;C:\Users\Asus\AppData\Local\jdk-11.0.2\bin\server;C:\Users\Asus\.gradle\native\68d5fa5c4cc2d200863cafc0d521ce42e7d3e7ee720ec0a83991735586a16f82\windows-amd64

VM Arguments:
jvm_args: -Xmx64m -Xms64m -Dorg.gradle.appname=gradlew 
java_command: org.gradle.wrapper.GradleWrapperMain tasks
java_class_path (initial): C:\Users\Asus\Desktop\ReactNativeProjects-master\omStoreMain\android\\gradle\wrapper\gradle-wrapper.jar
Launcher Type: SUN_STANDARD

[Global flags]
     intx CICompilerCount                          = 12                                        {product} {ergonomic}
     uint ConcGCThreads                            = 3                                         {product} {ergonomic}
     uint G1ConcRefinementThreads                  = 13                                        {product} {ergonomic}
   size_t G1HeapRegionSize                         = 1048576                                   {product} {ergonomic}
    uintx GCDrainStackTargetSize                   = 64                                        {product} {ergonomic}
   size_t InitialHeapSize                          = 67108864                                  {product} {command line}
   size_t MarkStackSize                            = 4194304                                   {product} {ergonomic}
   size_t MaxHeapSize                              = 67108864                                  {product} {command line}
   size_t MaxNewSize                               = 39845888                                  {product} {ergonomic}
   size_t MinHeapDeltaBytes                        = 1048576                                   {product} {ergonomic}
    uintx NonNMethodCodeHeapSize                   = 7591728                                {pd product} {ergonomic}
    uintx NonProfiledCodeHeapSize                  = 122033256                              {pd product} {ergonomic}
    uintx ProfiledCodeHeapSize                     = 122033256                              {pd product} {ergonomic}
    uintx ReservedCodeCacheSize                    = 251658240                              {pd product} {ergonomic}
     bool SegmentedCodeCache                       = true                                      {product} {ergonomic}
     bool UseCompressedClassPointers               = true                                 {lp64_product} {ergonomic}
     bool UseCompressedOops                        = true                                 {lp64_product} {ergonomic}
     bool UseG1GC                                  = true                                      {product} {ergonomic}
     bool UseLargePagesIndividualAllocation        = false                                  {pd product} {ergonomic}

Logging:
Log output configuration:
 #0: stdout all=warning uptime,level,tags
 #1: stderr all=off uptime,level,tags

Environment Variables:
CLASSPATH=C:\Users\Asus\Desktop\ReactNativeProjects-master\omStoreMain\android\\gradle\wrapper\gradle-wrapper.jar
PATH=C:\Users\Asus\Desktop\ReactNativeProjects-master\omStoreMain\node_modules\.bin;C:\Users\Asus\Desktop\ReactNativeProjects-master\omStoreMain\node_modules\.bin;C:\Users\Asus\Desktop\ReactNativeProjects-master\node_modules\.bin;C:\Users\Asus\Desktop\node_modules\.bin;C:\Users\Asus\node_modules\.bin;C:\Users\node_modules\.bin;C:\node_modules\.bin;C:\Users\Asus\AppData\Roaming\nvm\v18.18.0\node_modules\npm\node_modules\@npmcli\run-script\lib\node-gyp-bin;C:\Users\Asus\Desktop\ReactNativeProjects-master\omStoreMain\node_modules\.bin;C:\Users\Asus\Desktop\ReactNativeProjects-master\node_modules\.bin;C:\Users\Asus\Desktop\node_modules\.bin;C:\Users\Asus\node_modules\.bin;C:\Users\node_modules\.bin;C:\node_modules\.bin;C:\Users\Asus\AppData\Roaming\nvm\v18.18.0\node_modules\npm\node_modules\@npmcli\run-script\lib\node-gyp-bin;C:\Users\Asus\AppData\Local\Android\Sdk;C:\Users\Asus\AppData\Local\Microsoft\WindowsApps;C:\Users\Asus\AppData\Local\Programs\Microsoft VS Code\bin;C:\MinGW\bin;C:\flutter\bin;C:\Users\Asus\AppData\Roaming\nvm;C:\Program Files\nodejs;C:\Users\Asus\AppData\Local\Android\Sdk\cmdline-tools\bin;C:\Users\Asus\AppData\Local\jdk-11.0.2\bin;C:\Users\Asus\AppData\Local\Android\Sdk\tools;
USERNAME=Asus
OS=Windows_NT
PROCESSOR_IDENTIFIER=Intel64 Family 6 Model 154 Stepping 3, GenuineIntel



---------------  S Y S T E M  ---------------

OS: Windows 10 , 64 bit Build 22621 (10.0.22621.3672)

CPU:total 16 (initial active 16) (16 cores per cpu, 1 threads per core) family 6 model 154 stepping 3, cmov, cx8, fxsr, mmx, sse, sse2, sse3, ssse3, sse4.1, sse4.2, popcnt, avx, avx2, aes, clmul, erms, 3dnowpref, lzcnt, tsc, tscinvbit, bmi1, bmi2, adx, sha, fma

Memory: 4k page, system-wide physical 16007M (471M free)
TotalPageFile size 39363M (AvailPageFile size 0M)
current process WorkingSet (physical memory assigned to process): 90M, peak: 94M
current process commit charge ("private bytes"): 174M, peak: 178M

vm_info: OpenJDK 64-Bit Server VM (11.0.2+9) for windows-amd64 JRE (11.0.2+9), built on Jan 18 2019 05:23:22 by "mach5one" with MS VC++ 15.5 (VS2017)

END.
