#
# There is insufficient memory for the Java Runtime Environment to continue.
# Native memory allocation (malloc) failed to allocate 32744 bytes for ChunkPool::allocate
# Possible reasons:
#   The system is out of physical RAM or swap space
#   The process is running with CompressedOops enabled, and the Java Heap may be blocking the growth of the native heap
# Possible solutions:
#   Reduce memory load on the system
#   Increase physical memory or swap space
#   Check if swap backing store is full
#   Decrease Java heap size (-Xmx/-Xms)
#   Decrease number of Java threads
#   Decrease Java thread stack sizes (-Xss)
#   Set larger code cache with -XX:ReservedCodeCacheSize=
#   JVM is running with Unscaled Compressed Oops mode in which the Java heap is
#     placed in the first 4GB address space. The Java Heap base address is the
#     maximum limit for the native heap growth. Please use -XX:HeapBaseMinAddress
#     to set the Java Heap base and to place the Java Heap above 4GB virtual address.
# This output file may be truncated or incomplete.
#
#  Out of Memory Error (t:/workspace/open/src/hotspot/share/memory/arena.cpp:81), pid=13164, tid=16412
#
# JRE version: OpenJDK Runtime Environment (11.0.2+9) (build 11.0.2+9)
# Java VM: OpenJDK 64-Bit Server VM (11.0.2+9, mixed mode, tiered, compressed oops, g1 gc, windows-amd64)
# No core dump will be written. Minidumps are not enabled by default on client versions of Windows
#

---------------  S U M M A R Y ------------

Command Line: -Xmx64m -Xms64m -Dorg.gradle.appname=gradlew org.gradle.wrapper.GradleWrapperMain tasks

Host: AMD A9-9425 RADEON R5, 5 COMPUTE CORES 2C+3G   , 2 cores, 3G,  Windows 10 , 64 bit Build 19041 (10.0.19041.3636)
Time: Wed Dec  6 23:12:15 2023 India Standard Time elapsed time: 19 seconds (0d 0h 0m 19s)

---------------  T H R E A D  ---------------

Current thread (0x000002a2335c0800):  JavaThread "C1 CompilerThread0" daemon [_thread_in_native, id=16412, stack(0x000000d56f700000,0x000000d56f800000)]


Current CompileTask:
C1:  19249  408       3       java.io.InputStream::<init> (5 bytes)

Stack: [0x000000d56f700000,0x000000d56f800000]
Native frames: (J=compiled Java code, j=interpreted, Vv=VM code, C=native code)
V  [jvm.dll+0x63489a]
V  [jvm.dll+0x771f9f]
V  [jvm.dll+0x773648]
V  [jvm.dll+0x773d03]
V  [jvm.dll+0x25eba8]
V  [jvm.dll+0xc23bb]
V  [jvm.dll+0xc271c]
V  [jvm.dll+0x19839a]
V  [jvm.dll+0x15e0f1]
V  [jvm.dll+0x15c22e]
V  [jvm.dll+0x1473d0]
V  [jvm.dll+0x12cd89]
V  [jvm.dll+0x12c689]
V  [jvm.dll+0x12c8bf]
V  [jvm.dll+0x12ba37]
V  [jvm.dll+0x12dad7]
V  [jvm.dll+0x226b3f]
V  [jvm.dll+0x225148]
V  [jvm.dll+0x73774d]
V  [jvm.dll+0x633942]
C  [ucrtbase.dll+0x21bb2]
C  [KERNEL32.DLL+0x17344]
C  [ntdll.dll+0x526b1]


---------------  P R O C E S S  ---------------

Threads class SMR info:
_java_thread_list=0x000002a233603f30, length=10, elements={
0x000002a218ec8000, 0x000002a2333e2000, 0x000002a2333e5000, 0x000002a23344f800,
0x000002a233451000, 0x000002a233454000, 0x000002a2335c0800, 0x000002a233408800,
0x000002a23360b800, 0x000002a233671000
}

Java Threads: ( => current thread )
  0x000002a218ec8000 JavaThread "main" [_thread_blocked, id=10496, stack(0x000000d56ea00000,0x000000d56eb00000)]
  0x000002a2333e2000 JavaThread "Reference Handler" daemon [_thread_blocked, id=16508, stack(0x000000d56f200000,0x000000d56f300000)]
  0x000002a2333e5000 JavaThread "Finalizer" daemon [_thread_blocked, id=16404, stack(0x000000d56f300000,0x000000d56f400000)]
  0x000002a23344f800 JavaThread "Signal Dispatcher" daemon [_thread_blocked, id=15800, stack(0x000000d56f400000,0x000000d56f500000)]
  0x000002a233451000 JavaThread "Attach Listener" daemon [_thread_blocked, id=17128, stack(0x000000d56f500000,0x000000d56f600000)]
  0x000002a233454000 JavaThread "C2 CompilerThread0" daemon [_thread_in_native, id=16568, stack(0x000000d56f600000,0x000000d56f700000)]
=>0x000002a2335c0800 JavaThread "C1 CompilerThread0" daemon [_thread_in_native, id=16412, stack(0x000000d56f700000,0x000000d56f800000)]
  0x000002a233408800 JavaThread "Sweeper thread" daemon [_thread_blocked, id=16208, stack(0x000000d56f800000,0x000000d56f900000)]
  0x000002a23360b800 JavaThread "Service Thread" daemon [_thread_blocked, id=14356, stack(0x000000d56f900000,0x000000d56fa00000)]
  0x000002a233671000 JavaThread "Common-Cleaner" daemon [_thread_blocked, id=5508, stack(0x000000d56fb00000,0x000000d56fc00000)]

Other Threads:
  0x000002a2333bc000 VMThread "VM Thread" [stack: 0x000000d56f100000,0x000000d56f200000] [id=4684]
  0x000002a23362f000 WatcherThread [stack: 0x000000d56fa00000,0x000000d56fb00000] [id=16620]
  0x000002a218ee1000 GCTaskThread "GC Thread#0" [stack: 0x000000d56ec00000,0x000000d56ed00000] [id=1176]
  0x000002a2339ae800 GCTaskThread "GC Thread#1" [stack: 0x000000d56fc00000,0x000000d56fd00000] [id=13192]
  0x000002a218ee6000 ConcurrentGCThread "G1 Main Marker" [stack: 0x000000d56ed00000,0x000000d56ee00000] [id=14120]
  0x000002a218ee7800 ConcurrentGCThread "G1 Conc#0" [stack: 0x000000d56ee00000,0x000000d56ef00000] [id=13464]
  0x000002a218f33800 ConcurrentGCThread "G1 Refine#0" [stack: 0x000000d56ef00000,0x000000d56f000000] [id=16700]
  0x000002a218f34800 ConcurrentGCThread "G1 Young RemSet Sampling" [stack: 0x000000d56f000000,0x000000d56f100000] [id=16704]

Threads with active compile tasks:
C2 CompilerThread0 424       4       java.util.HashMap::putVal (300 bytes)
C1 CompilerThread0 408       3       java.io.InputStream::<init> (5 bytes)

VM state:at safepoint (normal execution)

VM Mutex/Monitor currently owned by a thread:  ([mutex/lock_event])
[0x000002a218ebaec0] Threads_lock - owner thread: 0x000002a2333bc000
[0x000002a218eba9b0] Heap_lock - owner thread: 0x000002a218ec8000

Heap address: 0x00000000fc000000, size: 64 MB, Compressed Oops mode: 32-bit
Narrow klass base: 0x0000000000000000, Narrow klass shift: 3
Compressed class space size: 1073741824 Address: 0x0000000100000000

Heap:
 garbage-first heap   total 65536K, used 1700K [0x00000000fc000000, 0x0000000100000000)
  region size 1024K, 2 young (2048K), 2 survivors (2048K)
 Metaspace       used 7183K, capacity 7289K, committed 7424K, reserved 1064960K
  class space    used 638K, capacity 682K, committed 768K, reserved 1048576K
Heap Regions: E=young(eden), S=young(survivor), O=old, HS=humongous(starts), HC=humongous(continues), CS=collection set, F=free, A=archive, TAMS=top-at-mark-start (previous, next)
|   0|0x00000000fc000000, 0x00000000fc080600, 0x00000000fc100000| 50%| O|  |TAMS 0x00000000fc000000, 0x00000000fc080600| Untracked 
|   1|0x00000000fc100000, 0x00000000fc100000, 0x00000000fc200000|  0%| F|  |TAMS 0x00000000fc100000, 0x00000000fc100000| Untracked 
|   2|0x00000000fc200000, 0x00000000fc200000, 0x00000000fc300000|  0%| F|  |TAMS 0x00000000fc200000, 0x00000000fc200000| Untracked 
|   3|0x00000000fc300000, 0x00000000fc300000, 0x00000000fc400000|  0%| F|  |TAMS 0x00000000fc300000, 0x00000000fc300000| Untracked 
|   4|0x00000000fc400000, 0x00000000fc400000, 0x00000000fc500000|  0%| F|  |TAMS 0x00000000fc400000, 0x00000000fc400000| Untracked 
|   5|0x00000000fc500000, 0x00000000fc500000, 0x00000000fc600000|  0%| F|  |TAMS 0x00000000fc500000, 0x00000000fc500000| Untracked 
|   6|0x00000000fc600000, 0x00000000fc600000, 0x00000000fc700000|  0%| F|  |TAMS 0x00000000fc600000, 0x00000000fc600000| Untracked 
|   7|0x00000000fc700000, 0x00000000fc700000, 0x00000000fc800000|  0%| F|  |TAMS 0x00000000fc700000, 0x00000000fc700000| Untracked 
|   8|0x00000000fc800000, 0x00000000fc800000, 0x00000000fc900000|  0%| F|  |TAMS 0x00000000fc800000, 0x00000000fc800000| Untracked 
|   9|0x00000000fc900000, 0x00000000fc900000, 0x00000000fca00000|  0%| F|  |TAMS 0x00000000fc900000, 0x00000000fc900000| Untracked 
|  10|0x00000000fca00000, 0x00000000fca00000, 0x00000000fcb00000|  0%| F|  |TAMS 0x00000000fca00000, 0x00000000fca00000| Untracked 
|  11|0x00000000fcb00000, 0x00000000fcb00000, 0x00000000fcc00000|  0%| F|  |TAMS 0x00000000fcb00000, 0x00000000fcb00000| Untracked 
|  12|0x00000000fcc00000, 0x00000000fcc00000, 0x00000000fcd00000|  0%| F|  |TAMS 0x00000000fcc00000, 0x00000000fcc00000| Untracked 
|  13|0x00000000fcd00000, 0x00000000fcd00000, 0x00000000fce00000|  0%| F|  |TAMS 0x00000000fcd00000, 0x00000000fcd00000| Untracked 
|  14|0x00000000fce00000, 0x00000000fce00000, 0x00000000fcf00000|  0%| F|  |TAMS 0x00000000fce00000, 0x00000000fce00000| Untracked 
|  15|0x00000000fcf00000, 0x00000000fcf00000, 0x00000000fd000000|  0%| F|  |TAMS 0x00000000fcf00000, 0x00000000fcf00000| Untracked 
|  16|0x00000000fd000000, 0x00000000fd000000, 0x00000000fd100000|  0%| F|  |TAMS 0x00000000fd000000, 0x00000000fd000000| Untracked 
|  17|0x00000000fd100000, 0x00000000fd100000, 0x00000000fd200000|  0%| F|  |TAMS 0x00000000fd100000, 0x00000000fd100000| Untracked 
|  18|0x00000000fd200000, 0x00000000fd200000, 0x00000000fd300000|  0%| F|  |TAMS 0x00000000fd200000, 0x00000000fd200000| Untracked 
|  19|0x00000000fd300000, 0x00000000fd300000, 0x00000000fd400000|  0%| F|  |TAMS 0x00000000fd300000, 0x00000000fd300000| Untracked 
|  20|0x00000000fd400000, 0x00000000fd400000, 0x00000000fd500000|  0%| F|  |TAMS 0x00000000fd400000, 0x00000000fd400000| Untracked 
|  21|0x00000000fd500000, 0x00000000fd500000, 0x00000000fd600000|  0%| F|  |TAMS 0x00000000fd500000, 0x00000000fd500000| Untracked 
|  22|0x00000000fd600000, 0x00000000fd600000, 0x00000000fd700000|  0%| F|  |TAMS 0x00000000fd600000, 0x00000000fd600000| Untracked 
|  23|0x00000000fd700000, 0x00000000fd700000, 0x00000000fd800000|  0%| F|  |TAMS 0x00000000fd700000, 0x00000000fd700000| Untracked 
|  24|0x00000000fd800000, 0x00000000fd800000, 0x00000000fd900000|  0%| F|  |TAMS 0x00000000fd800000, 0x00000000fd800000| Untracked 
|  25|0x00000000fd900000, 0x00000000fd900000, 0x00000000fda00000|  0%| F|  |TAMS 0x00000000fd900000, 0x00000000fd900000| Untracked 
|  26|0x00000000fda00000, 0x00000000fda00000, 0x00000000fdb00000|  0%| F|  |TAMS 0x00000000fda00000, 0x00000000fda00000| Untracked 
|  27|0x00000000fdb00000, 0x00000000fdb00000, 0x00000000fdc00000|  0%| F|  |TAMS 0x00000000fdb00000, 0x00000000fdb00000| Untracked 
|  28|0x00000000fdc00000, 0x00000000fdc00000, 0x00000000fdd00000|  0%| F|  |TAMS 0x00000000fdc00000, 0x00000000fdc00000| Untracked 
|  29|0x00000000fdd00000, 0x00000000fdd00000, 0x00000000fde00000|  0%| F|  |TAMS 0x00000000fdd00000, 0x00000000fdd00000| Untracked 
|  30|0x00000000fde00000, 0x00000000fde00000, 0x00000000fdf00000|  0%| F|  |TAMS 0x00000000fde00000, 0x00000000fde00000| Untracked 
|  31|0x00000000fdf00000, 0x00000000fdf00000, 0x00000000fe000000|  0%| F|  |TAMS 0x00000000fdf00000, 0x00000000fdf00000| Untracked 
|  32|0x00000000fe000000, 0x00000000fe000000, 0x00000000fe100000|  0%| F|  |TAMS 0x00000000fe000000, 0x00000000fe000000| Untracked 
|  33|0x00000000fe100000, 0x00000000fe100000, 0x00000000fe200000|  0%| F|  |TAMS 0x00000000fe100000, 0x00000000fe100000| Untracked 
|  34|0x00000000fe200000, 0x00000000fe200000, 0x00000000fe300000|  0%| F|  |TAMS 0x00000000fe200000, 0x00000000fe200000| Untracked 
|  35|0x00000000fe300000, 0x00000000fe300000, 0x00000000fe400000|  0%| F|  |TAMS 0x00000000fe300000, 0x00000000fe300000| Untracked 
|  36|0x00000000fe400000, 0x00000000fe400000, 0x00000000fe500000|  0%| F|  |TAMS 0x00000000fe400000, 0x00000000fe400000| Untracked 
|  37|0x00000000fe500000, 0x00000000fe500000, 0x00000000fe600000|  0%| F|  |TAMS 0x00000000fe500000, 0x00000000fe500000| Untracked 
|  38|0x00000000fe600000, 0x00000000fe600000, 0x00000000fe700000|  0%| F|  |TAMS 0x00000000fe600000, 0x00000000fe600000| Untracked 
|  39|0x00000000fe700000, 0x00000000fe700000, 0x00000000fe800000|  0%| F|  |TAMS 0x00000000fe700000, 0x00000000fe700000| Untracked 
|  40|0x00000000fe800000, 0x00000000fe800000, 0x00000000fe900000|  0%| F|  |TAMS 0x00000000fe800000, 0x00000000fe800000| Untracked 
|  41|0x00000000fe900000, 0x00000000fe900000, 0x00000000fea00000|  0%| F|  |TAMS 0x00000000fe900000, 0x00000000fe900000| Untracked 
|  42|0x00000000fea00000, 0x00000000fea00000, 0x00000000feb00000|  0%| F|  |TAMS 0x00000000fea00000, 0x00000000fea00000| Untracked 
|  43|0x00000000feb00000, 0x00000000feb00000, 0x00000000fec00000|  0%| F|  |TAMS 0x00000000feb00000, 0x00000000feb00000| Untracked 
|  44|0x00000000fec00000, 0x00000000fec00000, 0x00000000fed00000|  0%| F|  |TAMS 0x00000000fec00000, 0x00000000fec00000| Untracked 
|  45|0x00000000fed00000, 0x00000000fed00000, 0x00000000fee00000|  0%| F|  |TAMS 0x00000000fed00000, 0x00000000fed00000| Untracked 
|  46|0x00000000fee00000, 0x00000000fee00000, 0x00000000fef00000|  0%| F|  |TAMS 0x00000000fee00000, 0x00000000fee00000| Untracked 
|  47|0x00000000fef00000, 0x00000000fef00000, 0x00000000ff000000|  0%| F|  |TAMS 0x00000000fef00000, 0x00000000fef00000| Untracked 
|  48|0x00000000ff000000, 0x00000000ff000000, 0x00000000ff100000|  0%| F|  |TAMS 0x00000000ff000000, 0x00000000ff000000| Untracked 
|  49|0x00000000ff100000, 0x00000000ff100000, 0x00000000ff200000|  0%| F|  |TAMS 0x00000000ff100000, 0x00000000ff100000| Untracked 
|  50|0x00000000ff200000, 0x00000000ff200000, 0x00000000ff300000|  0%| F|  |TAMS 0x00000000ff200000, 0x00000000ff200000| Untracked 
|  51|0x00000000ff300000, 0x00000000ff300000, 0x00000000ff400000|  0%| F|  |TAMS 0x00000000ff300000, 0x00000000ff300000| Untracked 
|  52|0x00000000ff400000, 0x00000000ff400000, 0x00000000ff500000|  0%| F|  |TAMS 0x00000000ff400000, 0x00000000ff400000| Untracked 
|  53|0x00000000ff500000, 0x00000000ff500000, 0x00000000ff600000|  0%| F|  |TAMS 0x00000000ff500000, 0x00000000ff500000| Untracked 
|  54|0x00000000ff600000, 0x00000000ff600000, 0x00000000ff700000|  0%| F|  |TAMS 0x00000000ff600000, 0x00000000ff600000| Untracked 
|  55|0x00000000ff700000, 0x00000000ff700000, 0x00000000ff800000|  0%| F|  |TAMS 0x00000000ff700000, 0x00000000ff700000| Untracked 
|  56|0x00000000ff800000, 0x00000000ff800000, 0x00000000ff900000|  0%| F|  |TAMS 0x00000000ff800000, 0x00000000ff800000| Untracked 
|  57|0x00000000ff900000, 0x00000000ff900000, 0x00000000ffa00000|  0%| F|  |TAMS 0x00000000ff900000, 0x00000000ff900000| Untracked 
|  58|0x00000000ffa00000, 0x00000000ffa28c08, 0x00000000ffb00000| 15%| S|CS|TAMS 0x00000000ffa00000, 0x00000000ffa00000| Complete 
|  59|0x00000000ffb00000, 0x00000000ffc00000, 0x00000000ffc00000|100%| S|CS|TAMS 0x00000000ffb00000, 0x00000000ffb00000| Complete 
|  60|0x00000000ffc00000, 0x00000000ffc00000, 0x00000000ffd00000|  0%| F|  |TAMS 0x00000000ffc00000, 0x00000000ffc00000| Untracked 
|  61|0x00000000ffd00000, 0x00000000ffd00000, 0x00000000ffe00000|  0%| F|  |TAMS 0x00000000ffd00000, 0x00000000ffd00000| Untracked 
|  62|0x00000000ffe00000, 0x00000000ffe00000, 0x00000000fff00000|  0%| F|  |TAMS 0x00000000ffe00000, 0x00000000ffe00000| Untracked 
|  63|0x00000000fff00000, 0x00000000fff00000, 0x0000000100000000|  0%| F|  |TAMS 0x00000000fff00000, 0x00000000fff00000| Untracked 

Card table byte_map: [0x000002a230630000,0x000002a230650000] _byte_map_base: 0x000002a22fe50000

Marking Bits (Prev, Next): (CMBitMap*) 0x000002a218ee4dd8, (CMBitMap*) 0x000002a218ee4e10
 Prev Bits: [0x000002a230670000, 0x000002a230770000)
 Next Bits: [0x000002a230770000, 0x000002a230870000)

Polling page: 0x000002a2175f0000

Metaspace:

Usage:
  Non-class:      6.45 MB capacity,     6.39 MB (>99%) used,    56.95 KB ( <1%) free+waste,     5.13 KB ( <1%) overhead. 
      Class:    682.00 KB capacity,   638.35 KB ( 94%) used,    41.21 KB (  6%) free+waste,     2.44 KB ( <1%) overhead. 
       Both:      7.12 MB capacity,     7.01 MB ( 99%) used,    98.16 KB (  1%) free+waste,     7.56 KB ( <1%) overhead. 

Virtual space:
  Non-class space:       16.00 MB reserved,       6.50 MB ( 41%) committed 
      Class space:        1.00 GB reserved,     768.00 KB ( <1%) committed 
             Both:        1.02 GB reserved,       7.25 MB ( <1%) committed 

Chunk freelists:
   Non-Class:  6.13 KB
       Class:  0 bytes
        Both:  6.13 KB

CodeHeap 'non-profiled nmethods': size=120064Kb used=138Kb max_used=138Kb free=119926Kb
 bounds [0x000002a228cd0000, 0x000002a228f40000, 0x000002a230210000]
CodeHeap 'profiled nmethods': size=120000Kb used=680Kb max_used=680Kb free=119319Kb
 bounds [0x000002a2217a0000, 0x000002a221a10000, 0x000002a228cd0000]
CodeHeap 'non-nmethods': size=5696Kb used=1060Kb max_used=1074Kb free=4635Kb
 bounds [0x000002a221210000, 0x000002a221480000, 0x000002a2217a0000]
 total_blobs=902 nmethods=410 adapters=263
 compilation: enabled
              stopped_count=0, restarted_count=0
 full_count=0

Compilation events (10 events):
Event: 17.135 Thread 0x000002a233454000  403       4       java.lang.String::<init> (74 bytes)
Event: 17.136 Thread 0x000002a2335c0800  404   !   3       jdk.internal.ref.PhantomCleanable::remove (60 bytes)
Event: 17.136 Thread 0x000002a2335c0800 nmethod 404 0x000002a221848b10 code [0x000002a221848ce0, 0x000002a2218491f8]
Event: 17.140 Thread 0x000002a233454000 nmethod 403 0x000002a228cef610 code [0x000002a228cef7c0, 0x000002a228cefbb8]
Event: 18.265 Thread 0x000002a2335c0800  405       3       java.lang.ref.Cleaner::register (25 bytes)
Event: 18.265 Thread 0x000002a2335c0800 nmethod 405 0x000002a221849390 code [0x000002a2218495a0, 0x000002a221849b30]
Event: 18.266 Thread 0x000002a2335c0800  406       3       java.util.HashMap::tableSizeFor (32 bytes)
Event: 18.267 Thread 0x000002a2335c0800 nmethod 406 0x000002a221849d90 code [0x000002a221849f60, 0x000002a22184a1b0]
Event: 18.416 Thread 0x000002a233454000  407       4       java.io.WinNTFileSystem::resolve (275 bytes)
Event: 18.423 Thread 0x000002a2335c0800  408       3       java.io.InputStream::<init> (5 bytes)

GC Heap History (2 events):
Event: 13.979 GC heap before
{Heap before GC invocations=0 (full 0):
 garbage-first heap   total 65536K, used 7168K [0x00000000fc000000, 0x0000000100000000)
  region size 1024K, 7 young (7168K), 0 survivors (0K)
 Metaspace       used 7074K, capacity 7225K, committed 7424K, reserved 1056768K
  class space    used 629K, capacity 682K, committed 768K, reserved 1048576K
}
Event: 14.009 GC heap after
{Heap after GC invocations=1 (full 0):
 garbage-first heap   total 65536K, used 1537K [0x00000000fc000000, 0x0000000100000000)
  region size 1024K, 1 young (1024K), 1 survivors (1024K)
 Metaspace       used 7074K, capacity 7225K, committed 7424K, reserved 1056768K
  class space    used 629K, capacity 682K, committed 768K, reserved 1048576K
}

Deoptimization events (0 events):
No events

Classes redefined (0 events):
No events

Internal exceptions (3 events):
Event: 8.486 Thread 0x000002a218ec8000 Exception <a 'java/lang/NoSuchMethodError'{0x00000000ffc09c58}: java.lang.invoke.DirectMethodHandle$Holder.invokeStaticInit(Ljava/lang/Object;Ljava/lang/Object;)I> (0x00000000ffc09c58) thrown at [t:/workspace/open/src/hotspot/share/interpreter/linkResolve
Event: 10.775 Thread 0x000002a218ec8000 Exception <a 'java/lang/NoSuchMethodError'{0x00000000ffcdec88}: java.lang.invoke.DirectMethodHandle$Holder.invokeSpecial(Ljava/lang/Object;Ljava/lang/Object;Ljava/lang/Object;Ljava/lang/Object;)I> (0x00000000ffcdec88) thrown at [t:/workspace/open/src/hots
Event: 10.839 Thread 0x000002a218ec8000 Exception <a 'java/lang/NoSuchMethodError'{0x00000000ffb178c8}: java.lang.invoke.DirectMethodHandle$Holder.invokeSpecialIFC(Ljava/lang/Object;Ljava/lang/Object;I)I> (0x00000000ffb178c8) thrown at [t:/workspace/open/src/hotspot/share/interpreter/linkResolv

Events (10 events):
Event: 14.010 Executing VM operation: RevokeBias
Event: 14.010 Executing VM operation: RevokeBias done
Event: 14.010 Executing VM operation: RevokeBias
Event: 14.010 Executing VM operation: RevokeBias done
Event: 14.010 Executing VM operation: RevokeBias
Event: 14.011 Executing VM operation: RevokeBias done
Event: 14.011 Executing VM operation: RevokeBias
Event: 14.011 Executing VM operation: RevokeBias done
Event: 14.011 Executing VM operation: RevokeBias
Event: 14.011 Executing VM operation: RevokeBias done


Dynamic libraries:
0x00007ff644b90000 - 0x00007ff644bd5000 	C:\Users\rishi\AppData\Local\jdk-11.0.2\bin\java.exe
0x00007fff93390000 - 0x00007fff93588000 	C:\Windows\SYSTEM32\ntdll.dll
0x00007fff91820000 - 0x00007fff918dd000 	C:\Windows\System32\KERNEL32.DLL
0x00007fff90bd0000 - 0x00007fff90ec6000 	C:\Windows\System32\KERNELBASE.dll
0x00007fff92ac0000 - 0x00007fff92c5e000 	C:\Windows\System32\USER32.dll
0x00007fff90b30000 - 0x00007fff90b52000 	C:\Windows\System32\win32u.dll
0x00007fff920e0000 - 0x00007fff9210c000 	C:\Windows\System32\GDI32.dll
0x00007fff91020000 - 0x00007fff9113a000 	C:\Windows\System32\gdi32full.dll
0x00007fff90f80000 - 0x00007fff9101d000 	C:\Windows\System32\msvcp_win.dll
0x00007fff912f0000 - 0x00007fff913f0000 	C:\Windows\System32\ucrtbase.dll
0x00007fff77fc0000 - 0x00007fff7825a000 	C:\Windows\WinSxS\amd64_microsoft.windows.common-controls_6595b64144ccf1df_6.0.19041.3636_none_60b6a03d71f818d5\COMCTL32.dll
0x00007fff91e90000 - 0x00007fff91f2e000 	C:\Windows\System32\msvcrt.dll
0x00007fff918e0000 - 0x00007fff91910000 	C:\Windows\System32\IMM32.DLL
0x00007fff7df00000 - 0x00007fff7df16000 	C:\Users\rishi\AppData\Local\jdk-11.0.2\bin\vcruntime140.dll
0x00007fff45180000 - 0x00007fff4522a000 	C:\Users\rishi\AppData\Local\jdk-11.0.2\bin\msvcp140.dll
0x00007fff29b40000 - 0x00007fff2a663000 	C:\Users\rishi\AppData\Local\jdk-11.0.2\bin\server\jvm.dll
0x00007fff91a70000 - 0x00007fff91b1f000 	C:\Windows\System32\ADVAPI32.dll
0x00007fff91520000 - 0x00007fff915bc000 	C:\Windows\System32\sechost.dll
0x00007fff93210000 - 0x00007fff93336000 	C:\Windows\System32\RPCRT4.dll
0x00007fff91b20000 - 0x00007fff91b28000 	C:\Windows\System32\PSAPI.DLL
0x00007fff374d0000 - 0x00007fff374d9000 	C:\Windows\SYSTEM32\WSOCK32.dll
0x00007fff92c60000 - 0x00007fff92ccb000 	C:\Windows\System32\WS2_32.dll
0x00007fff87750000 - 0x00007fff87777000 	C:\Windows\SYSTEM32\WINMM.dll
0x00007fff87780000 - 0x00007fff8778a000 	C:\Windows\SYSTEM32\VERSION.dll
0x00007fff8f2a0000 - 0x00007fff8f2b2000 	C:\Windows\SYSTEM32\kernel.appcore.dll
0x00007fff78450000 - 0x00007fff78461000 	C:\Users\rishi\AppData\Local\jdk-11.0.2\bin\verify.dll
0x00007fff8f080000 - 0x00007fff8f264000 	C:\Windows\SYSTEM32\DBGHELP.DLL
0x00007fff7be40000 - 0x00007fff7be74000 	C:\Windows\SYSTEM32\dbgcore.DLL
0x00007fff90aa0000 - 0x00007fff90b22000 	C:\Windows\System32\bcryptPrimitives.dll
0x00007fff78420000 - 0x00007fff78448000 	C:\Users\rishi\AppData\Local\jdk-11.0.2\bin\java.dll
0x00007fff78400000 - 0x00007fff78416000 	C:\Users\rishi\AppData\Local\jdk-11.0.2\bin\zip.dll
0x00007fff887a0000 - 0x00007fff887aa000 	C:\Users\rishi\AppData\Local\jdk-11.0.2\bin\jimage.dll
0x00007fff92140000 - 0x00007fff92884000 	C:\Windows\System32\SHELL32.dll
0x00007fff8e820000 - 0x00007fff8efbb000 	C:\Windows\SYSTEM32\windows.storage.dll
0x00007fff91b30000 - 0x00007fff91e84000 	C:\Windows\System32\combase.dll
0x00007fff90440000 - 0x00007fff9046d000 	C:\Windows\SYSTEM32\Wldp.dll
0x00007fff92890000 - 0x00007fff9293d000 	C:\Windows\System32\SHCORE.dll
0x00007fff929a0000 - 0x00007fff929f5000 	C:\Windows\System32\shlwapi.dll
0x00007fff909a0000 - 0x00007fff909c5000 	C:\Windows\SYSTEM32\profapi.dll
0x00007fff776d0000 - 0x00007fff776e9000 	C:\Users\rishi\AppData\Local\jdk-11.0.2\bin\net.dll
0x00007fff84cc0000 - 0x00007fff84dca000 	C:\Windows\SYSTEM32\WINHTTP.dll
0x00007fff7f860000 - 0x00007fff7fa4d000 	C:\Windows\SYSTEM32\urlmon.dll
0x00007fff7f5a0000 - 0x00007fff7f85c000 	C:\Windows\SYSTEM32\iertutil.dll
0x00007fff7f570000 - 0x00007fff7f598000 	C:\Windows\SYSTEM32\srvcli.dll
0x00007fff8ff40000 - 0x00007fff8ff4c000 	C:\Windows\SYSTEM32\netutils.dll
0x00007fff90140000 - 0x00007fff901aa000 	C:\Windows\system32\mswsock.dll
0x00007fff57020000 - 0x00007fff57033000 	C:\Users\rishi\AppData\Local\jdk-11.0.2\bin\nio.dll

dbghelp: loaded successfully - version: 4.0.5 - missing functions: none
symbol engine: initialized successfully - sym options: 0x614 - pdb path: .;C:\Users\rishi\AppData\Local\jdk-11.0.2\bin;C:\Windows\SYSTEM32;C:\Windows\WinSxS\amd64_microsoft.windows.common-controls_6595b64144ccf1df_6.0.19041.3636_none_60b6a03d71f818d5;C:\Users\rishi\AppData\Local\jdk-11.0.2\bin\server

VM Arguments:
jvm_args: -Xmx64m -Xms64m -Dorg.gradle.appname=gradlew 
java_command: org.gradle.wrapper.GradleWrapperMain tasks
java_class_path (initial): C:\Users\rishi\Desktop\OmStoreMain\omStoreMain\android\\gradle\wrapper\gradle-wrapper.jar
Launcher Type: SUN_STANDARD

[Global flags]
     intx CICompilerCount                          = 2                                         {product} {ergonomic}
     uint ConcGCThreads                            = 1                                         {product} {ergonomic}
     uint G1ConcRefinementThreads                  = 2                                         {product} {ergonomic}
   size_t G1HeapRegionSize                         = 1048576                                   {product} {ergonomic}
    uintx GCDrainStackTargetSize                   = 64                                        {product} {ergonomic}
   size_t InitialHeapSize                          = 67108864                                  {product} {command line}
   size_t MarkStackSize                            = 4194304                                   {product} {ergonomic}
   size_t MaxHeapSize                              = 67108864                                  {product} {command line}
   size_t MaxNewSize                               = 39845888                                  {product} {ergonomic}
   size_t MinHeapDeltaBytes                        = 1048576                                   {product} {ergonomic}
    uintx NonNMethodCodeHeapSize                   = 5824844                                {pd product} {ergonomic}
    uintx NonProfiledCodeHeapSize                  = 122916698                              {pd product} {ergonomic}
    uintx ProfiledCodeHeapSize                     = 122916698                              {pd product} {ergonomic}
    uintx ReservedCodeCacheSize                    = 251658240                              {pd product} {ergonomic}
     bool SegmentedCodeCache                       = true                                      {product} {ergonomic}
     bool UseCompressedClassPointers               = true                                 {lp64_product} {ergonomic}
     bool UseCompressedOops                        = true                                 {lp64_product} {ergonomic}
     bool UseG1GC                                  = true                                      {product} {ergonomic}
     bool UseLargePagesIndividualAllocation        = false                                  {pd product} {ergonomic}

Logging:
Log output configuration:
 #0: stdout all=warning uptime,level,tags
 #1: stderr all=off uptime,level,tags

Environment Variables:
JAVA_HOME=C:\Users\rishi\AppData\Local\jdk-11.0.2
CLASSPATH=C:\Users\rishi\Desktop\OmStoreMain\omStoreMain\android\\gradle\wrapper\gradle-wrapper.jar
PATH=C:\Users\rishi\Desktop\OmStoreMain\omStoreMain\node_modules\.bin;C:\Users\rishi\Desktop\OmStoreMain\omStoreMain\node_modules\.bin;C:\Users\rishi\Desktop\OmStoreMain\node_modules\.bin;C:\Users\rishi\Desktop\node_modules\.bin;C:\Users\rishi\node_modules\.bin;C:\Users\node_modules\.bin;C:\node_modules\.bin;C:\Users\rishi\AppData\Roaming\npm\node_modules\npm\node_modules\@npmcli\run-script\lib\node-gyp-bin;C:\Users\rishi\Desktop\OmStoreMain\omStoreMain\node_modules\.bin;C:\Users\rishi\Desktop\OmStoreMain\node_modules\.bin;C:\Users\rishi\Desktop\node_modules\.bin;C:\Users\rishi\node_modules\.bin;C:\Users\node_modules\.bin;C:\node_modules\.bin;C:\Users\rishi\AppData\Roaming\npm\node_modules\npm\node_modules\@npmcli\run-script\lib\node-gyp-bin;C:\Program Files (x86)\Common Files\Oracle\Java\javapath;C:\Program Files (x86)\NVIDIA Corporation\PhysX\Common;C:\Windows\system32;C:\Windows;C:\Windows\System32\Wbem;C:\Windows\System32\WindowsPowerShell\v1.0\;C:\Windows\System32\OpenSSH\;C:\Program Files (x86)\Windows Kits\8.1\Windows Performance Toolkit\;C:\MinGW\bin;C:\Program Files\nodejs\;C:\Users\rishi\AppData\Local\Android\Sdk;C:\Users\rishi\AppData\Local\Android\Sdk\cmdline-tools\bin;C:\Users\rishi\AppData\Local\Android\Sdk\platform-tools;C:\Users\rishi\AppData\Local\Android\Sdk\tools;C:\Users\rishi\AppData\Local\jdk-11.0.2\bin;C:\Users\rishi\AppData\Local\Android\Sdk\tools;C:\Users\rishi\AppData\Local\jdk-11.0.2\bin;C:\Users\rishi\AppData\Local\Android\Sdk\tools;C:\Users\rishi\AppData\Local\jdk-11.0.2\bin;C:\Users\rishi\AppData\Local\Programs\Python\Python38\Scripts\;C:\Users\rishi\AppData\Local\Programs\Python\Python38\;C:\Users\rishi\AppData\Local\Programs\Python\Launcher\;C:\Program Files\MySQL\MySQL Shell 8.0\bin\;C:\Users\rishi\AppData\Local\Microsoft\WindowsApps;C:\MinGW\bin;C:\Users\rishi\AppData\Local\Programs\Microsoft VS Code\bin;C:\Users\rishi\AppData\Roaming\npm;C:\Users\rishi\AppData\Local\Android\Sdk;C:\Users\rishi\AppData\Local\Android\Sdk\cmdline-tools\bi
USERNAME=rishi
OS=Windows_NT
PROCESSOR_IDENTIFIER=AMD64 Family 21 Model 112 Stepping 0, AuthenticAMD



---------------  S Y S T E M  ---------------

OS: Windows 10 , 64 bit Build 19041 (10.0.19041.3636)

CPU:total 2 (initial active 2) (2 cores per cpu, 1 threads per core) family 21 model 112 stepping 0, cmov, cx8, fxsr, mmx, sse, sse2, sse3, ssse3, sse4.1, sse4.2, popcnt, avx, avx2, aes, clmul, mmxext, 3dnowpref, lzcnt, sse4a, tsc, tscinvbit, tscinv, bmi1, bmi2, fma

Memory: 4k page, system-wide physical 3977M (236M free)
TotalPageFile size 16265M (AvailPageFile size 0M)
current process WorkingSet (physical memory assigned to process): 43M, peak: 44M
current process commit charge ("private bytes"): 129M, peak: 131M

vm_info: OpenJDK 64-Bit Server VM (11.0.2+9) for windows-amd64 JRE (11.0.2+9), built on Jan 18 2019 05:23:22 by "mach5one" with MS VC++ 15.5 (VS2017)

END.
